#
# There is insufficient memory for the Java Runtime Environment to continue.
# Native memory allocation (mmap) failed to map 73400320 bytes for committing reserved memory.
# Possible reasons:
#   The system is out of physical RAM or swap space
#   In 32 bit mode, the process size limit was hit
# Possible solutions:
#   Reduce memory load on the system
#   Increase physical memory or swap space
#   Check if swap backing store is full
#   Use 64 bit Java on a 64 bit OS
#   Decrease Java heap size (-Xmx/-Xms)
#   Decrease number of Java threads
#   Decrease Java thread stack sizes (-Xss)
#   Set larger code cache with -XX:ReservedCodeCacheSize=
# This output file may be truncated or incomplete.
#
#  Out of Memory Error (os_linux.cpp:2627), pid=5824, tid=140302647129856
#
# JRE version: Java(TM) SE Runtime Environment (8.0_91-b14) (build 1.8.0_91-b14)
# Java VM: Java HotSpot(TM) 64-Bit Server VM (25.91-b14 mixed mode linux-amd64 compressed oops)
# Failed to write core dump. Core dumps have been disabled. To enable core dumping, try "ulimit -c unlimited" before starting Java again
#

---------------  T H R E A D  ---------------

Current thread (0x00007f9ad4078000):  VMThread [stack: 0x00007f9ac1617000,0x00007f9ac1718000] [id=5833]

Stack: [0x00007f9ac1617000,0x00007f9ac1718000],  sp=0x00007f9ac1716120,  free space=1020k
Native frames: (J=compiled Java code, j=interpreted, Vv=VM code, C=native code)
V  [libjvm.so+0xabc18a]  VMError::report_and_die()+0x2ba
V  [libjvm.so+0x4fafeb]  report_vm_out_of_memory(char const*, int, unsigned long, VMErrorType, char const*)+0x8b
V  [libjvm.so+0x91cbb3]  os::Linux::commit_memory_impl(char*, unsigned long, bool)+0x103
V  [libjvm.so+0x91d109]  os::pd_commit_memory(char*, unsigned long, unsigned long, bool)+0x29
V  [libjvm.so+0x91740a]  os::commit_memory(char*, unsigned long, unsigned long, bool)+0x2a
V  [libjvm.so+0x98b033]  PSVirtualSpace::expand_by(unsigned long)+0x53
V  [libjvm.so+0x98c438]  PSYoungGen::resize_generation(unsigned long, unsigned long)+0xf8
V  [libjvm.so+0x98b592]  PSYoungGen::resize(unsigned long, unsigned long)+0x22
V  [libjvm.so+0x98886b]  PSScavenge::invoke_no_policy()+0xf3b
V  [libjvm.so+0x988ff1]  PSScavenge::invoke()+0x41
V  [libjvm.so+0x9408b0]  ParallelScavengeHeap::failed_mem_allocate(unsigned long)+0x70
V  [libjvm.so+0xabdba7]  VM_ParallelGCFailedAllocation::doit()+0x97
V  [libjvm.so+0xac55d5]  VM_Operation::evaluate()+0x55
V  [libjvm.so+0xac39aa]  VMThread::evaluate_operation(VM_Operation*)+0xba
V  [libjvm.so+0xac3d2e]  VMThread::loop()+0x1ce
V  [libjvm.so+0xac41a0]  VMThread::run()+0x70
V  [libjvm.so+0x91ef78]  java_start(Thread*)+0x108

VM_Operation (0x00007f9adbde7880): ParallelGCFailedAllocation, mode: safepoint, requested by thread 0x00007f9ad400a000


---------------  P R O C E S S  ---------------

Java Threads: ( => current thread )
  0x00007f9ad40c0000 JavaThread "Service Thread" daemon [_thread_blocked, id=5840, stack(0x00007f9ac0c38000,0x00007f9ac0d39000)]
  0x00007f9ad40bd000 JavaThread "C1 CompilerThread2" daemon [_thread_blocked, id=5839, stack(0x00007f9ac0d39000,0x00007f9ac0e3a000)]
  0x00007f9ad40bb800 JavaThread "C2 CompilerThread1" daemon [_thread_blocked, id=5838, stack(0x00007f9ac0e3a000,0x00007f9ac0f3b000)]
  0x00007f9ad40b8800 JavaThread "C2 CompilerThread0" daemon [_thread_blocked, id=5837, stack(0x00007f9ac0f3b000,0x00007f9ac103c000)]
  0x00007f9ad40b7000 JavaThread "Signal Dispatcher" daemon [_thread_blocked, id=5836, stack(0x00007f9ac103c000,0x00007f9ac113d000)]
  0x00007f9ad4084000 JavaThread "Finalizer" daemon [_thread_blocked, id=5835, stack(0x00007f9ac1415000,0x00007f9ac1516000)]
  0x00007f9ad407f800 JavaThread "Reference Handler" daemon [_thread_blocked, id=5834, stack(0x00007f9ac1516000,0x00007f9ac1617000)]
  0x00007f9ad400a000 JavaThread "main" [_thread_blocked, id=5826, stack(0x00007f9adbce9000,0x00007f9adbdea000)]

Other Threads:
=>0x00007f9ad4078000 VMThread [stack: 0x00007f9ac1617000,0x00007f9ac1718000] [id=5833]
  0x00007f9ad40c3000 WatcherThread [stack: 0x00007f9ac0b37000,0x00007f9ac0c38000] [id=5841]

VM state:at safepoint (normal execution)

VM Mutex/Monitor currently owned by a thread:  ([mutex/lock_event])
[0x00007f9ad40065b0] Threads_lock - owner thread: 0x00007f9ad4078000
[0x00007f9ad4006ab0] Heap_lock - owner thread: 0x00007f9ad400a000

Heap:
 PSYoungGen      total 70656K, used 7659K [0x00000000eab00000, 0x00000000ef800000, 0x0000000100000000)
  eden space 62976K, 0% used [0x00000000eab00000,0x00000000eab00000,0x00000000ee880000)
  from space 7680K, 99% used [0x00000000ee880000,0x00000000eeffaee8,0x00000000ef000000)
  to   space 7168K, 0% used [0x00000000ef000000,0x00000000ef000000,0x00000000ef700000)
 ParOldGen       total 42496K, used 21043K [0x00000000c0000000, 0x00000000c2980000, 0x00000000eab00000)
  object space 42496K, 49% used [0x00000000c0000000,0x00000000c148cc10,0x00000000c2980000)
 Metaspace       used 5977K, capacity 7088K, committed 7296K, reserved 1056768K
  class space    used 575K, capacity 616K, committed 640K, reserved 1048576K

Card table byte_map: [0x00007f9ad889b000,0x00007f9ad8a9c000] byte_map_base: 0x00007f9ad829b000

Marking Bits: (ParMarkBitMap*) 0x00007f9adb1b9d60
 Begin Bits: [0x00007f9ac3000000, 0x00007f9ac4000000)
 End Bits:   [0x00007f9ac4000000, 0x00007f9ac5000000)

Polling page: 0x00007f9adbe08000

CodeCache: size=245760Kb used=6797Kb max_used=6803Kb free=238962Kb
 bounds [0x00007f9ac5000000, 0x00007f9ac56b0000, 0x00007f9ad4000000]
 total_blobs=1860 nmethods=1596 adapters=178
 compilation: enabled

Compilation events (10 events):
Event: 8.401 Thread 0x00007f9ad40b8800 nmethod 1627 0x00007f9ac56699d0 code [0x00007f9ac5669b20, 0x00007f9ac5669cf8]
Event: 8.401 Thread 0x00007f9ad40b8800 1647   !   4       com.android.dx.cf.code.BytecodeArray::parseInstruction (2764 bytes)
Event: 8.491 Thread 0x00007f9ad40bd000 1651       2       com.android.dx.rop.code.Insn$BaseVisitor::visitThrowingInsn (1 bytes)
Event: 8.491 Thread 0x00007f9ad40bd000 nmethod 1651 0x00007f9ac566c910 code [0x00007f9ac566ca60, 0x00007f9ac566cbb0]
Event: 8.491 Thread 0x00007f9ad40bd000 1652       2       com.android.dx.dex.code.RopTranslator$LocalVariableAwareTranslationVisitor::visitThrowingInsn (11 bytes)
Event: 8.492 Thread 0x00007f9ad40bd000 nmethod 1652 0x00007f9ac566bed0 code [0x00007f9ac566c0a0, 0x00007f9ac566c498]
Event: 8.498 Thread 0x00007f9ad40bd000 1653       1       com.android.dx.rop.cst.CstType::getType (4 bytes)
Event: 8.498 Thread 0x00007f9ad40bd000 nmethod 1653 0x00007f9ac566bc10 code [0x00007f9ac566bd60, 0x00007f9ac566be70]
Event: 8.498 Thread 0x00007f9ad40bd000 1654       2       com.android.dx.ssa.back.FirstFitLocalCombiningAllocator::access$100 (5 bytes)
Event: 8.498 Thread 0x00007f9ad40bd000 nmethod 1654 0x00007f9ac566b8d0 code [0x00007f9ac566ba20, 0x00007f9ac566bb70]

GC Heap History (10 events):
Event: 3.909 GC heap after
Heap after GC invocations=2 (full 0):
 PSYoungGen      total 18432K, used 2551K [0x00000000eab00000, 0x00000000ecf00000, 0x0000000100000000)
  eden space 15872K, 0% used [0x00000000eab00000,0x00000000eab00000,0x00000000eba80000)
  from space 2560K, 99% used [0x00000000ebd00000,0x00000000ebf7dc00,0x00000000ebf80000)
  to   space 2560K, 0% used [0x00000000eba80000,0x00000000eba80000,0x00000000ebd00000)
 ParOldGen       total 42496K, used 4063K [0x00000000c0000000, 0x00000000c2980000, 0x00000000eab00000)
  object space 42496K, 9% used [0x00000000c0000000,0x00000000c03f7fb0,0x00000000c2980000)
 Metaspace       used 5695K, capacity 6960K, committed 7040K, reserved 1056768K
  class space    used 555K, capacity 616K, committed 640K, reserved 1048576K
}
Event: 4.530 GC heap before
{Heap before GC invocations=3 (full 0):
 PSYoungGen      total 18432K, used 18423K [0x00000000eab00000, 0x00000000ecf00000, 0x0000000100000000)
  eden space 15872K, 100% used [0x00000000eab00000,0x00000000eba80000,0x00000000eba80000)
  from space 2560K, 99% used [0x00000000ebd00000,0x00000000ebf7dc00,0x00000000ebf80000)
  to   space 2560K, 0% used [0x00000000eba80000,0x00000000eba80000,0x00000000ebd00000)
 ParOldGen       total 42496K, used 4063K [0x00000000c0000000, 0x00000000c2980000, 0x00000000eab00000)
  object space 42496K, 9% used [0x00000000c0000000,0x00000000c03f7fb0,0x00000000c2980000)
 Metaspace       used 5760K, capacity 7024K, committed 7296K, reserved 1056768K
  class space    used 555K, capacity 616K, committed 640K, reserved 1048576K
Event: 4.562 GC heap after
Heap after GC invocations=3 (full 0):
 PSYoungGen      total 18432K, used 2548K [0x00000000eab00000, 0x00000000ecf00000, 0x0000000100000000)
  eden space 15872K, 0% used [0x00000000eab00000,0x00000000eab00000,0x00000000eba80000)
  from space 2560K, 99% used [0x00000000eba80000,0x00000000ebcfd110,0x00000000ebd00000)
  to   space 2560K, 0% used [0x00000000ecc80000,0x00000000ecc80000,0x00000000ecf00000)
 ParOldGen       total 42496K, used 6268K [0x00000000c0000000, 0x00000000c2980000, 0x00000000eab00000)
  object space 42496K, 14% used [0x00000000c0000000,0x00000000c061f078,0x00000000c2980000)
 Metaspace       used 5760K, capacity 7024K, committed 7296K, reserved 1056768K
  class space    used 555K, capacity 616K, committed 640K, reserved 1048576K
}
Event: 4.918 GC heap before
{Heap before GC invocations=4 (full 0):
 PSYoungGen      total 18432K, used 18420K [0x00000000eab00000, 0x00000000ecf00000, 0x0000000100000000)
  eden space 15872K, 100% used [0x00000000eab00000,0x00000000eba80000,0x00000000eba80000)
  from space 2560K, 99% used [0x00000000eba80000,0x00000000ebcfd110,0x00000000ebd00000)
  to   space 2560K, 0% used [0x00000000ecc80000,0x00000000ecc80000,0x00000000ecf00000)
 ParOldGen       total 42496K, used 6268K [0x00000000c0000000, 0x00000000c2980000, 0x00000000eab00000)
  object space 42496K, 14% used [0x00000000c0000000,0x00000000c061f078,0x00000000c2980000)
 Metaspace       used 5775K, capacity 7024K, committed 7296K, reserved 1056768K
  class space    used 555K, capacity 616K, committed 640K, reserved 1048576K
Event: 4.956 GC heap after
Heap after GC invocations=4 (full 0):
 PSYoungGen      total 34304K, used 2531K [0x00000000eab00000, 0x00000000ecf00000, 0x0000000100000000)
  eden space 31744K, 0% used [0x00000000eab00000,0x00000000eab00000,0x00000000eca00000)
  from space 2560K, 98% used [0x00000000ecc80000,0x00000000ecef8c70,0x00000000ecf00000)
  to   space 2560K, 0% used [0x00000000eca00000,0x00000000eca00000,0x00000000ecc80000)
 ParOldGen       total 42496K, used 8216K [0x00000000c0000000, 0x00000000c2980000, 0x00000000eab00000)
  object space 42496K, 19% used [0x00000000c0000000,0x00000000c0806120,0x00000000c2980000)
 Metaspace       used 5775K, capacity 7024K, committed 7296K, reserved 1056768K
  class space    used 555K, capacity 616K, committed 640K, reserved 1048576K
}
Event: 5.774 GC heap before
{Heap before GC invocations=5 (full 0):
 PSYoungGen      total 34304K, used 34275K [0x00000000eab00000, 0x00000000ecf00000, 0x0000000100000000)
  eden space 31744K, 100% used [0x00000000eab00000,0x00000000eca00000,0x00000000eca00000)
  from space 2560K, 98% used [0x00000000ecc80000,0x00000000ecef8c70,0x00000000ecf00000)
  to   space 2560K, 0% used [0x00000000eca00000,0x00000000eca00000,0x00000000ecc80000)
 ParOldGen       total 42496K, used 8216K [0x00000000c0000000, 0x00000000c2980000, 0x00000000eab00000)
  object space 42496K, 19% used [0x00000000c0000000,0x00000000c0806120,0x00000000c2980000)
 Metaspace       used 5924K, capacity 7088K, committed 7296K, reserved 1056768K
  class space    used 575K, capacity 616K, committed 640K, reserved 1048576K
Event: 5.842 GC heap after
Heap after GC invocations=5 (full 0):
 PSYoungGen      total 34304K, used 2559K [0x00000000eab00000, 0x00000000ef700000, 0x0000000100000000)
  eden space 31744K, 0% used [0x00000000eab00000,0x00000000eab00000,0x00000000eca00000)
  from space 2560K, 99% used [0x00000000eca00000,0x00000000ecc7ffe8,0x00000000ecc80000)
  to   space 7168K, 0% used [0x00000000ef000000,0x00000000ef000000,0x00000000ef700000)
 ParOldGen       total 42496K, used 13056K [0x00000000c0000000, 0x00000000c2980000, 0x00000000eab00000)
  object space 42496K, 30% used [0x00000000c0000000,0x00000000c0cc02f0,0x00000000c2980000)
 Metaspace       used 5924K, capacity 7088K, committed 7296K, reserved 1056768K
  class space    used 575K, capacity 616K, committed 640K, reserved 1048576K
}
Event: 6.657 GC heap before
{Heap before GC invocations=6 (full 0):
 PSYoungGen      total 34304K, used 34303K [0x00000000eab00000, 0x00000000ef700000, 0x0000000100000000)
  eden space 31744K, 100% used [0x00000000eab00000,0x00000000eca00000,0x00000000eca00000)
  from space 2560K, 99% used [0x00000000eca00000,0x00000000ecc7ffe8,0x00000000ecc80000)
  to   space 7168K, 0% used [0x00000000ef000000,0x00000000ef000000,0x00000000ef700000)
 ParOldGen       total 42496K, used 13056K [0x00000000c0000000, 0x00000000c2980000, 0x00000000eab00000)
  object space 42496K, 30% used [0x00000000c0000000,0x00000000c0cc02f0,0x00000000c2980000)
 Metaspace       used 5959K, capacity 7088K, committed 7296K, reserved 1056768K
  class space    used 575K, capacity 616K, committed 640K, reserved 1048576K
Event: 6.707 GC heap after
Heap after GC invocations=6 (full 0):
 PSYoungGen      total 70144K, used 6552K [0x00000000eab00000, 0x00000000ef800000, 0x0000000100000000)
  eden space 62976K, 0% used [0x00000000eab00000,0x00000000eab00000,0x00000000ee880000)
  from space 7168K, 91% used [0x00000000ef000000,0x00000000ef666008,0x00000000ef700000)
  to   space 7680K, 0% used [0x00000000ee880000,0x00000000ee880000,0x00000000ef000000)
 ParOldGen       total 42496K, used 13064K [0x00000000c0000000, 0x00000000c2980000, 0x00000000eab00000)
  object space 42496K, 30% used [0x00000000c0000000,0x00000000c0cc22f0,0x00000000c2980000)
 Metaspace       used 5959K, capacity 7088K, committed 7296K, reserved 1056768K
  class space    used 575K, capacity 616K, committed 640K, reserved 1048576K
}
Event: 8.690 GC heap before
{Heap before GC invocations=7 (full 0):
 PSYoungGen      total 70144K, used 69528K [0x00000000eab00000, 0x00000000ef800000, 0x0000000100000000)
  eden space 62976K, 100% used [0x00000000eab00000,0x00000000ee880000,0x00000000ee880000)
  from space 7168K, 91% used [0x00000000ef000000,0x00000000ef666008,0x00000000ef700000)
  to   space 7680K, 0% used [0x00000000ee880000,0x00000000ee880000,0x00000000ef000000)
 ParOldGen       total 42496K, used 13064K [0x00000000c0000000, 0x00000000c2980000, 0x00000000eab00000)
  object space 42496K, 30% used [0x00000000c0000000,0x00000000c0cc22f0,0x00000000c2980000)
 Metaspace       used 5977K, capacity 7088K, committed 7296K, reserved 1056768K
  class space    used 575K, capacity 616K, committed 640K, reserved 1048576K

Deoptimization events (10 events):
Event: 6.338 Thread 0x00007f9ad400a000 Uncommon trap: reason=bimorphic action=maybe_recompile pc=0x00007f9ac5613408 method=com.android.dx.rop.code.RegisterSpec.withSimpleType()Lcom/android/dx/rop/code/RegisterSpec; @ 21
Event: 6.377 Thread 0x00007f9ad400a000 Uncommon trap: reason=bimorphic action=maybe_recompile pc=0x00007f9ac5613408 method=com.android.dx.rop.code.RegisterSpec.withSimpleType()Lcom/android/dx/rop/code/RegisterSpec; @ 21
Event: 6.437 Thread 0x00007f9ad400a000 Uncommon trap: reason=bimorphic action=maybe_recompile pc=0x00007f9ac56268d8 method=com.android.dx.cf.code.BytecodeArray.parseInstruction(ILcom/android/dx/cf/code/BytecodeArray$Visitor;)I @ 971
Event: 6.437 Thread 0x00007f9ad400a000 Uncommon trap: reason=bimorphic action=maybe_recompile pc=0x00007f9ac56268d8 method=com.android.dx.cf.code.BytecodeArray.parseInstruction(ILcom/android/dx/cf/code/BytecodeArray$Visitor;)I @ 971
Event: 6.438 Thread 0x00007f9ad400a000 Uncommon trap: reason=bimorphic action=maybe_recompile pc=0x00007f9ac56268d8 method=com.android.dx.cf.code.BytecodeArray.parseInstruction(ILcom/android/dx/cf/code/BytecodeArray$Visitor;)I @ 971
Event: 6.438 Thread 0x00007f9ad400a000 Uncommon trap: reason=bimorphic action=maybe_recompile pc=0x00007f9ac56268d8 method=com.android.dx.cf.code.BytecodeArray.parseInstruction(ILcom/android/dx/cf/code/BytecodeArray$Visitor;)I @ 971
Event: 6.466 Thread 0x00007f9ad400a000 Uncommon trap: reason=bimorphic action=maybe_recompile pc=0x00007f9ac5613408 method=com.android.dx.rop.code.RegisterSpec.withSimpleType()Lcom/android/dx/rop/code/RegisterSpec; @ 21
Event: 6.519 Thread 0x00007f9ad400a000 Uncommon trap: reason=bimorphic action=maybe_recompile pc=0x00007f9ac5613408 method=com.android.dx.rop.code.RegisterSpec.withSimpleType()Lcom/android/dx/rop/code/RegisterSpec; @ 21
Event: 8.118 Thread 0x00007f9ad400a000 Uncommon trap: reason=bimorphic action=maybe_recompile pc=0x00007f9ac5691bb4 method=com.android.dx.cf.code.BytecodeArray.parseInstruction(ILcom/android/dx/cf/code/BytecodeArray$Visitor;)I @ 1130
Event: 8.118 Thread 0x00007f9ad400a000 Uncommon trap: reason=bimorphic action=maybe_recompile pc=0x00007f9ac5691bb4 method=com.android.dx.cf.code.BytecodeArray.parseInstruction(ILcom/android/dx/cf/code/BytecodeArray$Visitor;)I @ 1130

Internal exceptions (5 events):
Event: 0.157 Thread 0x00007f9ad400a000 Exception <a 'java/lang/NoSuchMethodError': Method sun.misc.Unsafe.defineClass(Ljava/lang/String;[BII)Ljava/lang/Class; name or signature does not match> (0x00000000eab07cc0) thrown at [/HUDSON/workspace/8-2-build-linux-amd64/jdk8u91/6644/hotspot/src/shar
Event: 0.157 Thread 0x00007f9ad400a000 Exception <a 'java/lang/NoSuchMethodError': Method sun.misc.Unsafe.prefetchRead(Ljava/lang/Object;J)V name or signature does not match> (0x00000000eab07fa8) thrown at [/HUDSON/workspace/8-2-build-linux-amd64/jdk8u91/6644/hotspot/src/share/vm/prims/jni.cpp
Event: 5.757 Thread 0x00007f9ad400a000 Exception <a 'java/lang/ArrayIndexOutOfBoundsException': 18> (0x00000000ec9c0358) thrown at [/HUDSON/workspace/8-2-build-linux-amd64/jdk8u91/6644/hotspot/src/share/vm/interpreter/interpreterRuntime.cpp, line 366]
Event: 5.760 Thread 0x00007f9ad400a000 Exception <a 'java/lang/ArrayIndexOutOfBoundsException'> (0x00000000ec9c1ed8) thrown at [/HUDSON/workspace/8-2-build-linux-amd64/jdk8u91/6644/hotspot/src/share/vm/runtime/sharedRuntime.cpp, line 605]
Event: 5.761 Thread 0x00007f9ad400a000 Exception <a 'java/lang/ArrayIndexOutOfBoundsException'> (0x00000000ec9c31c0) thrown at [/HUDSON/workspace/8-2-build-linux-amd64/jdk8u91/6644/hotspot/src/share/vm/runtime/sharedRuntime.cpp, line 605]

Events (10 events):
Event: 6.519 Thread 0x00007f9ad400a000 DEOPT UNPACKING pc=0x00007f9ac5005229 sp=0x00007f9adbde7c08 mode 2
Event: 6.657 Executing VM operation: ParallelGCFailedAllocation
Event: 6.707 Executing VM operation: ParallelGCFailedAllocation done
Event: 8.075 Thread 0x00007f9ad400a000 Uncommon trap: trap_request=0xffffffc6 fr.pc=0x00007f9ac5691bb4
Event: 8.118 Thread 0x00007f9ad400a000 DEOPT PACKING pc=0x00007f9ac5691bb4 sp=0x00007f9adbde7a60
Event: 8.118 Thread 0x00007f9ad400a000 DEOPT UNPACKING pc=0x00007f9ac5005229 sp=0x00007f9adbde7a28 mode 2
Event: 8.118 Thread 0x00007f9ad400a000 Uncommon trap: trap_request=0xffffffc6 fr.pc=0x00007f9ac5691bb4
Event: 8.118 Thread 0x00007f9ad400a000 DEOPT PACKING pc=0x00007f9ac5691bb4 sp=0x00007f9adbde78c0
Event: 8.118 Thread 0x00007f9ad400a000 DEOPT UNPACKING pc=0x00007f9ac5005229 sp=0x00007f9adbde7888 mode 2
Event: 8.525 Executing VM operation: ParallelGCFailedAllocation


Dynamic libraries:
00400000-00401000 r-xp 00000000 08:04 924979                             /usr/lib/jvm/java-8-oracle/bin/java
00600000-00601000 rw-p 00000000 08:04 924979                             /usr/lib/jvm/java-8-oracle/bin/java
00c5a000-00c7b000 rw-p 00000000 00:00 0                                  [heap]
c0000000-c2980000 rw-p 00000000 00:00 0 
c2980000-eab00000 ---p 00000000 00:00 0 
eab00000-ef800000 rw-p 00000000 00:00 0 
f3e00000-100000000 ---p 00000000 00:00 0 
100000000-1000a0000 rw-p 00000000 00:00 0 
1000a0000-140000000 ---p 00000000 00:00 0 
7f9a8c000000-7f9a8c021000 rw-p 00000000 00:00 0 
7f9a8c021000-7f9a90000000 ---p 00000000 00:00 0 
7f9a90000000-7f9a90021000 rw-p 00000000 00:00 0 
7f9a90021000-7f9a94000000 ---p 00000000 00:00 0 
7f9a94000000-7f9a94f36000 rw-p 00000000 00:00 0 
7f9a94f36000-7f9a98000000 ---p 00000000 00:00 0 
7f9a98000000-7f9a98913000 rw-p 00000000 00:00 0 
7f9a98913000-7f9a9c000000 ---p 00000000 00:00 0 
7f9a9c000000-7f9a9c021000 rw-p 00000000 00:00 0 
7f9a9c021000-7f9aa0000000 ---p 00000000 00:00 0 
7f9aa0000000-7f9aa125b000 rw-p 00000000 00:00 0 
7f9aa125b000-7f9aa4000000 ---p 00000000 00:00 0 
7f9aa4000000-7f9aa4021000 rw-p 00000000 00:00 0 
7f9aa4021000-7f9aa8000000 ---p 00000000 00:00 0 
7f9aa8000000-7f9aa8021000 rw-p 00000000 00:00 0 
7f9aa8021000-7f9aac000000 ---p 00000000 00:00 0 
7f9aac000000-7f9aac021000 rw-p 00000000 00:00 0 
7f9aac021000-7f9ab0000000 ---p 00000000 00:00 0 
7f9ab0000000-7f9ab028d000 rw-p 00000000 00:00 0 
7f9ab028d000-7f9ab4000000 ---p 00000000 00:00 0 
7f9ab4000000-7f9ab4021000 rw-p 00000000 00:00 0 
7f9ab4021000-7f9ab8000000 ---p 00000000 00:00 0 
7f9ab8000000-7f9ab8021000 rw-p 00000000 00:00 0 
7f9ab8021000-7f9abc000000 ---p 00000000 00:00 0 
7f9abc000000-7f9abc021000 rw-p 00000000 00:00 0 
7f9abc021000-7f9ac0000000 ---p 00000000 00:00 0 
7f9ac0b37000-7f9ac0b38000 ---p 00000000 00:00 0 
7f9ac0b38000-7f9ac0c38000 rw-p 00000000 00:00 0 
7f9ac0c38000-7f9ac0c3b000 ---p 00000000 00:00 0 
7f9ac0c3b000-7f9ac0d39000 rw-p 00000000 00:00 0 
7f9ac0d39000-7f9ac0d3c000 ---p 00000000 00:00 0 
7f9ac0d3c000-7f9ac0e3a000 rw-p 00000000 00:00 0 
7f9ac0e3a000-7f9ac0e3d000 ---p 00000000 00:00 0 
7f9ac0e3d000-7f9ac0f3b000 rw-p 00000000 00:00 0 
7f9ac0f3b000-7f9ac0f3e000 ---p 00000000 00:00 0 
7f9ac0f3e000-7f9ac103c000 rw-p 00000000 00:00 0 
7f9ac103c000-7f9ac103f000 ---p 00000000 00:00 0 
7f9ac103f000-7f9ac113d000 rw-p 00000000 00:00 0 
7f9ac113d000-7f9ac1415000 r--p 00000000 08:04 655380                     /usr/lib/locale/locale-archive
7f9ac1415000-7f9ac1418000 ---p 00000000 00:00 0 
7f9ac1418000-7f9ac1516000 rw-p 00000000 00:00 0 
7f9ac1516000-7f9ac1519000 ---p 00000000 00:00 0 
7f9ac1519000-7f9ac1617000 rw-p 00000000 00:00 0 
7f9ac1617000-7f9ac1618000 ---p 00000000 00:00 0 
7f9ac1618000-7f9ac2627000 rw-p 00000000 00:00 0 
7f9ac2627000-7f9ac2800000 r--s 03d1f000 08:04 1711330                    /usr/lib/jvm/java-8-oracle/jre/lib/rt.jar
7f9ac2800000-7f9ac2e80000 rw-p 00000000 00:00 0 
7f9ac2e80000-7f9ac3000000 ---p 00000000 00:00 0 
7f9ac3000000-7f9ac5000000 rw-p 00000000 00:00 0 
7f9ac5000000-7f9ac56b0000 rwxp 00000000 00:00 0 
7f9ac56b0000-7f9ad4000000 ---p 00000000 00:00 0 
7f9ad4000000-7f9ad4389000 rw-p 00000000 00:00 0 
7f9ad4389000-7f9ad8000000 ---p 00000000 00:00 0 
7f9ad8010000-7f9ad8019000 r--s 00073000 08:04 1582629                    /home/akanksha/Documents/AndroidStudioProjects/Sunshine-Version-2-1.01_hello_world/app/build/intermediates/exploded-aar/com.android.support/appcompat-v7/21.0.2/jars/classes.jar
7f9ad8019000-7f9ad8341000 rw-p 00000000 00:00 0 
7f9ad8341000-7f9ad8342000 ---p 00000000 00:00 0 
7f9ad8342000-7f9ad8442000 rw-p 00000000 00:00 0 
7f9ad8442000-7f9ad8443000 ---p 00000000 00:00 0 
7f9ad8443000-7f9ad8543000 rw-p 00000000 00:00 0 
7f9ad8543000-7f9ad8544000 ---p 00000000 00:00 0 
7f9ad8544000-7f9ad8644000 rw-p 00000000 00:00 0 
7f9ad8644000-7f9ad8645000 ---p 00000000 00:00 0 
7f9ad8645000-7f9ad875a000 rw-p 00000000 00:00 0 
7f9ad875a000-7f9ad889b000 ---p 00000000 00:00 0 
7f9ad889b000-7f9ad88b0000 rw-p 00000000 00:00 0 
7f9ad88b0000-7f9ad89f0000 ---p 00000000 00:00 0 
7f9ad89f0000-7f9ad8a17000 rw-p 00000000 00:00 0 
7f9ad8a17000-7f9ad8a9b000 ---p 00000000 00:00 0 
7f9ad8a9b000-7f9ad8ab7000 rw-p 00000000 00:00 0 
7f9ad8ab7000-7f9ad8e5c000 ---p 00000000 00:00 0 
7f9ad8e5c000-7f9ad8e76000 r-xp 00000000 08:04 3017933                    /usr/lib/jvm/java-8-oracle/jre/lib/amd64/libzip.so
7f9ad8e76000-7f9ad9076000 ---p 0001a000 08:04 3017933                    /usr/lib/jvm/java-8-oracle/jre/lib/amd64/libzip.so
7f9ad9076000-7f9ad9077000 rw-p 0001a000 08:04 3017933                    /usr/lib/jvm/java-8-oracle/jre/lib/amd64/libzip.so
7f9ad9077000-7f9ad9082000 r-xp 00000000 08:04 5898423                    /lib/x86_64-linux-gnu/libnss_files-2.23.so
7f9ad9082000-7f9ad9281000 ---p 0000b000 08:04 5898423                    /lib/x86_64-linux-gnu/libnss_files-2.23.so
7f9ad9281000-7f9ad9282000 r--p 0000a000 08:04 5898423                    /lib/x86_64-linux-gnu/libnss_files-2.23.so
7f9ad9282000-7f9ad9283000 rw-p 0000b000 08:04 5898423                    /lib/x86_64-linux-gnu/libnss_files-2.23.so
7f9ad9283000-7f9ad9289000 rw-p 00000000 00:00 0 
7f9ad9289000-7f9ad9294000 r-xp 00000000 08:04 5898420                    /lib/x86_64-linux-gnu/libnss_nis-2.23.so
7f9ad9294000-7f9ad9493000 ---p 0000b000 08:04 5898420                    /lib/x86_64-linux-gnu/libnss_nis-2.23.so
7f9ad9493000-7f9ad9494000 r--p 0000a000 08:04 5898420                    /lib/x86_64-linux-gnu/libnss_nis-2.23.so
7f9ad9494000-7f9ad9495000 rw-p 0000b000 08:04 5898420                    /lib/x86_64-linux-gnu/libnss_nis-2.23.so
7f9ad9495000-7f9ad94ab000 r-xp 00000000 08:04 5898418                    /lib/x86_64-linux-gnu/libnsl-2.23.so
7f9ad94ab000-7f9ad96aa000 ---p 00016000 08:04 5898418                    /lib/x86_64-linux-gnu/libnsl-2.23.so
7f9ad96aa000-7f9ad96ab000 r--p 00015000 08:04 5898418                    /lib/x86_64-linux-gnu/libnsl-2.23.so
7f9ad96ab000-7f9ad96ac000 rw-p 00016000 08:04 5898418                    /lib/x86_64-linux-gnu/libnsl-2.23.so
7f9ad96ac000-7f9ad96ae000 rw-p 00000000 00:00 0 
7f9ad96ae000-7f9ad96b6000 r-xp 00000000 08:04 5898416                    /lib/x86_64-linux-gnu/libnss_compat-2.23.so
7f9ad96b6000-7f9ad98b5000 ---p 00008000 08:04 5898416                    /lib/x86_64-linux-gnu/libnss_compat-2.23.so
7f9ad98b5000-7f9ad98b6000 r--p 00007000 08:04 5898416                    /lib/x86_64-linux-gnu/libnss_compat-2.23.so
7f9ad98b6000-7f9ad98b7000 rw-p 00008000 08:04 5898416                    /lib/x86_64-linux-gnu/libnss_compat-2.23.so
7f9ad98b7000-7f9ad98e1000 r-xp 00000000 08:04 3017928                    /usr/lib/jvm/java-8-oracle/jre/lib/amd64/libjava.so
7f9ad98e1000-7f9ad9ae1000 ---p 0002a000 08:04 3017928                    /usr/lib/jvm/java-8-oracle/jre/lib/amd64/libjava.so
7f9ad9ae1000-7f9ad9ae3000 rw-p 0002a000 08:04 3017928                    /usr/lib/jvm/java-8-oracle/jre/lib/amd64/libjava.so
7f9ad9ae3000-7f9ad9af0000 r-xp 00000000 08:04 3017932                    /usr/lib/jvm/java-8-oracle/jre/lib/amd64/libverify.so
7f9ad9af0000-7f9ad9cf0000 ---p 0000d000 08:04 3017932                    /usr/lib/jvm/java-8-oracle/jre/lib/amd64/libverify.so
7f9ad9cf0000-7f9ad9cf2000 rw-p 0000d000 08:04 3017932                    /usr/lib/jvm/java-8-oracle/jre/lib/amd64/libverify.so
7f9ad9cf2000-7f9ad9cf9000 r-xp 00000000 08:04 5898432                    /lib/x86_64-linux-gnu/librt-2.23.so
7f9ad9cf9000-7f9ad9ef8000 ---p 00007000 08:04 5898432                    /lib/x86_64-linux-gnu/librt-2.23.so
7f9ad9ef8000-7f9ad9ef9000 r--p 00006000 08:04 5898432                    /lib/x86_64-linux-gnu/librt-2.23.so
7f9ad9ef9000-7f9ad9efa000 rw-p 00007000 08:04 5898432                    /lib/x86_64-linux-gnu/librt-2.23.so
7f9ad9efa000-7f9ada002000 r-xp 00000000 08:04 5898429                    /lib/x86_64-linux-gnu/libm-2.23.so
7f9ada002000-7f9ada201000 ---p 00108000 08:04 5898429                    /lib/x86_64-linux-gnu/libm-2.23.so
7f9ada201000-7f9ada202000 r--p 00107000 08:04 5898429                    /lib/x86_64-linux-gnu/libm-2.23.so
7f9ada202000-7f9ada203000 rw-p 00108000 08:04 5898429                    /lib/x86_64-linux-gnu/libm-2.23.so
7f9ada203000-7f9adaec3000 r-xp 00000000 08:04 3017911                    /usr/lib/jvm/java-8-oracle/jre/lib/amd64/server/libjvm.so
7f9adaec3000-7f9adb0c3000 ---p 00cc0000 08:04 3017911                    /usr/lib/jvm/java-8-oracle/jre/lib/amd64/server/libjvm.so
7f9adb0c3000-7f9adb19b000 rw-p 00cc0000 08:04 3017911                    /usr/lib/jvm/java-8-oracle/jre/lib/amd64/server/libjvm.so
7f9adb19b000-7f9adb1e6000 rw-p 00000000 00:00 0 
7f9adb1e6000-7f9adb3a6000 r-xp 00000000 08:04 5898437                    /lib/x86_64-linux-gnu/libc-2.23.so
7f9adb3a6000-7f9adb5a5000 ---p 001c0000 08:04 5898437                    /lib/x86_64-linux-gnu/libc-2.23.so
7f9adb5a5000-7f9adb5a9000 r--p 001bf000 08:04 5898437                    /lib/x86_64-linux-gnu/libc-2.23.so
7f9adb5a9000-7f9adb5ab000 rw-p 001c3000 08:04 5898437                    /lib/x86_64-linux-gnu/libc-2.23.so
7f9adb5ab000-7f9adb5af000 rw-p 00000000 00:00 0 
7f9adb5af000-7f9adb5b2000 r-xp 00000000 08:04 5898438                    /lib/x86_64-linux-gnu/libdl-2.23.so
7f9adb5b2000-7f9adb7b1000 ---p 00003000 08:04 5898438                    /lib/x86_64-linux-gnu/libdl-2.23.so
7f9adb7b1000-7f9adb7b2000 r--p 00002000 08:04 5898438                    /lib/x86_64-linux-gnu/libdl-2.23.so
7f9adb7b2000-7f9adb7b3000 rw-p 00003000 08:04 5898438                    /lib/x86_64-linux-gnu/libdl-2.23.so
7f9adb7b3000-7f9adb7c8000 r-xp 00000000 08:04 1711347                    /usr/lib/jvm/java-8-oracle/lib/amd64/jli/libjli.so
7f9adb7c8000-7f9adb9c8000 ---p 00015000 08:04 1711347                    /usr/lib/jvm/java-8-oracle/lib/amd64/jli/libjli.so
7f9adb9c8000-7f9adb9c9000 rw-p 00015000 08:04 1711347                    /usr/lib/jvm/java-8-oracle/lib/amd64/jli/libjli.so
7f9adb9c9000-7f9adb9e1000 r-xp 00000000 08:04 5898436                    /lib/x86_64-linux-gnu/libpthread-2.23.so
7f9adb9e1000-7f9adbbe0000 ---p 00018000 08:04 5898436                    /lib/x86_64-linux-gnu/libpthread-2.23.so
7f9adbbe0000-7f9adbbe1000 r--p 00017000 08:04 5898436                    /lib/x86_64-linux-gnu/libpthread-2.23.so
7f9adbbe1000-7f9adbbe2000 rw-p 00018000 08:04 5898436                    /lib/x86_64-linux-gnu/libpthread-2.23.so
7f9adbbe2000-7f9adbbe6000 rw-p 00000000 00:00 0 
7f9adbbe6000-7f9adbc0c000 r-xp 00000000 08:04 5898433                    /lib/x86_64-linux-gnu/ld-2.23.so
7f9adbc10000-7f9adbce9000 rw-p 00000000 00:00 0 
7f9adbce9000-7f9adbcec000 ---p 00000000 00:00 0 
7f9adbcec000-7f9adbdee000 rw-p 00000000 00:00 0 
7f9adbdf0000-7f9adbdff000 r--s 000dd000 08:04 3021928                    /home/akanksha/Android/Sdk/build-tools/21.1.2/lib/dx.jar
7f9adbdff000-7f9adbe07000 rw-s 00000000 08:04 3678387                    /tmp/hsperfdata_akanksha/5824
7f9adbe07000-7f9adbe08000 rw-p 00000000 00:00 0 
7f9adbe08000-7f9adbe09000 ---p 00000000 00:00 0 
7f9adbe09000-7f9adbe0b000 rw-p 00000000 00:00 0 
7f9adbe0b000-7f9adbe0c000 r--p 00025000 08:04 5898433                    /lib/x86_64-linux-gnu/ld-2.23.so
7f9adbe0c000-7f9adbe0d000 rw-p 00026000 08:04 5898433                    /lib/x86_64-linux-gnu/ld-2.23.so
7f9adbe0d000-7f9adbe0e000 rw-p 00000000 00:00 0 
7ffd79c7b000-7ffd79c9d000 rw-p 00000000 00:00 0                          [stack]
7ffd79d06000-7ffd79d08000 r--p 00000000 00:00 0                          [vvar]
7ffd79d08000-7ffd79d0a000 r-xp 00000000 00:00 0                          [vdso]
ffffffffff600000-ffffffffff601000 r-xp 00000000 00:00 0                  [vsyscall]

VM Arguments:
jvm_args: -Djava.awt.headless=true -Xmx1024M -Dfile.encoding=UTF-8 -Duser.country=IN -Duser.language=en -Duser.variant 
java_command: com.android.dx.command.Main --dex --force-jumbo --multi-dex --output /home/akanksha/Documents/AndroidStudioProjects/Sunshine-Version-2-1.01_hello_world/app/build/intermediates/transforms/dex/debug/folders/1000/10/com.android.support-appcompat-v7-21.0.2_953ef97a36a2a5eae580814a6e871a882f345b8e /home/akanksha/Documents/AndroidStudioProjects/Sunshine-Version-2-1.01_hello_world/app/build/intermediates/exploded-aar/com.android.support/appcompat-v7/21.0.2/jars/classes.jar
java_class_path (initial): /home/akanksha/Android/Sdk/build-tools/21.1.2/lib/dx.jar
Launcher Type: SUN_STANDARD

Environment Variables:
JAVA_HOME=/usr/lib/jvm/java-8-oracle/jre/bin/java
PATH=/usr/local/sbin:/usr/local/bin:/usr/sbin:/usr/bin:/sbin:/bin:/usr/games:/usr/local/games:/snap/bin
LD_LIBRARY_PATH=.:
SHELL=/bin/bash
DISPLAY=:0

Signal Handlers:
SIGSEGV: [libjvm.so+0xabca10], sa_mask[0]=11111111011111111101111111111110, sa_flags=SA_RESTART|SA_SIGINFO
SIGBUS: [libjvm.so+0xabca10], sa_mask[0]=11111111011111111101111111111110, sa_flags=SA_RESTART|SA_SIGINFO
SIGFPE: [libjvm.so+0x919a20], sa_mask[0]=11111111011111111101111111111110, sa_flags=SA_RESTART|SA_SIGINFO
SIGPIPE: [libjvm.so+0x919a20], sa_mask[0]=11111111011111111101111111111110, sa_flags=SA_RESTART|SA_SIGINFO
SIGXFSZ: [libjvm.so+0x919a20], sa_mask[0]=11111111011111111101111111111110, sa_flags=SA_RESTART|SA_SIGINFO
SIGILL: [libjvm.so+0x919a20], sa_mask[0]=11111111011111111101111111111110, sa_flags=SA_RESTART|SA_SIGINFO
SIGUSR1: SIG_DFL, sa_mask[0]=00000000000000000000000000000000, sa_flags=none
SIGUSR2: [libjvm.so+0x91b050], sa_mask[0]=00100000000000000000000000000000, sa_flags=SA_RESTART|SA_SIGINFO
SIGHUP: [libjvm.so+0x91c450], sa_mask[0]=11111111011111111101111111111110, sa_flags=SA_RESTART|SA_SIGINFO
SIGINT: [libjvm.so+0x91c450], sa_mask[0]=11111111011111111101111111111110, sa_flags=SA_RESTART|SA_SIGINFO
SIGTERM: [libjvm.so+0x91c450], sa_mask[0]=11111111011111111101111111111110, sa_flags=SA_RESTART|SA_SIGINFO
SIGQUIT: [libjvm.so+0x91c450], sa_mask[0]=11111111011111111101111111111110, sa_flags=SA_RESTART|SA_SIGINFO


---------------  S Y S T E M  ---------------

OS:DISTRIB_ID=Ubuntu
DISTRIB_RELEASE=16.04
DISTRIB_CODENAME=xenial
DISTRIB_DESCRIPTION="Ubuntu 16.04 LTS"

uname:Linux 4.4.0-31-generic #50-Ubuntu SMP Wed Jul 13 00:07:12 UTC 2016 x86_64
libc:glibc 2.23 NPTL 2.23 
rlimit: STACK 8192k, CORE 0k, NPROC 15337, NOFILE 65536, AS infinity
load average:7.15 2.55 1.42

/proc/meminfo:
MemTotal:        3965112 kB
MemFree:          617792 kB
MemAvailable:     554896 kB
Buffers:            4000 kB
Cached:           252284 kB
SwapCached:            0 kB
Active:          2946956 kB
Inactive:         213164 kB
Active(anon):    2921092 kB
Inactive(anon):   159832 kB
Active(file):      25864 kB
Inactive(file):    53332 kB
Unevictable:          32 kB
Mlocked:              32 kB
SwapTotal:             0 kB
SwapFree:              0 kB
Dirty:              7276 kB
Writeback:            40 kB
AnonPages:       2904276 kB
Mapped:            96300 kB
Shmem:            176588 kB
Slab:              76640 kB
SReclaimable:      39920 kB
SUnreclaim:        36720 kB
KernelStack:       10640 kB
PageTables:        37064 kB
NFS_Unstable:          0 kB
Bounce:                0 kB
WritebackTmp:          0 kB
CommitLimit:     1982556 kB
Committed_AS:    6723776 kB
VmallocTotal:   34359738367 kB
VmallocUsed:           0 kB
VmallocChunk:          0 kB
HardwareCorrupted:     0 kB
AnonHugePages:   1026048 kB
CmaTotal:              0 kB
CmaFree:               0 kB
HugePages_Total:       0
HugePages_Free:        0
HugePages_Rsvd:        0
HugePages_Surp:        0
Hugepagesize:       2048 kB
DirectMap4k:      140348 kB
DirectMap2M:     2924544 kB
DirectMap1G:     2097152 kB


CPU:total 4 (2 cores per cpu, 2 threads per core) family 6 model 61 stepping 4, cmov, cx8, fxsr, mmx, sse, sse2, sse3, ssse3, sse4.1, sse4.2, popcnt, avx, avx2, aes, clmul, erms, 3dnowpref, lzcnt, ht, tsc, tscinvbit, bmi1, bmi2, adx

/proc/cpuinfo:
processor	: 0
vendor_id	: GenuineIntel
cpu family	: 6
model		: 61
model name	: Intel(R) Core(TM) i5-5200U CPU @ 2.20GHz
stepping	: 4
microcode	: 0x22
cpu MHz		: 2081.234
cache size	: 3072 KB
physical id	: 0
siblings	: 4
core id		: 0
cpu cores	: 2
apicid		: 0
initial apicid	: 0
fpu		: yes
fpu_exception	: yes
cpuid level	: 20
wp		: yes
flags		: fpu vme de pse tsc msr pae mce cx8 apic sep mtrr pge mca cmov pat pse36 clflush dts acpi mmx fxsr sse sse2 ss ht tm pbe syscall nx pdpe1gb rdtscp lm constant_tsc arch_perfmon pebs bts rep_good nopl xtopology nonstop_tsc aperfmperf eagerfpu pni pclmulqdq dtes64 monitor ds_cpl vmx est tm2 ssse3 sdbg fma cx16 xtpr pdcm pcid sse4_1 sse4_2 x2apic movbe popcnt tsc_deadline_timer aes xsave avx f16c rdrand lahf_lm abm 3dnowprefetch epb intel_pt tpr_shadow vnmi flexpriority ept vpid fsgsbase tsc_adjust bmi1 avx2 smep bmi2 erms invpcid rdseed adx smap xsaveopt dtherm ida arat pln pts
bugs		:
bogomips	: 4389.57
clflush size	: 64
cache_alignment	: 64
address sizes	: 39 bits physical, 48 bits virtual
power management:

processor	: 1
vendor_id	: GenuineIntel
cpu family	: 6
model		: 61
model name	: Intel(R) Core(TM) i5-5200U CPU @ 2.20GHz
stepping	: 4
microcode	: 0x22
cpu MHz		: 2473.195
cache size	: 3072 KB
physical id	: 0
siblings	: 4
core id		: 1
cpu cores	: 2
apicid		: 2
initial apicid	: 2
fpu		: yes
fpu_exception	: yes
cpuid level	: 20
wp		: yes
flags		: fpu vme de pse tsc msr pae mce cx8 apic sep mtrr pge mca cmov pat pse36 clflush dts acpi mmx fxsr sse sse2 ss ht tm pbe syscall nx pdpe1gb rdtscp lm constant_tsc arch_perfmon pebs bts rep_good nopl xtopology nonstop_tsc aperfmperf eagerfpu pni pclmulqdq dtes64 monitor ds_cpl vmx est tm2 ssse3 sdbg fma cx16 xtpr pdcm pcid sse4_1 sse4_2 x2apic movbe popcnt tsc_deadline_timer aes xsave avx f16c rdrand lahf_lm abm 3dnowprefetch epb intel_pt tpr_shadow vnmi flexpriority ept vpid fsgsbase tsc_adjust bmi1 avx2 smep bmi2 erms invpcid rdseed adx smap xsaveopt dtherm ida arat pln pts
bugs		:
bogomips	: 4389.57
clflush size	: 64
cache_alignment	: 64
address sizes	: 39 bits physical, 48 bits virtual
power management:

processor	: 2
vendor_id	: GenuineIntel
cpu family	: 6
model		: 61
model name	: Intel(R) Core(TM) i5-5200U CPU @ 2.20GHz
stepping	: 4
microcode	: 0x22
cpu MHz		: 2434.609
cache size	: 3072 KB
physical id	: 0
siblings	: 4
core id		: 0
cpu cores	: 2
apicid		: 1
initial apicid	: 1
fpu		: yes
fpu_exception	: yes
cpuid level	: 20
wp		: yes
flags		: fpu vme de pse tsc msr pae mce cx8 apic sep mtrr pge mca cmov pat pse36 clflush dts acpi mmx fxsr sse sse2 ss ht tm pbe syscall nx pdpe1gb rdtscp lm constant_tsc arch_perfmon pebs bts rep_good nopl xtopology nonstop_tsc aperfmperf eagerfpu pni pclmulqdq dtes64 monitor ds_cpl vmx est tm2 ssse3 sdbg fma cx16 xtpr pdcm pcid sse4_1 sse4_2 x2apic movbe popcnt tsc_deadline_timer aes xsave avx f16c rdrand lahf_lm abm 3dnowprefetch epb intel_pt tpr_shadow vnmi flexpriority ept vpid fsgsbase tsc_adjust bmi1 avx2 smep bmi2 erms invpcid rdseed adx smap xsaveopt dtherm ida arat pln pts
bugs		:
bogomips	: 4389.57
clflush size	: 64
cache_alignment	: 64
address sizes	: 39 bits physical, 48 bits virtual
power management:

processor	: 3
vendor_id	: GenuineIntel
cpu family	: 6
model		: 61
model name	: Intel(R) Core(TM) i5-5200U CPU @ 2.20GHz
stepping	: 4
microcode	: 0x22
cpu MHz		: 2223.632
cache size	: 3072 KB
physical id	: 0
siblings	: 4
core id		: 1
cpu cores	: 2
apicid		: 3
initial apicid	: 3
fpu		: yes
fpu_exception	: yes
cpuid level	: 20
wp		: yes
flags		: fpu vme de pse tsc msr pae mce cx8 apic sep mtrr pge mca cmov pat pse36 clflush dts acpi mmx fxsr sse sse2 ss ht tm pbe syscall nx pdpe1gb rdtscp lm constant_tsc arch_perfmon pebs bts rep_good nopl xtopology nonstop_tsc aperfmperf eagerfpu pni pclmulqdq dtes64 monitor ds_cpl vmx est tm2 ssse3 sdbg fma cx16 xtpr pdcm pcid sse4_1 sse4_2 x2apic movbe popcnt tsc_deadline_timer aes xsave avx f16c rdrand lahf_lm abm 3dnowprefetch epb intel_pt tpr_shadow vnmi flexpriority ept vpid fsgsbase tsc_adjust bmi1 avx2 smep bmi2 erms invpcid rdseed adx smap xsaveopt dtherm ida arat pln pts
bugs		:
bogomips	: 4389.57
clflush size	: 64
cache_alignment	: 64
address sizes	: 39 bits physical, 48 bits virtual
power management:



Memory: 4k page, physical 3965112k(617792k free), swap 0k(0k free)

vm_info: Java HotSpot(TM) 64-Bit Server VM (25.91-b14) for linux-amd64 JRE (1.8.0_91-b14), built on Apr  1 2016 00:57:21 by "java_re" with gcc 4.3.0 20080428 (Red Hat 4.3.0-8)

time: Sun Jul 17 16:18:14 2016
elapsed time: 19 seconds (0d 0h 0m 19s)

