#
# There is insufficient memory for the Java Runtime Environment to continue.
# Native memory allocation (mmap) failed to map 148897792 bytes for committing reserved memory.
# Possible reasons:
#   The system is out of physical RAM or swap space
#   In 32 bit mode, the process size limit was hit
# Possible solutions:
#   Reduce memory load on the system
#   Increase physical memory or swap space
#   Check if swap backing store is full
#   Use 64 bit Java on a 64 bit OS
#   Decrease Java heap size (-Xmx/-Xms)
#   Decrease number of Java threads
#   Decrease Java thread stack sizes (-Xss)
#   Set larger code cache with -XX:ReservedCodeCacheSize=
# This output file may be truncated or incomplete.
#
#  Out of Memory Error (os_linux.cpp:2627), pid=11244, tid=140519812945664
#
# JRE version: Java(TM) SE Runtime Environment (8.0_91-b14) (build 1.8.0_91-b14)
# Java VM: Java HotSpot(TM) 64-Bit Server VM (25.91-b14 mixed mode linux-amd64 compressed oops)
# Failed to write core dump. Core dumps have been disabled. To enable core dumping, try "ulimit -c unlimited" before starting Java again
#

---------------  T H R E A D  ---------------

Current thread (0x00007fcd64078000):  VMThread [stack: 0x00007fcd5178d000,0x00007fcd5188e000] [id=11278]

Stack: [0x00007fcd5178d000,0x00007fcd5188e000],  sp=0x00007fcd5188c320,  free space=1020k
Native frames: (J=compiled Java code, j=interpreted, Vv=VM code, C=native code)
V  [libjvm.so+0xabc18a]  VMError::report_and_die()+0x2ba
V  [libjvm.so+0x4fafeb]  report_vm_out_of_memory(char const*, int, unsigned long, VMErrorType, char const*)+0x8b
V  [libjvm.so+0x91cbb3]  os::Linux::commit_memory_impl(char*, unsigned long, bool)+0x103
V  [libjvm.so+0x91d109]  os::pd_commit_memory(char*, unsigned long, unsigned long, bool)+0x29
V  [libjvm.so+0x91740a]  os::commit_memory(char*, unsigned long, unsigned long, bool)+0x2a
V  [libjvm.so+0x98b033]  PSVirtualSpace::expand_by(unsigned long)+0x53
V  [libjvm.so+0x98c438]  PSYoungGen::resize_generation(unsigned long, unsigned long)+0xf8
V  [libjvm.so+0x98b592]  PSYoungGen::resize(unsigned long, unsigned long)+0x22
V  [libjvm.so+0x98886b]  PSScavenge::invoke_no_policy()+0xf3b
V  [libjvm.so+0x988ff1]  PSScavenge::invoke()+0x41
V  [libjvm.so+0x9408b0]  ParallelScavengeHeap::failed_mem_allocate(unsigned long)+0x70
V  [libjvm.so+0xabdba7]  VM_ParallelGCFailedAllocation::doit()+0x97
V  [libjvm.so+0xac55d5]  VM_Operation::evaluate()+0x55
V  [libjvm.so+0xac39aa]  VMThread::evaluate_operation(VM_Operation*)+0xba
V  [libjvm.so+0xac3d2e]  VMThread::loop()+0x1ce
V  [libjvm.so+0xac41a0]  VMThread::run()+0x70
V  [libjvm.so+0x91ef78]  java_start(Thread*)+0x108

VM_Operation (0x00007fcd6bf4f730): ParallelGCFailedAllocation, mode: safepoint, requested by thread 0x00007fcd6400a000


---------------  P R O C E S S  ---------------

Java Threads: ( => current thread )
  0x00007fcd640c0000 JavaThread "Service Thread" daemon [_thread_blocked, id=11300, stack(0x00007fcd50dae000,0x00007fcd50eaf000)]
  0x00007fcd640bd000 JavaThread "C1 CompilerThread2" daemon [_thread_blocked, id=11294, stack(0x00007fcd50eaf000,0x00007fcd50fb0000)]
  0x00007fcd640bb800 JavaThread "C2 CompilerThread1" daemon [_thread_blocked, id=11291, stack(0x00007fcd50fb0000,0x00007fcd510b1000)]
  0x00007fcd640b8800 JavaThread "C2 CompilerThread0" daemon [_thread_blocked, id=11290, stack(0x00007fcd510b1000,0x00007fcd511b2000)]
  0x00007fcd640b7000 JavaThread "Signal Dispatcher" daemon [_thread_blocked, id=11289, stack(0x00007fcd511b2000,0x00007fcd512b3000)]
  0x00007fcd64084000 JavaThread "Finalizer" daemon [_thread_blocked, id=11287, stack(0x00007fcd5158b000,0x00007fcd5168c000)]
  0x00007fcd6407f800 JavaThread "Reference Handler" daemon [_thread_blocked, id=11284, stack(0x00007fcd5168c000,0x00007fcd5178d000)]
  0x00007fcd6400a000 JavaThread "main" [_thread_blocked, id=11250, stack(0x00007fcd6be51000,0x00007fcd6bf52000)]

Other Threads:
=>0x00007fcd64078000 VMThread [stack: 0x00007fcd5178d000,0x00007fcd5188e000] [id=11278]
  0x00007fcd640c3000 WatcherThread [stack: 0x00007fcd50cad000,0x00007fcd50dae000] [id=11301]

VM state:at safepoint (normal execution)

VM Mutex/Monitor currently owned by a thread:  ([mutex/lock_event])
[0x00007fcd64006590] Threads_lock - owner thread: 0x00007fcd64078000
[0x00007fcd64006a90] Heap_lock - owner thread: 0x00007fcd6400a000

Heap:
 PSYoungGen      total 139264K, used 14319K [0x00000000eab00000, 0x00000000f4300000, 0x0000000100000000)
  eden space 124928K, 0% used [0x00000000eab00000,0x00000000eab00000,0x00000000f2500000)
  from space 14336K, 99% used [0x00000000f2500000,0x00000000f32fbe38,0x00000000f3300000)
  to   space 12288K, 0% used [0x00000000f3300000,0x00000000f3300000,0x00000000f3f00000)
 ParOldGen       total 42496K, used 39956K [0x00000000c0000000, 0x00000000c2980000, 0x00000000eab00000)
  object space 42496K, 94% used [0x00000000c0000000,0x00000000c2705260,0x00000000c2980000)
 Metaspace       used 5986K, capacity 7152K, committed 7296K, reserved 1056768K
  class space    used 557K, capacity 616K, committed 640K, reserved 1048576K

Card table byte_map: [0x00007fcd68a05000,0x00007fcd68c06000] byte_map_base: 0x00007fcd68405000

Marking Bits: (ParMarkBitMap*) 0x00007fcd6b323d60
 Begin Bits: [0x00007fcd53000000, 0x00007fcd54000000)
 End Bits:   [0x00007fcd54000000, 0x00007fcd55000000)

Polling page: 0x00007fcd6bf72000

CodeCache: size=245760Kb used=8013Kb max_used=8028Kb free=237746Kb
 bounds [0x00007fcd55000000, 0x00007fcd557e0000, 0x00007fcd64000000]
 total_blobs=2093 nmethods=1828 adapters=178
 compilation: enabled

Compilation events (10 events):
Event: 11.992 Thread 0x00007fcd640b8800 nmethod 1894 0x00007fcd557d4210 code [0x00007fcd557d46e0, 0x00007fcd557d7fc0]
Event: 11.992 Thread 0x00007fcd640b8800 1901       4       com.android.dx.ssa.SCCP::simulateBranch (666 bytes)
Event: 12.001 Thread 0x00007fcd640bd000 1929       2       com.android.dx.cf.direct.DirectClassFile::isGoodVersion (38 bytes)
Event: 12.002 Thread 0x00007fcd640bd000 nmethod 1929 0x00007fcd557aaad0 code [0x00007fcd557aac40, 0x00007fcd557aadf0]
Event: 12.002 Thread 0x00007fcd640bd000 1930       2       com.android.dx.cf.cst.ConstantPoolParser::<init> (41 bytes)
Event: 12.002 Thread 0x00007fcd640bd000 nmethod 1930 0x00007fcd557aa390 code [0x00007fcd557aa520, 0x00007fcd557aa898]
Event: 12.002 Thread 0x00007fcd640bd000 1931       2       com.android.dx.rop.type.Type::getClassName (94 bytes)
Event: 12.003 Thread 0x00007fcd640bd000 nmethod 1931 0x00007fcd557a9990 code [0x00007fcd557a9b60, 0x00007fcd557aa078]
Event: 12.013 Thread 0x00007fcd640bd000 1933 %     3       com.android.dx.ssa.back.FirstFitLocalCombiningAllocator::getLocalItemForReg @ 48 (97 bytes)
Event: 12.015 Thread 0x00007fcd640bd000 nmethod 1933% 0x00007fcd557d2990 code [0x00007fcd557d2c00, 0x00007fcd557d3c38]

GC Heap History (10 events):
Event: 3.269 GC heap after
Heap after GC invocations=2 (full 0):
 PSYoungGen      total 34304K, used 2535K [0x00000000eab00000, 0x00000000ecf00000, 0x0000000100000000)
  eden space 31744K, 0% used [0x00000000eab00000,0x00000000eab00000,0x00000000eca00000)
  from space 2560K, 99% used [0x00000000ecc80000,0x00000000ecef9c78,0x00000000ecf00000)
  to   space 2560K, 0% used [0x00000000eca00000,0x00000000eca00000,0x00000000ecc80000)
 ParOldGen       total 42496K, used 4112K [0x00000000c0000000, 0x00000000c2980000, 0x00000000eab00000)
  object space 42496K, 9% used [0x00000000c0000000,0x00000000c0404008,0x00000000c2980000)
 Metaspace       used 5677K, capacity 6960K, committed 7040K, reserved 1056768K
  class space    used 553K, capacity 616K, committed 640K, reserved 1048576K
}
Event: 4.908 GC heap before
{Heap before GC invocations=3 (full 0):
 PSYoungGen      total 34304K, used 34279K [0x00000000eab00000, 0x00000000ecf00000, 0x0000000100000000)
  eden space 31744K, 100% used [0x00000000eab00000,0x00000000eca00000,0x00000000eca00000)
  from space 2560K, 99% used [0x00000000ecc80000,0x00000000ecef9c78,0x00000000ecf00000)
  to   space 2560K, 0% used [0x00000000eca00000,0x00000000eca00000,0x00000000ecc80000)
 ParOldGen       total 42496K, used 4112K [0x00000000c0000000, 0x00000000c2980000, 0x00000000eab00000)
  object space 42496K, 9% used [0x00000000c0000000,0x00000000c0404008,0x00000000c2980000)
 Metaspace       used 5836K, capacity 7088K, committed 7296K, reserved 1056768K
  class space    used 555K, capacity 616K, committed 640K, reserved 1048576K
Event: 4.975 GC heap after
Heap after GC invocations=3 (full 0):
 PSYoungGen      total 34304K, used 2531K [0x00000000eab00000, 0x00000000eee00000, 0x0000000100000000)
  eden space 31744K, 0% used [0x00000000eab00000,0x00000000eab00000,0x00000000eca00000)
  from space 2560K, 98% used [0x00000000eca00000,0x00000000ecc78c40,0x00000000ecc80000)
  to   space 2560K, 0% used [0x00000000eeb80000,0x00000000eeb80000,0x00000000eee00000)
 ParOldGen       total 42496K, used 8800K [0x00000000c0000000, 0x00000000c2980000, 0x00000000eab00000)
  object space 42496K, 20% used [0x00000000c0000000,0x00000000c0898018,0x00000000c2980000)
 Metaspace       used 5836K, capacity 7088K, committed 7296K, reserved 1056768K
  class space    used 555K, capacity 616K, committed 640K, reserved 1048576K
}
Event: 6.012 GC heap before
{Heap before GC invocations=4 (full 0):
 PSYoungGen      total 34304K, used 34275K [0x00000000eab00000, 0x00000000eee00000, 0x0000000100000000)
  eden space 31744K, 100% used [0x00000000eab00000,0x00000000eca00000,0x00000000eca00000)
  from space 2560K, 98% used [0x00000000eca00000,0x00000000ecc78c40,0x00000000ecc80000)
  to   space 2560K, 0% used [0x00000000eeb80000,0x00000000eeb80000,0x00000000eee00000)
 ParOldGen       total 42496K, used 8800K [0x00000000c0000000, 0x00000000c2980000, 0x00000000eab00000)
  object space 42496K, 20% used [0x00000000c0000000,0x00000000c0898018,0x00000000c2980000)
 Metaspace       used 5848K, capacity 7088K, committed 7296K, reserved 1056768K
  class space    used 555K, capacity 616K, committed 640K, reserved 1048576K
Event: 6.057 GC heap after
Heap after GC invocations=4 (full 0):
 PSYoungGen      total 66048K, used 2530K [0x00000000eab00000, 0x00000000eee00000, 0x0000000100000000)
  eden space 63488K, 0% used [0x00000000eab00000,0x00000000eab00000,0x00000000ee900000)
  from space 2560K, 98% used [0x00000000eeb80000,0x00000000eedf8a80,0x00000000eee00000)
  to   space 2560K, 0% used [0x00000000ee900000,0x00000000ee900000,0x00000000eeb80000)
 ParOldGen       total 42496K, used 12506K [0x00000000c0000000, 0x00000000c2980000, 0x00000000eab00000)
  object space 42496K, 29% used [0x00000000c0000000,0x00000000c0c36820,0x00000000c2980000)
 Metaspace       used 5848K, capacity 7088K, committed 7296K, reserved 1056768K
  class space    used 555K, capacity 616K, committed 640K, reserved 1048576K
}
Event: 8.176 GC heap before
{Heap before GC invocations=5 (full 0):
 PSYoungGen      total 66048K, used 66018K [0x00000000eab00000, 0x00000000eee00000, 0x0000000100000000)
  eden space 63488K, 100% used [0x00000000eab00000,0x00000000ee900000,0x00000000ee900000)
  from space 2560K, 98% used [0x00000000eeb80000,0x00000000eedf8a80,0x00000000eee00000)
  to   space 2560K, 0% used [0x00000000ee900000,0x00000000ee900000,0x00000000eeb80000)
 ParOldGen       total 42496K, used 12506K [0x00000000c0000000, 0x00000000c2980000, 0x00000000eab00000)
  object space 42496K, 29% used [0x00000000c0000000,0x00000000c0c36820,0x00000000c2980000)
 Metaspace       used 5899K, capacity 7088K, committed 7296K, reserved 1056768K
  class space    used 557K, capacity 616K, committed 640K, reserved 1048576K
Event: 8.250 GC heap after
Heap after GC invocations=5 (full 0):
 PSYoungGen      total 66048K, used 2533K [0x00000000eab00000, 0x00000000f3f00000, 0x0000000100000000)
  eden space 63488K, 0% used [0x00000000eab00000,0x00000000eab00000,0x00000000ee900000)
  from space 2560K, 98% used [0x00000000ee900000,0x00000000eeb79590,0x00000000eeb80000)
  to   space 12288K, 0% used [0x00000000f3300000,0x00000000f3300000,0x00000000f3f00000)
 ParOldGen       total 42496K, used 22623K [0x00000000c0000000, 0x00000000c2980000, 0x00000000eab00000)
  object space 42496K, 53% used [0x00000000c0000000,0x00000000c1617d18,0x00000000c2980000)
 Metaspace       used 5899K, capacity 7088K, committed 7296K, reserved 1056768K
  class space    used 557K, capacity 616K, committed 640K, reserved 1048576K
}
Event: 9.849 GC heap before
{Heap before GC invocations=6 (full 0):
 PSYoungGen      total 66048K, used 66021K [0x00000000eab00000, 0x00000000f3f00000, 0x0000000100000000)
  eden space 63488K, 100% used [0x00000000eab00000,0x00000000ee900000,0x00000000ee900000)
  from space 2560K, 98% used [0x00000000ee900000,0x00000000eeb79590,0x00000000eeb80000)
  to   space 12288K, 0% used [0x00000000f3300000,0x00000000f3300000,0x00000000f3f00000)
 ParOldGen       total 42496K, used 22623K [0x00000000c0000000, 0x00000000c2980000, 0x00000000eab00000)
  object space 42496K, 53% used [0x00000000c0000000,0x00000000c1617d18,0x00000000c2980000)
 Metaspace       used 5941K, capacity 7152K, committed 7296K, reserved 1056768K
  class space    used 557K, capacity 616K, committed 640K, reserved 1048576K
Event: 9.943 GC heap after
Heap after GC invocations=6 (full 0):
 PSYoungGen      total 137216K, used 12263K [0x00000000eab00000, 0x00000000f4300000, 0x0000000100000000)
  eden space 124928K, 0% used [0x00000000eab00000,0x00000000eab00000,0x00000000f2500000)
  from space 12288K, 99% used [0x00000000f3300000,0x00000000f3ef9f58,0x00000000f3f00000)
  to   space 14336K, 0% used [0x00000000f2500000,0x00000000f2500000,0x00000000f3300000)
 ParOldGen       total 42496K, used 22836K [0x00000000c0000000, 0x00000000c2980000, 0x00000000eab00000)
  object space 42496K, 53% used [0x00000000c0000000,0x00000000c164d2a8,0x00000000c2980000)
 Metaspace       used 5941K, capacity 7152K, committed 7296K, reserved 1056768K
  class space    used 557K, capacity 616K, committed 640K, reserved 1048576K
}
Event: 12.070 GC heap before
{Heap before GC invocations=7 (full 0):
 PSYoungGen      total 137216K, used 137191K [0x00000000eab00000, 0x00000000f4300000, 0x0000000100000000)
  eden space 124928K, 100% used [0x00000000eab00000,0x00000000f2500000,0x00000000f2500000)
  from space 12288K, 99% used [0x00000000f3300000,0x00000000f3ef9f58,0x00000000f3f00000)
  to   space 14336K, 0% used [0x00000000f2500000,0x00000000f2500000,0x00000000f3300000)
 ParOldGen       total 42496K, used 22836K [0x00000000c0000000, 0x00000000c2980000, 0x00000000eab00000)
  object space 42496K, 53% used [0x00000000c0000000,0x00000000c164d2a8,0x00000000c2980000)
 Metaspace       used 5986K, capacity 7152K, committed 7296K, reserved 1056768K
  class space    used 557K, capacity 616K, committed 640K, reserved 1048576K

Deoptimization events (10 events):
Event: 8.536 Thread 0x00007fcd6400a000 Uncommon trap: reason=bimorphic action=maybe_recompile pc=0x00007fcd556f4d68 method=com.android.dx.cf.code.BytecodeArray.parseInstruction(ILcom/android/dx/cf/code/BytecodeArray$Visitor;)I @ 1501
Event: 8.536 Thread 0x00007fcd6400a000 Uncommon trap: reason=bimorphic action=maybe_recompile pc=0x00007fcd556f4ab8 method=com.android.dx.cf.code.BytecodeArray.parseInstruction(ILcom/android/dx/cf/code/BytecodeArray$Visitor;)I @ 2135
Event: 8.536 Thread 0x00007fcd6400a000 Uncommon trap: reason=bimorphic action=maybe_recompile pc=0x00007fcd556f4d68 method=com.android.dx.cf.code.BytecodeArray.parseInstruction(ILcom/android/dx/cf/code/BytecodeArray$Visitor;)I @ 1501
Event: 8.580 Thread 0x00007fcd6400a000 Uncommon trap: reason=unstable_if action=reinterpret pc=0x00007fcd55688088 method=com.android.dx.ssa.SCCP.simulateStmt(Lcom/android/dx/ssa/SsaInsn;)V @ 59
Event: 9.098 Thread 0x00007fcd6400a000 Uncommon trap: reason=unstable_if action=reinterpret pc=0x00007fcd55477ec4 method=com.android.dx.util.IntList.binarysearch(I)I @ 105
Event: 9.099 Thread 0x00007fcd6400a000 Uncommon trap: reason=unstable_if action=reinterpret pc=0x00007fcd55711108 method=com.android.dx.ssa.SsaBasicBlock.newFromRop(Lcom/android/dx/rop/code/RopMethod;ILcom/android/dx/ssa/SsaMethod;)Lcom/android/dx/ssa/SsaBasicBlock; @ 164
Event: 9.115 Thread 0x00007fcd6400a000 Uncommon trap: reason=unstable_if action=reinterpret pc=0x00007fcd556bf100 method=com.android.dx.ssa.MoveParamCombiner$1.visitNonMoveInsn(Lcom/android/dx/ssa/NormalSsaInsn;)V @ 27
Event: 10.872 Thread 0x00007fcd6400a000 Uncommon trap: reason=class_check action=maybe_recompile pc=0x00007fcd5551f5e4 method=java.util.HashMap.putVal(ILjava/lang/Object;Ljava/lang/Object;ZZ)Ljava/lang/Object; @ 203
Event: 10.872 Thread 0x00007fcd6400a000 Uncommon trap: reason=class_check action=maybe_recompile pc=0x00007fcd5551f5e4 method=java.util.HashMap.putVal(ILjava/lang/Object;Ljava/lang/Object;ZZ)Ljava/lang/Object; @ 203
Event: 10.872 Thread 0x00007fcd6400a000 Uncommon trap: reason=class_check action=maybe_recompile pc=0x00007fcd5551f5e4 method=java.util.HashMap.putVal(ILjava/lang/Object;Ljava/lang/Object;ZZ)Ljava/lang/Object; @ 203

Internal exceptions (4 events):
Event: 0.036 Thread 0x00007fcd6400a000 Exception <a 'java/lang/NoSuchMethodError': Method sun.misc.Unsafe.defineClass(Ljava/lang/String;[BII)Ljava/lang/Class; name or signature does not match> (0x00000000eab07cc0) thrown at [/HUDSON/workspace/8-2-build-linux-amd64/jdk8u91/6644/hotspot/src/shar
Event: 0.036 Thread 0x00007fcd6400a000 Exception <a 'java/lang/NoSuchMethodError': Method sun.misc.Unsafe.prefetchRead(Ljava/lang/Object;J)V name or signature does not match> (0x00000000eab07fa8) thrown at [/HUDSON/workspace/8-2-build-linux-amd64/jdk8u91/6644/hotspot/src/share/vm/prims/jni.cpp
Event: 2.461 Thread 0x00007fcd6400a000 Implicit null exception at 0x00007fcd552e184f to 0x00007fcd552e3bc1
Event: 5.272 Thread 0x00007fcd6400a000 Implicit null exception at 0x00007fcd554570e2 to 0x00007fcd554571db

Events (10 events):
Event: 10.872 Thread 0x00007fcd6400a000 Uncommon trap: trap_request=0xffffffde fr.pc=0x00007fcd5551f5e4
Event: 10.872 Thread 0x00007fcd6400a000 DEOPT PACKING pc=0x00007fcd5551f5e4 sp=0x00007fcd6bf4f910
Event: 10.872 Thread 0x00007fcd6400a000 DEOPT UNPACKING pc=0x00007fcd55005229 sp=0x00007fcd6bf4f8b8 mode 2
Event: 10.872 Thread 0x00007fcd6400a000 Uncommon trap: trap_request=0xffffffde fr.pc=0x00007fcd5551f5e4
Event: 10.872 Thread 0x00007fcd6400a000 DEOPT PACKING pc=0x00007fcd5551f5e4 sp=0x00007fcd6bf4f910
Event: 10.872 Thread 0x00007fcd6400a000 DEOPT UNPACKING pc=0x00007fcd55005229 sp=0x00007fcd6bf4f8b8 mode 2
Event: 10.872 Thread 0x00007fcd6400a000 Uncommon trap: trap_request=0xffffffde fr.pc=0x00007fcd5551f5e4
Event: 10.872 Thread 0x00007fcd6400a000 DEOPT PACKING pc=0x00007fcd5551f5e4 sp=0x00007fcd6bf4fa90
Event: 10.872 Thread 0x00007fcd6400a000 DEOPT UNPACKING pc=0x00007fcd55005229 sp=0x00007fcd6bf4fa38 mode 2
Event: 12.070 Executing VM operation: ParallelGCFailedAllocation


Dynamic libraries:
00400000-00401000 r-xp 00000000 08:04 924979                             /usr/lib/jvm/java-8-oracle/bin/java
00600000-00601000 rw-p 00000000 08:04 924979                             /usr/lib/jvm/java-8-oracle/bin/java
01bfe000-01c1f000 rw-p 00000000 00:00 0                                  [heap]
c0000000-c2980000 rw-p 00000000 00:00 0 
c2980000-eab00000 ---p 00000000 00:00 0 
eab00000-f4300000 rw-p 00000000 00:00 0 
fd100000-100000000 ---p 00000000 00:00 0 
100000000-1000a0000 rw-p 00000000 00:00 0 
1000a0000-140000000 ---p 00000000 00:00 0 
7fcd14000000-7fcd14021000 rw-p 00000000 00:00 0 
7fcd14021000-7fcd18000000 ---p 00000000 00:00 0 
7fcd1c000000-7fcd1c91b000 rw-p 00000000 00:00 0 
7fcd1c91b000-7fcd20000000 ---p 00000000 00:00 0 
7fcd20000000-7fcd20021000 rw-p 00000000 00:00 0 
7fcd20021000-7fcd24000000 ---p 00000000 00:00 0 
7fcd24000000-7fcd2581c000 rw-p 00000000 00:00 0 
7fcd2581c000-7fcd28000000 ---p 00000000 00:00 0 
7fcd28000000-7fcd294b0000 rw-p 00000000 00:00 0 
7fcd294b0000-7fcd2c000000 ---p 00000000 00:00 0 
7fcd2c000000-7fcd2c021000 rw-p 00000000 00:00 0 
7fcd2c021000-7fcd30000000 ---p 00000000 00:00 0 
7fcd30000000-7fcd30021000 rw-p 00000000 00:00 0 
7fcd30021000-7fcd34000000 ---p 00000000 00:00 0 
7fcd34000000-7fcd3428d000 rw-p 00000000 00:00 0 
7fcd3428d000-7fcd38000000 ---p 00000000 00:00 0 
7fcd38000000-7fcd38021000 rw-p 00000000 00:00 0 
7fcd38021000-7fcd3c000000 ---p 00000000 00:00 0 
7fcd3c000000-7fcd3c021000 rw-p 00000000 00:00 0 
7fcd3c021000-7fcd40000000 ---p 00000000 00:00 0 
7fcd40000000-7fcd40021000 rw-p 00000000 00:00 0 
7fcd40021000-7fcd44000000 ---p 00000000 00:00 0 
7fcd44000000-7fcd44021000 rw-p 00000000 00:00 0 
7fcd44021000-7fcd48000000 ---p 00000000 00:00 0 
7fcd4c000000-7fcd4c021000 rw-p 00000000 00:00 0 
7fcd4c021000-7fcd50000000 ---p 00000000 00:00 0 
7fcd50c9b000-7fcd50cad000 r--s 000c6000 08:04 2247892                    /home/akanksha/Documents/AndroidStudioProjects/Sunshine-Version-2-1.01_hello_world/app/build/intermediates/exploded-aar/com.android.support/support-v4/22.2.0/jars/classes.jar
7fcd50cad000-7fcd50cae000 ---p 00000000 00:00 0 
7fcd50cae000-7fcd50dae000 rw-p 00000000 00:00 0 
7fcd50dae000-7fcd50db1000 ---p 00000000 00:00 0 
7fcd50db1000-7fcd50eaf000 rw-p 00000000 00:00 0 
7fcd50eaf000-7fcd50eb2000 ---p 00000000 00:00 0 
7fcd50eb2000-7fcd50fb0000 rw-p 00000000 00:00 0 
7fcd50fb0000-7fcd50fb3000 ---p 00000000 00:00 0 
7fcd50fb3000-7fcd510b1000 rw-p 00000000 00:00 0 
7fcd510b1000-7fcd510b4000 ---p 00000000 00:00 0 
7fcd510b4000-7fcd511b2000 rw-p 00000000 00:00 0 
7fcd511b2000-7fcd511b5000 ---p 00000000 00:00 0 
7fcd511b5000-7fcd512b3000 rw-p 00000000 00:00 0 
7fcd512b3000-7fcd5158b000 r--p 00000000 08:04 655380                     /usr/lib/locale/locale-archive
7fcd5158b000-7fcd5158e000 ---p 00000000 00:00 0 
7fcd5158e000-7fcd5168c000 rw-p 00000000 00:00 0 
7fcd5168c000-7fcd5168f000 ---p 00000000 00:00 0 
7fcd5168f000-7fcd5178d000 rw-p 00000000 00:00 0 
7fcd5178d000-7fcd5178e000 ---p 00000000 00:00 0 
7fcd5178e000-7fcd52e80000 rw-p 00000000 00:00 0 
7fcd52e80000-7fcd53000000 ---p 00000000 00:00 0 
7fcd53000000-7fcd55000000 rw-p 00000000 00:00 0 
7fcd55000000-7fcd557e0000 rwxp 00000000 00:00 0 
7fcd557e0000-7fcd64000000 ---p 00000000 00:00 0 
7fcd64000000-7fcd64388000 rw-p 00000000 00:00 0 
7fcd64388000-7fcd68000000 ---p 00000000 00:00 0 
7fcd6800d000-7fcd6805c000 rw-p 00000000 00:00 0 
7fcd6805c000-7fcd68235000 r--s 03d1f000 08:04 1711330                    /usr/lib/jvm/java-8-oracle/jre/lib/rt.jar
7fcd68235000-7fcd684ab000 rw-p 00000000 00:00 0 
7fcd684ab000-7fcd684ac000 ---p 00000000 00:00 0 
7fcd684ac000-7fcd685ac000 rw-p 00000000 00:00 0 
7fcd685ac000-7fcd685ad000 ---p 00000000 00:00 0 
7fcd685ad000-7fcd686ad000 rw-p 00000000 00:00 0 
7fcd686ad000-7fcd686ae000 ---p 00000000 00:00 0 
7fcd686ae000-7fcd687ae000 rw-p 00000000 00:00 0 
7fcd687ae000-7fcd687af000 ---p 00000000 00:00 0 
7fcd687af000-7fcd688c4000 rw-p 00000000 00:00 0 
7fcd688c4000-7fcd68a05000 ---p 00000000 00:00 0 
7fcd68a05000-7fcd68a1a000 rw-p 00000000 00:00 0 
7fcd68a1a000-7fcd68b5a000 ---p 00000000 00:00 0 
7fcd68b5a000-7fcd68ba7000 rw-p 00000000 00:00 0 
7fcd68ba7000-7fcd68c05000 ---p 00000000 00:00 0 
7fcd68c05000-7fcd68c26000 rw-p 00000000 00:00 0 
7fcd68c26000-7fcd68fc6000 ---p 00000000 00:00 0 
7fcd68fc6000-7fcd68fe0000 r-xp 00000000 08:04 3017933                    /usr/lib/jvm/java-8-oracle/jre/lib/amd64/libzip.so
7fcd68fe0000-7fcd691e0000 ---p 0001a000 08:04 3017933                    /usr/lib/jvm/java-8-oracle/jre/lib/amd64/libzip.so
7fcd691e0000-7fcd691e1000 rw-p 0001a000 08:04 3017933                    /usr/lib/jvm/java-8-oracle/jre/lib/amd64/libzip.so
7fcd691e1000-7fcd691ec000 r-xp 00000000 08:04 5898423                    /lib/x86_64-linux-gnu/libnss_files-2.23.so
7fcd691ec000-7fcd693eb000 ---p 0000b000 08:04 5898423                    /lib/x86_64-linux-gnu/libnss_files-2.23.so
7fcd693eb000-7fcd693ec000 r--p 0000a000 08:04 5898423                    /lib/x86_64-linux-gnu/libnss_files-2.23.so
7fcd693ec000-7fcd693ed000 rw-p 0000b000 08:04 5898423                    /lib/x86_64-linux-gnu/libnss_files-2.23.so
7fcd693ed000-7fcd693f3000 rw-p 00000000 00:00 0 
7fcd693f3000-7fcd693fe000 r-xp 00000000 08:04 5898420                    /lib/x86_64-linux-gnu/libnss_nis-2.23.so
7fcd693fe000-7fcd695fd000 ---p 0000b000 08:04 5898420                    /lib/x86_64-linux-gnu/libnss_nis-2.23.so
7fcd695fd000-7fcd695fe000 r--p 0000a000 08:04 5898420                    /lib/x86_64-linux-gnu/libnss_nis-2.23.so
7fcd695fe000-7fcd695ff000 rw-p 0000b000 08:04 5898420                    /lib/x86_64-linux-gnu/libnss_nis-2.23.so
7fcd695ff000-7fcd69615000 r-xp 00000000 08:04 5898418                    /lib/x86_64-linux-gnu/libnsl-2.23.so
7fcd69615000-7fcd69814000 ---p 00016000 08:04 5898418                    /lib/x86_64-linux-gnu/libnsl-2.23.so
7fcd69814000-7fcd69815000 r--p 00015000 08:04 5898418                    /lib/x86_64-linux-gnu/libnsl-2.23.so
7fcd69815000-7fcd69816000 rw-p 00016000 08:04 5898418                    /lib/x86_64-linux-gnu/libnsl-2.23.so
7fcd69816000-7fcd69818000 rw-p 00000000 00:00 0 
7fcd69818000-7fcd69820000 r-xp 00000000 08:04 5898416                    /lib/x86_64-linux-gnu/libnss_compat-2.23.so
7fcd69820000-7fcd69a1f000 ---p 00008000 08:04 5898416                    /lib/x86_64-linux-gnu/libnss_compat-2.23.so
7fcd69a1f000-7fcd69a20000 r--p 00007000 08:04 5898416                    /lib/x86_64-linux-gnu/libnss_compat-2.23.so
7fcd69a20000-7fcd69a21000 rw-p 00008000 08:04 5898416                    /lib/x86_64-linux-gnu/libnss_compat-2.23.so
7fcd69a21000-7fcd69a4b000 r-xp 00000000 08:04 3017928                    /usr/lib/jvm/java-8-oracle/jre/lib/amd64/libjava.so
7fcd69a4b000-7fcd69c4b000 ---p 0002a000 08:04 3017928                    /usr/lib/jvm/java-8-oracle/jre/lib/amd64/libjava.so
7fcd69c4b000-7fcd69c4d000 rw-p 0002a000 08:04 3017928                    /usr/lib/jvm/java-8-oracle/jre/lib/amd64/libjava.so
7fcd69c4d000-7fcd69c5a000 r-xp 00000000 08:04 3017932                    /usr/lib/jvm/java-8-oracle/jre/lib/amd64/libverify.so
7fcd69c5a000-7fcd69e5a000 ---p 0000d000 08:04 3017932                    /usr/lib/jvm/java-8-oracle/jre/lib/amd64/libverify.so
7fcd69e5a000-7fcd69e5c000 rw-p 0000d000 08:04 3017932                    /usr/lib/jvm/java-8-oracle/jre/lib/amd64/libverify.so
7fcd69e5c000-7fcd69e63000 r-xp 00000000 08:04 5898432                    /lib/x86_64-linux-gnu/librt-2.23.so
7fcd69e63000-7fcd6a062000 ---p 00007000 08:04 5898432                    /lib/x86_64-linux-gnu/librt-2.23.so
7fcd6a062000-7fcd6a063000 r--p 00006000 08:04 5898432                    /lib/x86_64-linux-gnu/librt-2.23.so
7fcd6a063000-7fcd6a064000 rw-p 00007000 08:04 5898432                    /lib/x86_64-linux-gnu/librt-2.23.so
7fcd6a064000-7fcd6a16c000 r-xp 00000000 08:04 5898429                    /lib/x86_64-linux-gnu/libm-2.23.so
7fcd6a16c000-7fcd6a36b000 ---p 00108000 08:04 5898429                    /lib/x86_64-linux-gnu/libm-2.23.so
7fcd6a36b000-7fcd6a36c000 r--p 00107000 08:04 5898429                    /lib/x86_64-linux-gnu/libm-2.23.so
7fcd6a36c000-7fcd6a36d000 rw-p 00108000 08:04 5898429                    /lib/x86_64-linux-gnu/libm-2.23.so
7fcd6a36d000-7fcd6b02d000 r-xp 00000000 08:04 3017911                    /usr/lib/jvm/java-8-oracle/jre/lib/amd64/server/libjvm.so
7fcd6b02d000-7fcd6b22d000 ---p 00cc0000 08:04 3017911                    /usr/lib/jvm/java-8-oracle/jre/lib/amd64/server/libjvm.so
7fcd6b22d000-7fcd6b305000 rw-p 00cc0000 08:04 3017911                    /usr/lib/jvm/java-8-oracle/jre/lib/amd64/server/libjvm.so
7fcd6b305000-7fcd6b350000 rw-p 00000000 00:00 0 
7fcd6b350000-7fcd6b510000 r-xp 00000000 08:04 5898437                    /lib/x86_64-linux-gnu/libc-2.23.so
7fcd6b510000-7fcd6b70f000 ---p 001c0000 08:04 5898437                    /lib/x86_64-linux-gnu/libc-2.23.so
7fcd6b70f000-7fcd6b713000 r--p 001bf000 08:04 5898437                    /lib/x86_64-linux-gnu/libc-2.23.so
7fcd6b713000-7fcd6b715000 rw-p 001c3000 08:04 5898437                    /lib/x86_64-linux-gnu/libc-2.23.so
7fcd6b715000-7fcd6b719000 rw-p 00000000 00:00 0 
7fcd6b719000-7fcd6b71c000 r-xp 00000000 08:04 5898438                    /lib/x86_64-linux-gnu/libdl-2.23.so
7fcd6b71c000-7fcd6b91b000 ---p 00003000 08:04 5898438                    /lib/x86_64-linux-gnu/libdl-2.23.so
7fcd6b91b000-7fcd6b91c000 r--p 00002000 08:04 5898438                    /lib/x86_64-linux-gnu/libdl-2.23.so
7fcd6b91c000-7fcd6b91d000 rw-p 00003000 08:04 5898438                    /lib/x86_64-linux-gnu/libdl-2.23.so
7fcd6b91d000-7fcd6b932000 r-xp 00000000 08:04 1711347                    /usr/lib/jvm/java-8-oracle/lib/amd64/jli/libjli.so
7fcd6b932000-7fcd6bb32000 ---p 00015000 08:04 1711347                    /usr/lib/jvm/java-8-oracle/lib/amd64/jli/libjli.so
7fcd6bb32000-7fcd6bb33000 rw-p 00015000 08:04 1711347                    /usr/lib/jvm/java-8-oracle/lib/amd64/jli/libjli.so
7fcd6bb33000-7fcd6bb4b000 r-xp 00000000 08:04 5898436                    /lib/x86_64-linux-gnu/libpthread-2.23.so
7fcd6bb4b000-7fcd6bd4a000 ---p 00018000 08:04 5898436                    /lib/x86_64-linux-gnu/libpthread-2.23.so
7fcd6bd4a000-7fcd6bd4b000 r--p 00017000 08:04 5898436                    /lib/x86_64-linux-gnu/libpthread-2.23.so
7fcd6bd4b000-7fcd6bd4c000 rw-p 00018000 08:04 5898436                    /lib/x86_64-linux-gnu/libpthread-2.23.so
7fcd6bd4c000-7fcd6bd50000 rw-p 00000000 00:00 0 
7fcd6bd50000-7fcd6bd76000 r-xp 00000000 08:04 5898433                    /lib/x86_64-linux-gnu/ld-2.23.so
7fcd6bd78000-7fcd6be51000 rw-p 00000000 00:00 0 
7fcd6be51000-7fcd6be54000 ---p 00000000 00:00 0 
7fcd6be54000-7fcd6bf56000 rw-p 00000000 00:00 0 
7fcd6bf5a000-7fcd6bf69000 r--s 000dd000 08:04 3021928                    /home/akanksha/Android/Sdk/build-tools/21.1.2/lib/dx.jar
7fcd6bf69000-7fcd6bf71000 rw-s 00000000 08:04 3679118                    /tmp/hsperfdata_akanksha/11244
7fcd6bf71000-7fcd6bf72000 rw-p 00000000 00:00 0 
7fcd6bf72000-7fcd6bf73000 ---p 00000000 00:00 0 
7fcd6bf73000-7fcd6bf75000 rw-p 00000000 00:00 0 
7fcd6bf75000-7fcd6bf76000 r--p 00025000 08:04 5898433                    /lib/x86_64-linux-gnu/ld-2.23.so
7fcd6bf76000-7fcd6bf77000 rw-p 00026000 08:04 5898433                    /lib/x86_64-linux-gnu/ld-2.23.so
7fcd6bf77000-7fcd6bf78000 rw-p 00000000 00:00 0 
7fff1b551000-7fff1b572000 rw-p 00000000 00:00 0                          [stack]
7fff1b578000-7fff1b57a000 r--p 00000000 00:00 0                          [vvar]
7fff1b57a000-7fff1b57c000 r-xp 00000000 00:00 0                          [vdso]
ffffffffff600000-ffffffffff601000 r-xp 00000000 00:00 0                  [vsyscall]

VM Arguments:
jvm_args: -Djava.awt.headless=true -Xmx1024M -Dfile.encoding=UTF-8 -Duser.country=IN -Duser.language=en -Duser.variant 
java_command: com.android.dx.command.Main --dex --force-jumbo --output /home/akanksha/Documents/AndroidStudioProjects/Sunshine-Version-2-1.01_hello_world/app/build/intermediates/pre-dexed/debug/com.android.support-support-v4-22.2.0_eb300aaa666c9f08ee55b5849ac961446f771346.jar /home/akanksha/Documents/AndroidStudioProjects/Sunshine-Version-2-1.01_hello_world/app/build/intermediates/exploded-aar/com.android.support/support-v4/22.2.0/jars/classes.jar
java_class_path (initial): /home/akanksha/Android/Sdk/build-tools/21.1.2/lib/dx.jar
Launcher Type: SUN_STANDARD

Environment Variables:
JAVA_HOME=/usr/lib/jvm/java-8-oracle/jre/bin/java
PATH=/usr/local/sbin:/usr/local/bin:/usr/sbin:/usr/bin:/sbin:/bin:/usr/games:/usr/local/games:/snap/bin
LD_LIBRARY_PATH=/usr/local/android-studio/bin:
SHELL=/bin/bash
DISPLAY=:0

Signal Handlers:
SIGSEGV: [libjvm.so+0xabca10], sa_mask[0]=11111111011111111101111111111110, sa_flags=SA_RESTART|SA_SIGINFO
SIGBUS: [libjvm.so+0xabca10], sa_mask[0]=11111111011111111101111111111110, sa_flags=SA_RESTART|SA_SIGINFO
SIGFPE: [libjvm.so+0x919a20], sa_mask[0]=11111111011111111101111111111110, sa_flags=SA_RESTART|SA_SIGINFO
SIGPIPE: [libjvm.so+0x919a20], sa_mask[0]=11111111011111111101111111111110, sa_flags=SA_RESTART|SA_SIGINFO
SIGXFSZ: [libjvm.so+0x919a20], sa_mask[0]=11111111011111111101111111111110, sa_flags=SA_RESTART|SA_SIGINFO
SIGILL: [libjvm.so+0x919a20], sa_mask[0]=11111111011111111101111111111110, sa_flags=SA_RESTART|SA_SIGINFO
SIGUSR1: SIG_DFL, sa_mask[0]=00000000000000000000000000000000, sa_flags=none
SIGUSR2: [libjvm.so+0x91b050], sa_mask[0]=00100000000000000000000000000000, sa_flags=SA_RESTART|SA_SIGINFO
SIGHUP: [libjvm.so+0x91c450], sa_mask[0]=11111111011111111101111111111110, sa_flags=SA_RESTART|SA_SIGINFO
SIGINT: [libjvm.so+0x91c450], sa_mask[0]=11111111011111111101111111111110, sa_flags=SA_RESTART|SA_SIGINFO
SIGTERM: [libjvm.so+0x91c450], sa_mask[0]=11111111011111111101111111111110, sa_flags=SA_RESTART|SA_SIGINFO
SIGQUIT: [libjvm.so+0x91c450], sa_mask[0]=11111111011111111101111111111110, sa_flags=SA_RESTART|SA_SIGINFO


---------------  S Y S T E M  ---------------

OS:DISTRIB_ID=Ubuntu
DISTRIB_RELEASE=16.04
DISTRIB_CODENAME=xenial
DISTRIB_DESCRIPTION="Ubuntu 16.04.1 LTS"

uname:Linux 4.4.0-31-generic #50-Ubuntu SMP Wed Jul 13 00:07:12 UTC 2016 x86_64
libc:glibc 2.23 NPTL 2.23 
rlimit: STACK 8192k, CORE 0k, NPROC 15337, NOFILE 65536, AS infinity
load average:3.47 1.30 1.01

/proc/meminfo:
MemTotal:        3965112 kB
MemFree:          337948 kB
MemAvailable:     263752 kB
Buffers:            6232 kB
Cached:           225292 kB
SwapCached:            0 kB
Active:          3251532 kB
Inactive:         189556 kB
Active(anon):    3225812 kB
Inactive(anon):   154064 kB
Active(file):      25720 kB
Inactive(file):    35492 kB
Unevictable:          32 kB
Mlocked:              32 kB
SwapTotal:             0 kB
SwapFree:              0 kB
Dirty:              2852 kB
Writeback:             0 kB
AnonPages:       3209696 kB
Mapped:            85804 kB
Shmem:            170212 kB
Slab:              71956 kB
SReclaimable:      35300 kB
SUnreclaim:        36656 kB
KernelStack:       10480 kB
PageTables:        37200 kB
NFS_Unstable:          0 kB
Bounce:                0 kB
WritebackTmp:          0 kB
CommitLimit:     1982556 kB
Committed_AS:    6761876 kB
VmallocTotal:   34359738367 kB
VmallocUsed:           0 kB
VmallocChunk:          0 kB
HardwareCorrupted:     0 kB
AnonHugePages:   1699840 kB
CmaTotal:              0 kB
CmaFree:               0 kB
HugePages_Total:       0
HugePages_Free:        0
HugePages_Rsvd:        0
HugePages_Surp:        0
Hugepagesize:       2048 kB
DirectMap4k:      164924 kB
DirectMap2M:     3948544 kB
DirectMap1G:     1048576 kB


CPU:total 4 (2 cores per cpu, 2 threads per core) family 6 model 61 stepping 4, cmov, cx8, fxsr, mmx, sse, sse2, sse3, ssse3, sse4.1, sse4.2, popcnt, avx, avx2, aes, clmul, erms, 3dnowpref, lzcnt, ht, tsc, tscinvbit, bmi1, bmi2, adx

/proc/cpuinfo:
processor	: 0
vendor_id	: GenuineIntel
cpu family	: 6
model		: 61
model name	: Intel(R) Core(TM) i5-5200U CPU @ 2.20GHz
stepping	: 4
microcode	: 0x22
cpu MHz		: 2205.070
cache size	: 3072 KB
physical id	: 0
siblings	: 4
core id		: 0
cpu cores	: 2
apicid		: 0
initial apicid	: 0
fpu		: yes
fpu_exception	: yes
cpuid level	: 20
wp		: yes
flags		: fpu vme de pse tsc msr pae mce cx8 apic sep mtrr pge mca cmov pat pse36 clflush dts acpi mmx fxsr sse sse2 ss ht tm pbe syscall nx pdpe1gb rdtscp lm constant_tsc arch_perfmon pebs bts rep_good nopl xtopology nonstop_tsc aperfmperf eagerfpu pni pclmulqdq dtes64 monitor ds_cpl vmx est tm2 ssse3 sdbg fma cx16 xtpr pdcm pcid sse4_1 sse4_2 x2apic movbe popcnt tsc_deadline_timer aes xsave avx f16c rdrand lahf_lm abm 3dnowprefetch epb intel_pt tpr_shadow vnmi flexpriority ept vpid fsgsbase tsc_adjust bmi1 avx2 smep bmi2 erms invpcid rdseed adx smap xsaveopt dtherm ida arat pln pts
bugs		:
bogomips	: 4389.59
clflush size	: 64
cache_alignment	: 64
address sizes	: 39 bits physical, 48 bits virtual
power management:

processor	: 1
vendor_id	: GenuineIntel
cpu family	: 6
model		: 61
model name	: Intel(R) Core(TM) i5-5200U CPU @ 2.20GHz
stepping	: 4
microcode	: 0x22
cpu MHz		: 2309.226
cache size	: 3072 KB
physical id	: 0
siblings	: 4
core id		: 1
cpu cores	: 2
apicid		: 2
initial apicid	: 2
fpu		: yes
fpu_exception	: yes
cpuid level	: 20
wp		: yes
flags		: fpu vme de pse tsc msr pae mce cx8 apic sep mtrr pge mca cmov pat pse36 clflush dts acpi mmx fxsr sse sse2 ss ht tm pbe syscall nx pdpe1gb rdtscp lm constant_tsc arch_perfmon pebs bts rep_good nopl xtopology nonstop_tsc aperfmperf eagerfpu pni pclmulqdq dtes64 monitor ds_cpl vmx est tm2 ssse3 sdbg fma cx16 xtpr pdcm pcid sse4_1 sse4_2 x2apic movbe popcnt tsc_deadline_timer aes xsave avx f16c rdrand lahf_lm abm 3dnowprefetch epb intel_pt tpr_shadow vnmi flexpriority ept vpid fsgsbase tsc_adjust bmi1 avx2 smep bmi2 erms invpcid rdseed adx smap xsaveopt dtherm ida arat pln pts
bugs		:
bogomips	: 4389.59
clflush size	: 64
cache_alignment	: 64
address sizes	: 39 bits physical, 48 bits virtual
power management:

processor	: 2
vendor_id	: GenuineIntel
cpu family	: 6
model		: 61
model name	: Intel(R) Core(TM) i5-5200U CPU @ 2.20GHz
stepping	: 4
microcode	: 0x22
cpu MHz		: 2164.335
cache size	: 3072 KB
physical id	: 0
siblings	: 4
core id		: 0
cpu cores	: 2
apicid		: 1
initial apicid	: 1
fpu		: yes
fpu_exception	: yes
cpuid level	: 20
wp		: yes
flags		: fpu vme de pse tsc msr pae mce cx8 apic sep mtrr pge mca cmov pat pse36 clflush dts acpi mmx fxsr sse sse2 ss ht tm pbe syscall nx pdpe1gb rdtscp lm constant_tsc arch_perfmon pebs bts rep_good nopl xtopology nonstop_tsc aperfmperf eagerfpu pni pclmulqdq dtes64 monitor ds_cpl vmx est tm2 ssse3 sdbg fma cx16 xtpr pdcm pcid sse4_1 sse4_2 x2apic movbe popcnt tsc_deadline_timer aes xsave avx f16c rdrand lahf_lm abm 3dnowprefetch epb intel_pt tpr_shadow vnmi flexpriority ept vpid fsgsbase tsc_adjust bmi1 avx2 smep bmi2 erms invpcid rdseed adx smap xsaveopt dtherm ida arat pln pts
bugs		:
bogomips	: 4389.59
clflush size	: 64
cache_alignment	: 64
address sizes	: 39 bits physical, 48 bits virtual
power management:

processor	: 3
vendor_id	: GenuineIntel
cpu family	: 6
model		: 61
model name	: Intel(R) Core(TM) i5-5200U CPU @ 2.20GHz
stepping	: 4
microcode	: 0x22
cpu MHz		: 2133.742
cache size	: 3072 KB
physical id	: 0
siblings	: 4
core id		: 1
cpu cores	: 2
apicid		: 3
initial apicid	: 3
fpu		: yes
fpu_exception	: yes
cpuid level	: 20
wp		: yes
flags		: fpu vme de pse tsc msr pae mce cx8 apic sep mtrr pge mca cmov pat pse36 clflush dts acpi mmx fxsr sse sse2 ss ht tm pbe syscall nx pdpe1gb rdtscp lm constant_tsc arch_perfmon pebs bts rep_good nopl xtopology nonstop_tsc aperfmperf eagerfpu pni pclmulqdq dtes64 monitor ds_cpl vmx est tm2 ssse3 sdbg fma cx16 xtpr pdcm pcid sse4_1 sse4_2 x2apic movbe popcnt tsc_deadline_timer aes xsave avx f16c rdrand lahf_lm abm 3dnowprefetch epb intel_pt tpr_shadow vnmi flexpriority ept vpid fsgsbase tsc_adjust bmi1 avx2 smep bmi2 erms invpcid rdseed adx smap xsaveopt dtherm ida arat pln pts
bugs		:
bogomips	: 4389.59
clflush size	: 64
cache_alignment	: 64
address sizes	: 39 bits physical, 48 bits virtual
power management:



Memory: 4k page, physical 3965112k(337948k free), swap 0k(0k free)

vm_info: Java HotSpot(TM) 64-Bit Server VM (25.91-b14) for linux-amd64 JRE (1.8.0_91-b14), built on Apr  1 2016 00:57:21 by "java_re" with gcc 4.3.0 20080428 (Red Hat 4.3.0-8)

time: Tue Jul 26 14:50:57 2016
elapsed time: 13 seconds (0d 0h 0m 13s)

