#
# There is insufficient memory for the Java Runtime Environment to continue.
# Native memory allocation (mmap) failed to map 148897792 bytes for committing reserved memory.
# Possible reasons:
#   The system is out of physical RAM or swap space
#   In 32 bit mode, the process size limit was hit
# Possible solutions:
#   Reduce memory load on the system
#   Increase physical memory or swap space
#   Check if swap backing store is full
#   Use 64 bit Java on a 64 bit OS
#   Decrease Java heap size (-Xmx/-Xms)
#   Decrease number of Java threads
#   Decrease Java thread stack sizes (-Xss)
#   Set larger code cache with -XX:ReservedCodeCacheSize=
# This output file may be truncated or incomplete.
#
#  Out of Memory Error (os_linux.cpp:2627), pid=9480, tid=140507107768064
#
# JRE version: Java(TM) SE Runtime Environment (8.0_91-b14) (build 1.8.0_91-b14)
# Java VM: Java HotSpot(TM) 64-Bit Server VM (25.91-b14 mixed mode linux-amd64 compressed oops)
# Failed to write core dump. Core dumps have been disabled. To enable core dumping, try "ulimit -c unlimited" before starting Java again
#

---------------  T H R E A D  ---------------

Current thread (0x00007fca6c078000):  VMThread [stack: 0x00007fca5c2f3000,0x00007fca5c3f4000] [id=9521]

Stack: [0x00007fca5c2f3000,0x00007fca5c3f4000],  sp=0x00007fca5c3f2120,  free space=1020k
Native frames: (J=compiled Java code, j=interpreted, Vv=VM code, C=native code)
V  [libjvm.so+0xabc18a]  VMError::report_and_die()+0x2ba
V  [libjvm.so+0x4fafeb]  report_vm_out_of_memory(char const*, int, unsigned long, VMErrorType, char const*)+0x8b
V  [libjvm.so+0x91cbb3]  os::Linux::commit_memory_impl(char*, unsigned long, bool)+0x103
V  [libjvm.so+0x91d109]  os::pd_commit_memory(char*, unsigned long, unsigned long, bool)+0x29
V  [libjvm.so+0x91740a]  os::commit_memory(char*, unsigned long, unsigned long, bool)+0x2a
V  [libjvm.so+0x98b033]  PSVirtualSpace::expand_by(unsigned long)+0x53
V  [libjvm.so+0x98c438]  PSYoungGen::resize_generation(unsigned long, unsigned long)+0xf8
V  [libjvm.so+0x98b592]  PSYoungGen::resize(unsigned long, unsigned long)+0x22
V  [libjvm.so+0x98886b]  PSScavenge::invoke_no_policy()+0xf3b
V  [libjvm.so+0x988ff1]  PSScavenge::invoke()+0x41
V  [libjvm.so+0x9408b0]  ParallelScavengeHeap::failed_mem_allocate(unsigned long)+0x70
V  [libjvm.so+0xabdba7]  VM_ParallelGCFailedAllocation::doit()+0x97
V  [libjvm.so+0xac55d5]  VM_Operation::evaluate()+0x55
V  [libjvm.so+0xac39aa]  VMThread::evaluate_operation(VM_Operation*)+0xba
V  [libjvm.so+0xac3d2e]  VMThread::loop()+0x1ce
V  [libjvm.so+0xac41a0]  VMThread::run()+0x70
V  [libjvm.so+0x91ef78]  java_start(Thread*)+0x108

VM_Operation (0x00007fca74ad3b20): ParallelGCFailedAllocation, mode: safepoint, requested by thread 0x00007fca6c00a000


---------------  P R O C E S S  ---------------

Java Threads: ( => current thread )
  0x00007fca6c0c0000 JavaThread "Service Thread" daemon [_thread_blocked, id=9546, stack(0x00007fca55823000,0x00007fca55924000)]
  0x00007fca6c0bd000 JavaThread "C1 CompilerThread2" daemon [_thread_blocked, id=9541, stack(0x00007fca55924000,0x00007fca55a25000)]
  0x00007fca6c0bb800 JavaThread "C2 CompilerThread1" daemon [_thread_blocked, id=9537, stack(0x00007fca55a25000,0x00007fca55b26000)]
  0x00007fca6c0b8800 JavaThread "C2 CompilerThread0" daemon [_thread_blocked, id=9534, stack(0x00007fca55b26000,0x00007fca55c27000)]
  0x00007fca6c0b7000 JavaThread "Signal Dispatcher" daemon [_thread_blocked, id=9533, stack(0x00007fca55c27000,0x00007fca55d28000)]
  0x00007fca6c084000 JavaThread "Finalizer" daemon [_thread_blocked, id=9527, stack(0x00007fca5c0f1000,0x00007fca5c1f2000)]
  0x00007fca6c07f800 JavaThread "Reference Handler" daemon [_thread_blocked, id=9523, stack(0x00007fca5c1f2000,0x00007fca5c2f3000)]
  0x00007fca6c00a000 JavaThread "main" [_thread_blocked, id=9499, stack(0x00007fca749d5000,0x00007fca74ad6000)]

Other Threads:
=>0x00007fca6c078000 VMThread [stack: 0x00007fca5c2f3000,0x00007fca5c3f4000] [id=9521]
  0x00007fca6c0c2800 WatcherThread [stack: 0x00007fca55722000,0x00007fca55823000] [id=9551]

VM state:at safepoint (normal execution)

VM Mutex/Monitor currently owned by a thread:  ([mutex/lock_event])
[0x00007fca6c0065d0] Threads_lock - owner thread: 0x00007fca6c078000
[0x00007fca6c006ad0] Heap_lock - owner thread: 0x00007fca6c00a000

Heap:
 PSYoungGen      total 139264K, used 13804K [0x00000000eab00000, 0x00000000f4200000, 0x0000000100000000)
  eden space 125440K, 0% used [0x00000000eab00000,0x00000000eab00000,0x00000000f2580000)
  from space 13824K, 99% used [0x00000000f2580000,0x00000000f32fb3b8,0x00000000f3300000)
  to   space 12288K, 0% used [0x00000000f3300000,0x00000000f3300000,0x00000000f3f00000)
 ParOldGen       total 42496K, used 38901K [0x00000000c0000000, 0x00000000c2980000, 0x00000000eab00000)
  object space 42496K, 91% used [0x00000000c0000000,0x00000000c25fd628,0x00000000c2980000)
 Metaspace       used 5974K, capacity 7152K, committed 7296K, reserved 1056768K
  class space    used 556K, capacity 616K, committed 640K, reserved 1048576K

Card table byte_map: [0x00007fca71589000,0x00007fca7178a000] byte_map_base: 0x00007fca70f89000

Marking Bits: (ParMarkBitMap*) 0x00007fca73ea7d60
 Begin Bits: [0x00007fca56000000, 0x00007fca57000000)
 End Bits:   [0x00007fca57000000, 0x00007fca58000000)

Polling page: 0x00007fca74af6000

CodeCache: size=245760Kb used=7664Kb max_used=7678Kb free=238095Kb
 bounds [0x00007fca5d000000, 0x00007fca5d790000, 0x00007fca6c000000]
 total_blobs=2064 nmethods=1799 adapters=178
 compilation: enabled

Compilation events (10 events):
Event: 12.575 Thread 0x00007fca6c0bd000 1878       2       com.android.dx.ssa.ConstCollector$1::compare (13 bytes)
Event: 12.575 Thread 0x00007fca6c0bd000 nmethod 1878 0x00007fca5d726810 code [0x00007fca5d726980, 0x00007fca5d726b48]
Event: 12.575 Thread 0x00007fca6c0bd000 1879       2       com.android.dx.ssa.ConstCollector$1::compare (42 bytes)
Event: 12.576 Thread 0x00007fca6c0bd000 nmethod 1879 0x00007fca5d725f50 code [0x00007fca5d726120, 0x00007fca5d7264b8]
Event: 12.596 Thread 0x00007fca6c0bb800 nmethod 1856 0x00007fca5d77e690 code [0x00007fca5d77e9e0, 0x00007fca5d781108]
Event: 12.597 Thread 0x00007fca6c0bb800 1768       4       com.android.dx.ssa.back.SsaToRop$1::visitBlock (97 bytes)
Event: 12.830 Thread 0x00007fca6c0bb800 nmethod 1768 0x00007fca5d7838d0 code [0x00007fca5d783b60, 0x00007fca5d785228]
Event: 12.830 Thread 0x00007fca6c0bb800 1881       4       com.android.dx.rop.code.BasicBlockList::forEachInsn (39 bytes)
Event: 12.834 Thread 0x00007fca6c0bb800 nmethod 1881 0x00007fca5d772950 code [0x00007fca5d772ac0, 0x00007fca5d772d98]
Event: 12.834 Thread 0x00007fca6c0bb800 1399       4       com.android.dx.ssa.SsaRenamer$BlockRenamer::process (191 bytes)

GC Heap History (10 events):
Event: 6.049 GC heap after
Heap after GC invocations=2 (full 0):
 PSYoungGen      total 34304K, used 2535K [0x00000000eab00000, 0x00000000ecf00000, 0x0000000100000000)
  eden space 31744K, 0% used [0x00000000eab00000,0x00000000eab00000,0x00000000eca00000)
  from space 2560K, 99% used [0x00000000ecc80000,0x00000000ecef9c78,0x00000000ecf00000)
  to   space 2560K, 0% used [0x00000000eca00000,0x00000000eca00000,0x00000000ecc80000)
 ParOldGen       total 42496K, used 4113K [0x00000000c0000000, 0x00000000c2980000, 0x00000000eab00000)
  object space 42496K, 9% used [0x00000000c0000000,0x00000000c0404798,0x00000000c2980000)
 Metaspace       used 5674K, capacity 6960K, committed 7040K, reserved 1056768K
  class space    used 552K, capacity 616K, committed 640K, reserved 1048576K
}
Event: 7.911 GC heap before
{Heap before GC invocations=3 (full 0):
 PSYoungGen      total 34304K, used 34279K [0x00000000eab00000, 0x00000000ecf00000, 0x0000000100000000)
  eden space 31744K, 100% used [0x00000000eab00000,0x00000000eca00000,0x00000000eca00000)
  from space 2560K, 99% used [0x00000000ecc80000,0x00000000ecef9c78,0x00000000ecf00000)
  to   space 2560K, 0% used [0x00000000eca00000,0x00000000eca00000,0x00000000ecc80000)
 ParOldGen       total 42496K, used 4113K [0x00000000c0000000, 0x00000000c2980000, 0x00000000eab00000)
  object space 42496K, 9% used [0x00000000c0000000,0x00000000c0404798,0x00000000c2980000)
 Metaspace       used 5824K, capacity 7088K, committed 7296K, reserved 1056768K
  class space    used 555K, capacity 616K, committed 640K, reserved 1048576K
Event: 7.948 GC heap after
Heap after GC invocations=3 (full 0):
 PSYoungGen      total 34304K, used 2544K [0x00000000eab00000, 0x00000000eee00000, 0x0000000100000000)
  eden space 31744K, 0% used [0x00000000eab00000,0x00000000eab00000,0x00000000eca00000)
  from space 2560K, 99% used [0x00000000eca00000,0x00000000ecc7c3d8,0x00000000ecc80000)
  to   space 2560K, 0% used [0x00000000eeb80000,0x00000000eeb80000,0x00000000eee00000)
 ParOldGen       total 42496K, used 8808K [0x00000000c0000000, 0x00000000c2980000, 0x00000000eab00000)
  object space 42496K, 20% used [0x00000000c0000000,0x00000000c089a068,0x00000000c2980000)
 Metaspace       used 5824K, capacity 7088K, committed 7296K, reserved 1056768K
  class space    used 555K, capacity 616K, committed 640K, reserved 1048576K
}
Event: 8.326 GC heap before
{Heap before GC invocations=4 (full 0):
 PSYoungGen      total 34304K, used 34288K [0x00000000eab00000, 0x00000000eee00000, 0x0000000100000000)
  eden space 31744K, 100% used [0x00000000eab00000,0x00000000eca00000,0x00000000eca00000)
  from space 2560K, 99% used [0x00000000eca00000,0x00000000ecc7c3d8,0x00000000ecc80000)
  to   space 2560K, 0% used [0x00000000eeb80000,0x00000000eeb80000,0x00000000eee00000)
 ParOldGen       total 42496K, used 8808K [0x00000000c0000000, 0x00000000c2980000, 0x00000000eab00000)
  object space 42496K, 20% used [0x00000000c0000000,0x00000000c089a068,0x00000000c2980000)
 Metaspace       used 5843K, capacity 7088K, committed 7296K, reserved 1056768K
  class space    used 555K, capacity 616K, committed 640K, reserved 1048576K
Event: 8.365 GC heap after
Heap after GC invocations=4 (full 0):
 PSYoungGen      total 66048K, used 2560K [0x00000000eab00000, 0x00000000eee00000, 0x0000000100000000)
  eden space 63488K, 0% used [0x00000000eab00000,0x00000000eab00000,0x00000000ee900000)
  from space 2560K, 100% used [0x00000000eeb80000,0x00000000eee00000,0x00000000eee00000)
  to   space 2560K, 0% used [0x00000000ee900000,0x00000000ee900000,0x00000000eeb80000)
 ParOldGen       total 42496K, used 12375K [0x00000000c0000000, 0x00000000c2980000, 0x00000000eab00000)
  object space 42496K, 29% used [0x00000000c0000000,0x00000000c0c15fb8,0x00000000c2980000)
 Metaspace       used 5843K, capacity 7088K, committed 7296K, reserved 1056768K
  class space    used 555K, capacity 616K, committed 640K, reserved 1048576K
}
Event: 9.267 GC heap before
{Heap before GC invocations=5 (full 0):
 PSYoungGen      total 66048K, used 66048K [0x00000000eab00000, 0x00000000eee00000, 0x0000000100000000)
  eden space 63488K, 100% used [0x00000000eab00000,0x00000000ee900000,0x00000000ee900000)
  from space 2560K, 100% used [0x00000000eeb80000,0x00000000eee00000,0x00000000eee00000)
  to   space 2560K, 0% used [0x00000000ee900000,0x00000000ee900000,0x00000000eeb80000)
 ParOldGen       total 42496K, used 12375K [0x00000000c0000000, 0x00000000c2980000, 0x00000000eab00000)
  object space 42496K, 29% used [0x00000000c0000000,0x00000000c0c15fb8,0x00000000c2980000)
 Metaspace       used 5891K, capacity 7088K, committed 7296K, reserved 1056768K
  class space    used 556K, capacity 616K, committed 640K, reserved 1048576K
Event: 9.346 GC heap after
Heap after GC invocations=5 (full 0):
 PSYoungGen      total 66048K, used 2531K [0x00000000eab00000, 0x00000000f3f00000, 0x0000000100000000)
  eden space 63488K, 0% used [0x00000000eab00000,0x00000000eab00000,0x00000000ee900000)
  from space 2560K, 98% used [0x00000000ee900000,0x00000000eeb78ff8,0x00000000eeb80000)
  to   space 12288K, 0% used [0x00000000f3300000,0x00000000f3300000,0x00000000f3f00000)
 ParOldGen       total 42496K, used 22242K [0x00000000c0000000, 0x00000000c2980000, 0x00000000eab00000)
  object space 42496K, 52% used [0x00000000c0000000,0x00000000c15b8b60,0x00000000c2980000)
 Metaspace       used 5891K, capacity 7088K, committed 7296K, reserved 1056768K
  class space    used 556K, capacity 616K, committed 640K, reserved 1048576K
}
Event: 10.113 GC heap before
{Heap before GC invocations=6 (full 0):
 PSYoungGen      total 66048K, used 66019K [0x00000000eab00000, 0x00000000f3f00000, 0x0000000100000000)
  eden space 63488K, 100% used [0x00000000eab00000,0x00000000ee900000,0x00000000ee900000)
  from space 2560K, 98% used [0x00000000ee900000,0x00000000eeb78ff8,0x00000000eeb80000)
  to   space 12288K, 0% used [0x00000000f3300000,0x00000000f3300000,0x00000000f3f00000)
 ParOldGen       total 42496K, used 22242K [0x00000000c0000000, 0x00000000c2980000, 0x00000000eab00000)
  object space 42496K, 52% used [0x00000000c0000000,0x00000000c15b8b60,0x00000000c2980000)
 Metaspace       used 5941K, capacity 7152K, committed 7296K, reserved 1056768K
  class space    used 556K, capacity 616K, committed 640K, reserved 1048576K
Event: 10.170 GC heap after
Heap after GC invocations=6 (full 0):
 PSYoungGen      total 137728K, used 11904K [0x00000000eab00000, 0x00000000f4200000, 0x0000000100000000)
  eden space 125440K, 0% used [0x00000000eab00000,0x00000000eab00000,0x00000000f2580000)
  from space 12288K, 96% used [0x00000000f3300000,0x00000000f3ea0010,0x00000000f3f00000)
  to   space 13824K, 0% used [0x00000000f2580000,0x00000000f2580000,0x00000000f3300000)
 ParOldGen       total 42496K, used 22242K [0x00000000c0000000, 0x00000000c2980000, 0x00000000eab00000)
  object space 42496K, 52% used [0x00000000c0000000,0x00000000c15b8b60,0x00000000c2980000)
 Metaspace       used 5941K, capacity 7152K, committed 7296K, reserved 1056768K
  class space    used 556K, capacity 616K, committed 640K, reserved 1048576K
}
Event: 12.932 GC heap before
{Heap before GC invocations=7 (full 0):
 PSYoungGen      total 137728K, used 137344K [0x00000000eab00000, 0x00000000f4200000, 0x0000000100000000)
  eden space 125440K, 100% used [0x00000000eab00000,0x00000000f2580000,0x00000000f2580000)
  from space 12288K, 96% used [0x00000000f3300000,0x00000000f3ea0010,0x00000000f3f00000)
  to   space 13824K, 0% used [0x00000000f2580000,0x00000000f2580000,0x00000000f3300000)
 ParOldGen       total 42496K, used 22242K [0x00000000c0000000, 0x00000000c2980000, 0x00000000eab00000)
  object space 42496K, 52% used [0x00000000c0000000,0x00000000c15b8b60,0x00000000c2980000)
 Metaspace       used 5974K, capacity 7152K, committed 7296K, reserved 1056768K
  class space    used 556K, capacity 616K, committed 640K, reserved 1048576K

Deoptimization events (10 events):
Event: 9.548 Thread 0x00007fca6c00a000 Uncommon trap: reason=unstable_if action=reinterpret pc=0x00007fca5d67efec method=com.android.dx.ssa.SCCP.simulateStmt(Lcom/android/dx/ssa/SsaInsn;)V @ 59
Event: 9.785 Thread 0x00007fca6c00a000 Uncommon trap: reason=unstable_if action=reinterpret pc=0x00007fca5d493fc4 method=com.android.dx.util.IntList.binarysearch(I)I @ 105
Event: 9.793 Thread 0x00007fca6c00a000 Uncommon trap: reason=unstable_if action=reinterpret pc=0x00007fca5d511f40 method=com.android.dx.ssa.MoveParamCombiner$1.visitNonMoveInsn(Lcom/android/dx/ssa/NormalSsaInsn;)V @ 27
Event: 9.946 Thread 0x00007fca6c00a000 Uncommon trap: reason=bimorphic action=maybe_recompile pc=0x00007fca5d6c622c method=com.android.dx.rop.code.RegisterSpec.withSimpleType()Lcom/android/dx/rop/code/RegisterSpec; @ 21
Event: 9.946 Thread 0x00007fca6c00a000 Uncommon trap: reason=bimorphic action=maybe_recompile pc=0x00007fca5d6c622c method=com.android.dx.rop.code.RegisterSpec.withSimpleType()Lcom/android/dx/rop/code/RegisterSpec; @ 21
Event: 9.946 Thread 0x00007fca6c00a000 Uncommon trap: reason=bimorphic action=maybe_recompile pc=0x00007fca5d6c622c method=com.android.dx.rop.code.RegisterSpec.withSimpleType()Lcom/android/dx/rop/code/RegisterSpec; @ 21
Event: 9.946 Thread 0x00007fca6c00a000 Uncommon trap: reason=bimorphic action=maybe_recompile pc=0x00007fca5d6c622c method=com.android.dx.rop.code.RegisterSpec.withSimpleType()Lcom/android/dx/rop/code/RegisterSpec; @ 21
Event: 11.168 Thread 0x00007fca6c00a000 Uncommon trap: reason=class_check action=maybe_recompile pc=0x00007fca5d486b24 method=java.util.HashMap.putVal(ILjava/lang/Object;Ljava/lang/Object;ZZ)Ljava/lang/Object; @ 203
Event: 11.168 Thread 0x00007fca6c00a000 Uncommon trap: reason=class_check action=maybe_recompile pc=0x00007fca5d486b24 method=java.util.HashMap.putVal(ILjava/lang/Object;Ljava/lang/Object;ZZ)Ljava/lang/Object; @ 203
Event: 11.168 Thread 0x00007fca6c00a000 Uncommon trap: reason=class_check action=maybe_recompile pc=0x00007fca5d486b24 method=java.util.HashMap.putVal(ILjava/lang/Object;Ljava/lang/Object;ZZ)Ljava/lang/Object; @ 203

Internal exceptions (5 events):
Event: 0.283 Thread 0x00007fca6c00a000 Exception <a 'java/lang/NoSuchMethodError': Method sun.misc.Unsafe.defineClass(Ljava/lang/String;[BII)Ljava/lang/Class; name or signature does not match> (0x00000000eab07cc0) thrown at [/HUDSON/workspace/8-2-build-linux-amd64/jdk8u91/6644/hotspot/src/shar
Event: 0.283 Thread 0x00007fca6c00a000 Exception <a 'java/lang/NoSuchMethodError': Method sun.misc.Unsafe.prefetchRead(Ljava/lang/Object;J)V name or signature does not match> (0x00000000eab07fa8) thrown at [/HUDSON/workspace/8-2-build-linux-amd64/jdk8u91/6644/hotspot/src/share/vm/prims/jni.cpp
Event: 4.833 Thread 0x00007fca6c00a000 Implicit null exception at 0x00007fca5d326317 to 0x00007fca5d328935
Event: 8.066 Thread 0x00007fca6c00a000 Implicit null exception at 0x00007fca5d4f05a2 to 0x00007fca5d4f069b
Event: 8.761 Thread 0x00007fca6c00a000 Implicit null exception at 0x00007fca5d5a073a to 0x00007fca5d5a1b85

Events (10 events):
Event: 11.168 Thread 0x00007fca6c00a000 Uncommon trap: trap_request=0xffffffde fr.pc=0x00007fca5d486b24
Event: 11.168 Thread 0x00007fca6c00a000 DEOPT PACKING pc=0x00007fca5d486b24 sp=0x00007fca74ad38b0
Event: 11.168 Thread 0x00007fca6c00a000 DEOPT UNPACKING pc=0x00007fca5d005229 sp=0x00007fca74ad3858 mode 2
Event: 11.168 Thread 0x00007fca6c00a000 Uncommon trap: trap_request=0xffffffde fr.pc=0x00007fca5d486b24
Event: 11.168 Thread 0x00007fca6c00a000 DEOPT PACKING pc=0x00007fca5d486b24 sp=0x00007fca74ad38b0
Event: 11.168 Thread 0x00007fca6c00a000 DEOPT UNPACKING pc=0x00007fca5d005229 sp=0x00007fca74ad3858 mode 2
Event: 11.168 Thread 0x00007fca6c00a000 Uncommon trap: trap_request=0xffffffde fr.pc=0x00007fca5d486b24
Event: 11.168 Thread 0x00007fca6c00a000 DEOPT PACKING pc=0x00007fca5d486b24 sp=0x00007fca74ad3a30
Event: 11.168 Thread 0x00007fca6c00a000 DEOPT UNPACKING pc=0x00007fca5d005229 sp=0x00007fca74ad39d8 mode 2
Event: 12.932 Executing VM operation: ParallelGCFailedAllocation


Dynamic libraries:
00400000-00401000 r-xp 00000000 08:04 924979                             /usr/lib/jvm/java-8-oracle/bin/java
00600000-00601000 rw-p 00000000 08:04 924979                             /usr/lib/jvm/java-8-oracle/bin/java
0244b000-0246c000 rw-p 00000000 00:00 0                                  [heap]
c0000000-c2980000 rw-p 00000000 00:00 0 
c2980000-eab00000 ---p 00000000 00:00 0 
eab00000-f4200000 rw-p 00000000 00:00 0 
fd000000-100000000 ---p 00000000 00:00 0 
100000000-1000a0000 rw-p 00000000 00:00 0 
1000a0000-140000000 ---p 00000000 00:00 0 
7fca24000000-7fca24021000 rw-p 00000000 00:00 0 
7fca24021000-7fca28000000 ---p 00000000 00:00 0 
7fca28000000-7fca28021000 rw-p 00000000 00:00 0 
7fca28021000-7fca2c000000 ---p 00000000 00:00 0 
7fca2c000000-7fca2cc4a000 rw-p 00000000 00:00 0 
7fca2cc4a000-7fca30000000 ---p 00000000 00:00 0 
7fca30000000-7fca30a0a000 rw-p 00000000 00:00 0 
7fca30a0a000-7fca34000000 ---p 00000000 00:00 0 
7fca34000000-7fca34021000 rw-p 00000000 00:00 0 
7fca34021000-7fca38000000 ---p 00000000 00:00 0 
7fca38000000-7fca38fc3000 rw-p 00000000 00:00 0 
7fca38fc3000-7fca3c000000 ---p 00000000 00:00 0 
7fca3c000000-7fca3c021000 rw-p 00000000 00:00 0 
7fca3c021000-7fca40000000 ---p 00000000 00:00 0 
7fca40000000-7fca40021000 rw-p 00000000 00:00 0 
7fca40021000-7fca44000000 ---p 00000000 00:00 0 
7fca44000000-7fca44021000 rw-p 00000000 00:00 0 
7fca44021000-7fca48000000 ---p 00000000 00:00 0 
7fca48000000-7fca4828d000 rw-p 00000000 00:00 0 
7fca4828d000-7fca4c000000 ---p 00000000 00:00 0 
7fca4c000000-7fca4c021000 rw-p 00000000 00:00 0 
7fca4c021000-7fca50000000 ---p 00000000 00:00 0 
7fca50000000-7fca50021000 rw-p 00000000 00:00 0 
7fca50021000-7fca54000000 ---p 00000000 00:00 0 
7fca55722000-7fca55723000 ---p 00000000 00:00 0 
7fca55723000-7fca55823000 rw-p 00000000 00:00 0 
7fca55823000-7fca55826000 ---p 00000000 00:00 0 
7fca55826000-7fca55924000 rw-p 00000000 00:00 0 
7fca55924000-7fca55927000 ---p 00000000 00:00 0 
7fca55927000-7fca55a25000 rw-p 00000000 00:00 0 
7fca55a25000-7fca55a28000 ---p 00000000 00:00 0 
7fca55a28000-7fca55b26000 rw-p 00000000 00:00 0 
7fca55b26000-7fca55b29000 ---p 00000000 00:00 0 
7fca55b29000-7fca55c27000 rw-p 00000000 00:00 0 
7fca55c27000-7fca55c2a000 ---p 00000000 00:00 0 
7fca55c2a000-7fca55d28000 rw-p 00000000 00:00 0 
7fca55d28000-7fca56000000 r--p 00000000 08:04 655380                     /usr/lib/locale/locale-archive
7fca56000000-7fca58000000 rw-p 00000000 00:00 0 
7fca58000000-7fca58021000 rw-p 00000000 00:00 0 
7fca58021000-7fca5c000000 ---p 00000000 00:00 0 
7fca5c0f1000-7fca5c0f4000 ---p 00000000 00:00 0 
7fca5c0f4000-7fca5c1f2000 rw-p 00000000 00:00 0 
7fca5c1f2000-7fca5c1f5000 ---p 00000000 00:00 0 
7fca5c1f5000-7fca5c2f3000 rw-p 00000000 00:00 0 
7fca5c2f3000-7fca5c2f4000 ---p 00000000 00:00 0 
7fca5c2f4000-7fca5d000000 rw-p 00000000 00:00 0 
7fca5d000000-7fca5d790000 rwxp 00000000 00:00 0 
7fca5d790000-7fca6c000000 ---p 00000000 00:00 0 
7fca6c000000-7fca6c391000 rw-p 00000000 00:00 0 
7fca6c391000-7fca70000000 ---p 00000000 00:00 0 
7fca70019000-7fca7002b000 r--s 000c6000 08:04 2247872                    /home/akanksha/Documents/AndroidStudioProjects/Sunshine-Version-2-1.01_hello_world/app/build/intermediates/exploded-aar/com.android.support/support-v4/22.2.0/jars/classes.jar
7fca7002b000-7fca703e0000 rw-p 00000000 00:00 0 
7fca703e0000-7fca705b9000 r--s 03d1f000 08:04 1711330                    /usr/lib/jvm/java-8-oracle/jre/lib/rt.jar
7fca705b9000-7fca70caf000 rw-p 00000000 00:00 0 
7fca70caf000-7fca70e2f000 ---p 00000000 00:00 0 
7fca70e2f000-7fca7102f000 rw-p 00000000 00:00 0 
7fca7102f000-7fca71030000 ---p 00000000 00:00 0 
7fca71030000-7fca71130000 rw-p 00000000 00:00 0 
7fca71130000-7fca71131000 ---p 00000000 00:00 0 
7fca71131000-7fca71231000 rw-p 00000000 00:00 0 
7fca71231000-7fca71232000 ---p 00000000 00:00 0 
7fca71232000-7fca71332000 rw-p 00000000 00:00 0 
7fca71332000-7fca71333000 ---p 00000000 00:00 0 
7fca71333000-7fca71448000 rw-p 00000000 00:00 0 
7fca71448000-7fca71589000 ---p 00000000 00:00 0 
7fca71589000-7fca7159e000 rw-p 00000000 00:00 0 
7fca7159e000-7fca716de000 ---p 00000000 00:00 0 
7fca716de000-7fca7172a000 rw-p 00000000 00:00 0 
7fca7172a000-7fca71789000 ---p 00000000 00:00 0 
7fca71789000-7fca717a9000 rw-p 00000000 00:00 0 
7fca717a9000-7fca71b4a000 ---p 00000000 00:00 0 
7fca71b4a000-7fca71b64000 r-xp 00000000 08:04 3017933                    /usr/lib/jvm/java-8-oracle/jre/lib/amd64/libzip.so
7fca71b64000-7fca71d64000 ---p 0001a000 08:04 3017933                    /usr/lib/jvm/java-8-oracle/jre/lib/amd64/libzip.so
7fca71d64000-7fca71d65000 rw-p 0001a000 08:04 3017933                    /usr/lib/jvm/java-8-oracle/jre/lib/amd64/libzip.so
7fca71d65000-7fca71d70000 r-xp 00000000 08:04 5898423                    /lib/x86_64-linux-gnu/libnss_files-2.23.so
7fca71d70000-7fca71f6f000 ---p 0000b000 08:04 5898423                    /lib/x86_64-linux-gnu/libnss_files-2.23.so
7fca71f6f000-7fca71f70000 r--p 0000a000 08:04 5898423                    /lib/x86_64-linux-gnu/libnss_files-2.23.so
7fca71f70000-7fca71f71000 rw-p 0000b000 08:04 5898423                    /lib/x86_64-linux-gnu/libnss_files-2.23.so
7fca71f71000-7fca71f77000 rw-p 00000000 00:00 0 
7fca71f77000-7fca71f82000 r-xp 00000000 08:04 5898420                    /lib/x86_64-linux-gnu/libnss_nis-2.23.so
7fca71f82000-7fca72181000 ---p 0000b000 08:04 5898420                    /lib/x86_64-linux-gnu/libnss_nis-2.23.so
7fca72181000-7fca72182000 r--p 0000a000 08:04 5898420                    /lib/x86_64-linux-gnu/libnss_nis-2.23.so
7fca72182000-7fca72183000 rw-p 0000b000 08:04 5898420                    /lib/x86_64-linux-gnu/libnss_nis-2.23.so
7fca72183000-7fca72199000 r-xp 00000000 08:04 5898418                    /lib/x86_64-linux-gnu/libnsl-2.23.so
7fca72199000-7fca72398000 ---p 00016000 08:04 5898418                    /lib/x86_64-linux-gnu/libnsl-2.23.so
7fca72398000-7fca72399000 r--p 00015000 08:04 5898418                    /lib/x86_64-linux-gnu/libnsl-2.23.so
7fca72399000-7fca7239a000 rw-p 00016000 08:04 5898418                    /lib/x86_64-linux-gnu/libnsl-2.23.so
7fca7239a000-7fca7239c000 rw-p 00000000 00:00 0 
7fca7239c000-7fca723a4000 r-xp 00000000 08:04 5898416                    /lib/x86_64-linux-gnu/libnss_compat-2.23.so
7fca723a4000-7fca725a3000 ---p 00008000 08:04 5898416                    /lib/x86_64-linux-gnu/libnss_compat-2.23.so
7fca725a3000-7fca725a4000 r--p 00007000 08:04 5898416                    /lib/x86_64-linux-gnu/libnss_compat-2.23.so
7fca725a4000-7fca725a5000 rw-p 00008000 08:04 5898416                    /lib/x86_64-linux-gnu/libnss_compat-2.23.so
7fca725a5000-7fca725cf000 r-xp 00000000 08:04 3017928                    /usr/lib/jvm/java-8-oracle/jre/lib/amd64/libjava.so
7fca725cf000-7fca727cf000 ---p 0002a000 08:04 3017928                    /usr/lib/jvm/java-8-oracle/jre/lib/amd64/libjava.so
7fca727cf000-7fca727d1000 rw-p 0002a000 08:04 3017928                    /usr/lib/jvm/java-8-oracle/jre/lib/amd64/libjava.so
7fca727d1000-7fca727de000 r-xp 00000000 08:04 3017932                    /usr/lib/jvm/java-8-oracle/jre/lib/amd64/libverify.so
7fca727de000-7fca729de000 ---p 0000d000 08:04 3017932                    /usr/lib/jvm/java-8-oracle/jre/lib/amd64/libverify.so
7fca729de000-7fca729e0000 rw-p 0000d000 08:04 3017932                    /usr/lib/jvm/java-8-oracle/jre/lib/amd64/libverify.so
7fca729e0000-7fca729e7000 r-xp 00000000 08:04 5898432                    /lib/x86_64-linux-gnu/librt-2.23.so
7fca729e7000-7fca72be6000 ---p 00007000 08:04 5898432                    /lib/x86_64-linux-gnu/librt-2.23.so
7fca72be6000-7fca72be7000 r--p 00006000 08:04 5898432                    /lib/x86_64-linux-gnu/librt-2.23.so
7fca72be7000-7fca72be8000 rw-p 00007000 08:04 5898432                    /lib/x86_64-linux-gnu/librt-2.23.so
7fca72be8000-7fca72cf0000 r-xp 00000000 08:04 5898429                    /lib/x86_64-linux-gnu/libm-2.23.so
7fca72cf0000-7fca72eef000 ---p 00108000 08:04 5898429                    /lib/x86_64-linux-gnu/libm-2.23.so
7fca72eef000-7fca72ef0000 r--p 00107000 08:04 5898429                    /lib/x86_64-linux-gnu/libm-2.23.so
7fca72ef0000-7fca72ef1000 rw-p 00108000 08:04 5898429                    /lib/x86_64-linux-gnu/libm-2.23.so
7fca72ef1000-7fca73bb1000 r-xp 00000000 08:04 3017911                    /usr/lib/jvm/java-8-oracle/jre/lib/amd64/server/libjvm.so
7fca73bb1000-7fca73db1000 ---p 00cc0000 08:04 3017911                    /usr/lib/jvm/java-8-oracle/jre/lib/amd64/server/libjvm.so
7fca73db1000-7fca73e89000 rw-p 00cc0000 08:04 3017911                    /usr/lib/jvm/java-8-oracle/jre/lib/amd64/server/libjvm.so
7fca73e89000-7fca73ed4000 rw-p 00000000 00:00 0 
7fca73ed4000-7fca74094000 r-xp 00000000 08:04 5898437                    /lib/x86_64-linux-gnu/libc-2.23.so
7fca74094000-7fca74293000 ---p 001c0000 08:04 5898437                    /lib/x86_64-linux-gnu/libc-2.23.so
7fca74293000-7fca74297000 r--p 001bf000 08:04 5898437                    /lib/x86_64-linux-gnu/libc-2.23.so
7fca74297000-7fca74299000 rw-p 001c3000 08:04 5898437                    /lib/x86_64-linux-gnu/libc-2.23.so
7fca74299000-7fca7429d000 rw-p 00000000 00:00 0 
7fca7429d000-7fca742a0000 r-xp 00000000 08:04 5898438                    /lib/x86_64-linux-gnu/libdl-2.23.so
7fca742a0000-7fca7449f000 ---p 00003000 08:04 5898438                    /lib/x86_64-linux-gnu/libdl-2.23.so
7fca7449f000-7fca744a0000 r--p 00002000 08:04 5898438                    /lib/x86_64-linux-gnu/libdl-2.23.so
7fca744a0000-7fca744a1000 rw-p 00003000 08:04 5898438                    /lib/x86_64-linux-gnu/libdl-2.23.so
7fca744a1000-7fca744b6000 r-xp 00000000 08:04 1711347                    /usr/lib/jvm/java-8-oracle/lib/amd64/jli/libjli.so
7fca744b6000-7fca746b6000 ---p 00015000 08:04 1711347                    /usr/lib/jvm/java-8-oracle/lib/amd64/jli/libjli.so
7fca746b6000-7fca746b7000 rw-p 00015000 08:04 1711347                    /usr/lib/jvm/java-8-oracle/lib/amd64/jli/libjli.so
7fca746b7000-7fca746cf000 r-xp 00000000 08:04 5898436                    /lib/x86_64-linux-gnu/libpthread-2.23.so
7fca746cf000-7fca748ce000 ---p 00018000 08:04 5898436                    /lib/x86_64-linux-gnu/libpthread-2.23.so
7fca748ce000-7fca748cf000 r--p 00017000 08:04 5898436                    /lib/x86_64-linux-gnu/libpthread-2.23.so
7fca748cf000-7fca748d0000 rw-p 00018000 08:04 5898436                    /lib/x86_64-linux-gnu/libpthread-2.23.so
7fca748d0000-7fca748d4000 rw-p 00000000 00:00 0 
7fca748d4000-7fca748fa000 r-xp 00000000 08:04 5898433                    /lib/x86_64-linux-gnu/ld-2.23.so
7fca748fc000-7fca749d5000 rw-p 00000000 00:00 0 
7fca749d5000-7fca749d8000 ---p 00000000 00:00 0 
7fca749d8000-7fca74ada000 rw-p 00000000 00:00 0 
7fca74ade000-7fca74aed000 r--s 000dd000 08:04 3021928                    /home/akanksha/Android/Sdk/build-tools/21.1.2/lib/dx.jar
7fca74aed000-7fca74af5000 rw-s 00000000 08:04 3679213                    /tmp/hsperfdata_akanksha/9480
7fca74af5000-7fca74af6000 rw-p 00000000 00:00 0 
7fca74af6000-7fca74af7000 ---p 00000000 00:00 0 
7fca74af7000-7fca74af9000 rw-p 00000000 00:00 0 
7fca74af9000-7fca74afa000 r--p 00025000 08:04 5898433                    /lib/x86_64-linux-gnu/ld-2.23.so
7fca74afa000-7fca74afb000 rw-p 00026000 08:04 5898433                    /lib/x86_64-linux-gnu/ld-2.23.so
7fca74afb000-7fca74afc000 rw-p 00000000 00:00 0 
7fff34137000-7fff34158000 rw-p 00000000 00:00 0                          [stack]
7fff341bf000-7fff341c1000 r--p 00000000 00:00 0                          [vvar]
7fff341c1000-7fff341c3000 r-xp 00000000 00:00 0                          [vdso]
ffffffffff600000-ffffffffff601000 r-xp 00000000 00:00 0                  [vsyscall]

VM Arguments:
jvm_args: -Djava.awt.headless=true -Xmx1024M -Dfile.encoding=UTF-8 -Duser.country=IN -Duser.language=en -Duser.variant 
java_command: com.android.dx.command.Main --dex --force-jumbo --multi-dex --output /home/akanksha/Documents/AndroidStudioProjects/Sunshine-Version-2-1.01_hello_world/app/build/intermediates/transforms/dex/debug/folders/1000/10/com.android.support-support-v4-22.2.0_eb300aaa666c9f08ee55b5849ac961446f771346 /home/akanksha/Documents/AndroidStudioProjects/Sunshine-Version-2-1.01_hello_world/app/build/intermediates/exploded-aar/com.android.support/support-v4/22.2.0/jars/classes.jar
java_class_path (initial): /home/akanksha/Android/Sdk/build-tools/21.1.2/lib/dx.jar
Launcher Type: SUN_STANDARD

Environment Variables:
JAVA_HOME=/usr/lib/jvm/java-8-oracle/jre/bin/java
PATH=/usr/local/sbin:/usr/local/bin:/usr/sbin:/usr/bin:/sbin:/bin:/usr/games:/usr/local/games:/snap/bin
LD_LIBRARY_PATH=/usr/local/android-studio/bin:
SHELL=/bin/bash
DISPLAY=:0

Signal Handlers:
SIGSEGV: [libjvm.so+0xabca10], sa_mask[0]=11111111011111111101111111111110, sa_flags=SA_RESTART|SA_SIGINFO
SIGBUS: [libjvm.so+0xabca10], sa_mask[0]=11111111011111111101111111111110, sa_flags=SA_RESTART|SA_SIGINFO
SIGFPE: [libjvm.so+0x919a20], sa_mask[0]=11111111011111111101111111111110, sa_flags=SA_RESTART|SA_SIGINFO
SIGPIPE: [libjvm.so+0x919a20], sa_mask[0]=11111111011111111101111111111110, sa_flags=SA_RESTART|SA_SIGINFO
SIGXFSZ: [libjvm.so+0x919a20], sa_mask[0]=11111111011111111101111111111110, sa_flags=SA_RESTART|SA_SIGINFO
SIGILL: [libjvm.so+0x919a20], sa_mask[0]=11111111011111111101111111111110, sa_flags=SA_RESTART|SA_SIGINFO
SIGUSR1: SIG_DFL, sa_mask[0]=00000000000000000000000000000000, sa_flags=none
SIGUSR2: [libjvm.so+0x91b050], sa_mask[0]=00100000000000000000000000000000, sa_flags=SA_RESTART|SA_SIGINFO
SIGHUP: [libjvm.so+0x91c450], sa_mask[0]=11111111011111111101111111111110, sa_flags=SA_RESTART|SA_SIGINFO
SIGINT: [libjvm.so+0x91c450], sa_mask[0]=11111111011111111101111111111110, sa_flags=SA_RESTART|SA_SIGINFO
SIGTERM: [libjvm.so+0x91c450], sa_mask[0]=11111111011111111101111111111110, sa_flags=SA_RESTART|SA_SIGINFO
SIGQUIT: [libjvm.so+0x91c450], sa_mask[0]=11111111011111111101111111111110, sa_flags=SA_RESTART|SA_SIGINFO


---------------  S Y S T E M  ---------------

OS:DISTRIB_ID=Ubuntu
DISTRIB_RELEASE=16.04
DISTRIB_CODENAME=xenial
DISTRIB_DESCRIPTION="Ubuntu 16.04.1 LTS"

uname:Linux 4.4.0-31-generic #50-Ubuntu SMP Wed Jul 13 00:07:12 UTC 2016 x86_64
libc:glibc 2.23 NPTL 2.23 
rlimit: STACK 8192k, CORE 0k, NPROC 15337, NOFILE 65536, AS infinity
load average:5.53 1.87 1.08

/proc/meminfo:
MemTotal:        3965112 kB
MemFree:          116288 kB
MemAvailable:      28692 kB
Buffers:            1620 kB
Cached:           202820 kB
SwapCached:            0 kB
Active:          3483128 kB
Inactive:         180620 kB
Active(anon):    3475788 kB
Inactive(anon):   153248 kB
Active(file):       7340 kB
Inactive(file):    27372 kB
Unevictable:          32 kB
Mlocked:              32 kB
SwapTotal:             0 kB
SwapFree:              0 kB
Dirty:              2340 kB
Writeback:             0 kB
AnonPages:       3459464 kB
Mapped:            69404 kB
Shmem:            169604 kB
Slab:              71492 kB
SReclaimable:      35004 kB
SUnreclaim:        36488 kB
KernelStack:       10976 kB
PageTables:        37792 kB
NFS_Unstable:          0 kB
Bounce:                0 kB
WritebackTmp:          0 kB
CommitLimit:     1982556 kB
Committed_AS:    7157652 kB
VmallocTotal:   34359738367 kB
VmallocUsed:           0 kB
VmallocChunk:          0 kB
HardwareCorrupted:     0 kB
AnonHugePages:   1476608 kB
CmaTotal:              0 kB
CmaFree:               0 kB
HugePages_Total:       0
HugePages_Free:        0
HugePages_Rsvd:        0
HugePages_Surp:        0
Hugepagesize:       2048 kB
DirectMap4k:      156732 kB
DirectMap2M:     2908160 kB
DirectMap1G:     2097152 kB


CPU:total 4 (2 cores per cpu, 2 threads per core) family 6 model 61 stepping 4, cmov, cx8, fxsr, mmx, sse, sse2, sse3, ssse3, sse4.1, sse4.2, popcnt, avx, avx2, aes, clmul, erms, 3dnowpref, lzcnt, ht, tsc, tscinvbit, bmi1, bmi2, adx

/proc/cpuinfo:
processor	: 0
vendor_id	: GenuineIntel
cpu family	: 6
model		: 61
model name	: Intel(R) Core(TM) i5-5200U CPU @ 2.20GHz
stepping	: 4
microcode	: 0x22
cpu MHz		: 1442.804
cache size	: 3072 KB
physical id	: 0
siblings	: 4
core id		: 0
cpu cores	: 2
apicid		: 0
initial apicid	: 0
fpu		: yes
fpu_exception	: yes
cpuid level	: 20
wp		: yes
flags		: fpu vme de pse tsc msr pae mce cx8 apic sep mtrr pge mca cmov pat pse36 clflush dts acpi mmx fxsr sse sse2 ss ht tm pbe syscall nx pdpe1gb rdtscp lm constant_tsc arch_perfmon pebs bts rep_good nopl xtopology nonstop_tsc aperfmperf eagerfpu pni pclmulqdq dtes64 monitor ds_cpl vmx est tm2 ssse3 sdbg fma cx16 xtpr pdcm pcid sse4_1 sse4_2 x2apic movbe popcnt tsc_deadline_timer aes xsave avx f16c rdrand lahf_lm abm 3dnowprefetch epb intel_pt tpr_shadow vnmi flexpriority ept vpid fsgsbase tsc_adjust bmi1 avx2 smep bmi2 erms invpcid rdseed adx smap xsaveopt dtherm ida arat pln pts
bugs		:
bogomips	: 4389.59
clflush size	: 64
cache_alignment	: 64
address sizes	: 39 bits physical, 48 bits virtual
power management:

processor	: 1
vendor_id	: GenuineIntel
cpu family	: 6
model		: 61
model name	: Intel(R) Core(TM) i5-5200U CPU @ 2.20GHz
stepping	: 4
microcode	: 0x22
cpu MHz		: 2084.414
cache size	: 3072 KB
physical id	: 0
siblings	: 4
core id		: 1
cpu cores	: 2
apicid		: 2
initial apicid	: 2
fpu		: yes
fpu_exception	: yes
cpuid level	: 20
wp		: yes
flags		: fpu vme de pse tsc msr pae mce cx8 apic sep mtrr pge mca cmov pat pse36 clflush dts acpi mmx fxsr sse sse2 ss ht tm pbe syscall nx pdpe1gb rdtscp lm constant_tsc arch_perfmon pebs bts rep_good nopl xtopology nonstop_tsc aperfmperf eagerfpu pni pclmulqdq dtes64 monitor ds_cpl vmx est tm2 ssse3 sdbg fma cx16 xtpr pdcm pcid sse4_1 sse4_2 x2apic movbe popcnt tsc_deadline_timer aes xsave avx f16c rdrand lahf_lm abm 3dnowprefetch epb intel_pt tpr_shadow vnmi flexpriority ept vpid fsgsbase tsc_adjust bmi1 avx2 smep bmi2 erms invpcid rdseed adx smap xsaveopt dtherm ida arat pln pts
bugs		:
bogomips	: 4389.59
clflush size	: 64
cache_alignment	: 64
address sizes	: 39 bits physical, 48 bits virtual
power management:

processor	: 2
vendor_id	: GenuineIntel
cpu family	: 6
model		: 61
model name	: Intel(R) Core(TM) i5-5200U CPU @ 2.20GHz
stepping	: 4
microcode	: 0x22
cpu MHz		: 2150.929
cache size	: 3072 KB
physical id	: 0
siblings	: 4
core id		: 0
cpu cores	: 2
apicid		: 1
initial apicid	: 1
fpu		: yes
fpu_exception	: yes
cpuid level	: 20
wp		: yes
flags		: fpu vme de pse tsc msr pae mce cx8 apic sep mtrr pge mca cmov pat pse36 clflush dts acpi mmx fxsr sse sse2 ss ht tm pbe syscall nx pdpe1gb rdtscp lm constant_tsc arch_perfmon pebs bts rep_good nopl xtopology nonstop_tsc aperfmperf eagerfpu pni pclmulqdq dtes64 monitor ds_cpl vmx est tm2 ssse3 sdbg fma cx16 xtpr pdcm pcid sse4_1 sse4_2 x2apic movbe popcnt tsc_deadline_timer aes xsave avx f16c rdrand lahf_lm abm 3dnowprefetch epb intel_pt tpr_shadow vnmi flexpriority ept vpid fsgsbase tsc_adjust bmi1 avx2 smep bmi2 erms invpcid rdseed adx smap xsaveopt dtherm ida arat pln pts
bugs		:
bogomips	: 4389.59
clflush size	: 64
cache_alignment	: 64
address sizes	: 39 bits physical, 48 bits virtual
power management:

processor	: 3
vendor_id	: GenuineIntel
cpu family	: 6
model		: 61
model name	: Intel(R) Core(TM) i5-5200U CPU @ 2.20GHz
stepping	: 4
microcode	: 0x22
cpu MHz		: 1562.859
cache size	: 3072 KB
physical id	: 0
siblings	: 4
core id		: 1
cpu cores	: 2
apicid		: 3
initial apicid	: 3
fpu		: yes
fpu_exception	: yes
cpuid level	: 20
wp		: yes
flags		: fpu vme de pse tsc msr pae mce cx8 apic sep mtrr pge mca cmov pat pse36 clflush dts acpi mmx fxsr sse sse2 ss ht tm pbe syscall nx pdpe1gb rdtscp lm constant_tsc arch_perfmon pebs bts rep_good nopl xtopology nonstop_tsc aperfmperf eagerfpu pni pclmulqdq dtes64 monitor ds_cpl vmx est tm2 ssse3 sdbg fma cx16 xtpr pdcm pcid sse4_1 sse4_2 x2apic movbe popcnt tsc_deadline_timer aes xsave avx f16c rdrand lahf_lm abm 3dnowprefetch epb intel_pt tpr_shadow vnmi flexpriority ept vpid fsgsbase tsc_adjust bmi1 avx2 smep bmi2 erms invpcid rdseed adx smap xsaveopt dtherm ida arat pln pts
bugs		:
bogomips	: 4389.59
clflush size	: 64
cache_alignment	: 64
address sizes	: 39 bits physical, 48 bits virtual
power management:



Memory: 4k page, physical 3965112k(116288k free), swap 0k(0k free)

vm_info: Java HotSpot(TM) 64-Bit Server VM (25.91-b14) for linux-amd64 JRE (1.8.0_91-b14), built on Apr  1 2016 00:57:21 by "java_re" with gcc 4.3.0 20080428 (Red Hat 4.3.0-8)

time: Tue Jul 26 14:35:16 2016
elapsed time: 29 seconds (0d 0h 0m 29s)

