#
# There is insufficient memory for the Java Runtime Environment to continue.
# Native memory allocation (mmap) failed to map 71303168 bytes for committing reserved memory.
# Possible reasons:
#   The system is out of physical RAM or swap space
#   In 32 bit mode, the process size limit was hit
# Possible solutions:
#   Reduce memory load on the system
#   Increase physical memory or swap space
#   Check if swap backing store is full
#   Use 64 bit Java on a 64 bit OS
#   Decrease Java heap size (-Xmx/-Xms)
#   Decrease number of Java threads
#   Decrease Java thread stack sizes (-Xss)
#   Set larger code cache with -XX:ReservedCodeCacheSize=
# This output file may be truncated or incomplete.
#
#  Out of Memory Error (os_linux.cpp:2627), pid=14686, tid=139703097747200
#
# JRE version: Java(TM) SE Runtime Environment (8.0_91-b14) (build 1.8.0_91-b14)
# Java VM: Java HotSpot(TM) 64-Bit Server VM (25.91-b14 mixed mode linux-amd64 compressed oops)
# Failed to write core dump. Core dumps have been disabled. To enable core dumping, try "ulimit -c unlimited" before starting Java again
#

---------------  T H R E A D  ---------------

Current thread (0x00007f0f3c078000):  VMThread [stack: 0x00007f0f2973e000,0x00007f0f2983f000] [id=14713]

Stack: [0x00007f0f2973e000,0x00007f0f2983f000],  sp=0x00007f0f2983d220,  free space=1020k
Native frames: (J=compiled Java code, j=interpreted, Vv=VM code, C=native code)
V  [libjvm.so+0xabc18a]  VMError::report_and_die()+0x2ba
V  [libjvm.so+0x4fafeb]  report_vm_out_of_memory(char const*, int, unsigned long, VMErrorType, char const*)+0x8b
V  [libjvm.so+0x91cbb3]  os::Linux::commit_memory_impl(char*, unsigned long, bool)+0x103
V  [libjvm.so+0x91d109]  os::pd_commit_memory(char*, unsigned long, unsigned long, bool)+0x29
V  [libjvm.so+0x91740a]  os::commit_memory(char*, unsigned long, unsigned long, bool)+0x2a
V  [libjvm.so+0x98b033]  PSVirtualSpace::expand_by(unsigned long)+0x53
V  [libjvm.so+0x98c438]  PSYoungGen::resize_generation(unsigned long, unsigned long)+0xf8
V  [libjvm.so+0x98b592]  PSYoungGen::resize(unsigned long, unsigned long)+0x22
V  [libjvm.so+0x98886b]  PSScavenge::invoke_no_policy()+0xf3b
V  [libjvm.so+0x988ff1]  PSScavenge::invoke()+0x41
V  [libjvm.so+0x9408b0]  ParallelScavengeHeap::failed_mem_allocate(unsigned long)+0x70
V  [libjvm.so+0xabdba7]  VM_ParallelGCFailedAllocation::doit()+0x97
V  [libjvm.so+0xac55d5]  VM_Operation::evaluate()+0x55
V  [libjvm.so+0xac39aa]  VMThread::evaluate_operation(VM_Operation*)+0xba
V  [libjvm.so+0xac3d2e]  VMThread::loop()+0x1ce
V  [libjvm.so+0xac41a0]  VMThread::run()+0x70
V  [libjvm.so+0x91ef78]  java_start(Thread*)+0x108

VM_Operation (0x00007f0f43f032e0): ParallelGCFailedAllocation, mode: safepoint, requested by thread 0x00007f0f3c00a000


---------------  P R O C E S S  ---------------

Java Threads: ( => current thread )
  0x00007f0f3c0c0000 JavaThread "Service Thread" daemon [_thread_blocked, id=14723, stack(0x00007f0f28d5f000,0x00007f0f28e60000)]
  0x00007f0f3c0bd000 JavaThread "C1 CompilerThread2" daemon [_thread_blocked, id=14722, stack(0x00007f0f28e60000,0x00007f0f28f61000)]
  0x00007f0f3c0bb800 JavaThread "C2 CompilerThread1" daemon [_thread_blocked, id=14721, stack(0x00007f0f28f61000,0x00007f0f29062000)]
  0x00007f0f3c0b8800 JavaThread "C2 CompilerThread0" daemon [_thread_blocked, id=14720, stack(0x00007f0f29062000,0x00007f0f29163000)]
  0x00007f0f3c0b7000 JavaThread "Signal Dispatcher" daemon [_thread_blocked, id=14719, stack(0x00007f0f29163000,0x00007f0f29264000)]
  0x00007f0f3c084000 JavaThread "Finalizer" daemon [_thread_blocked, id=14715, stack(0x00007f0f2953c000,0x00007f0f2963d000)]
  0x00007f0f3c07f800 JavaThread "Reference Handler" daemon [_thread_blocked, id=14714, stack(0x00007f0f2963d000,0x00007f0f2973e000)]
  0x00007f0f3c00a000 JavaThread "main" [_thread_blocked, id=14692, stack(0x00007f0f43e05000,0x00007f0f43f06000)]

Other Threads:
=>0x00007f0f3c078000 VMThread [stack: 0x00007f0f2973e000,0x00007f0f2983f000] [id=14713]
  0x00007f0f3c0c3000 WatcherThread [stack: 0x00007f0f28c5e000,0x00007f0f28d5f000] [id=14724]

VM state:at safepoint (normal execution)

VM Mutex/Monitor currently owned by a thread:  ([mutex/lock_event])
[0x00007f0f3c006590] Threads_lock - owner thread: 0x00007f0f3c078000
[0x00007f0f3c006a90] Heap_lock - owner thread: 0x00007f0f3c00a000

Heap:
 PSYoungGen      total 70144K, used 8181K [0x00000000eab00000, 0x00000000ef900000, 0x0000000100000000)
  eden space 61952K, 0% used [0x00000000eab00000,0x00000000eab00000,0x00000000ee780000)
  from space 8192K, 99% used [0x00000000ee780000,0x00000000eef7d6a0,0x00000000eef80000)
  to   space 6656K, 0% used [0x00000000eef80000,0x00000000eef80000,0x00000000ef600000)
 ParOldGen       total 42496K, used 21738K [0x00000000c0000000, 0x00000000c2980000, 0x00000000eab00000)
  object space 42496K, 51% used [0x00000000c0000000,0x00000000c153aba8,0x00000000c2980000)
 Metaspace       used 5926K, capacity 7152K, committed 7296K, reserved 1056768K
  class space    used 557K, capacity 616K, committed 640K, reserved 1048576K

Card table byte_map: [0x00007f0f409b9000,0x00007f0f40bba000] byte_map_base: 0x00007f0f403b9000

Marking Bits: (ParMarkBitMap*) 0x00007f0f432d7d60
 Begin Bits: [0x00007f0f2b000000, 0x00007f0f2c000000)
 End Bits:   [0x00007f0f2c000000, 0x00007f0f2d000000)

Polling page: 0x00007f0f43f26000

CodeCache: size=245760Kb used=7165Kb max_used=7176Kb free=238594Kb
 bounds [0x00007f0f2d000000, 0x00007f0f2d710000, 0x00007f0f3c000000]
 total_blobs=1963 nmethods=1699 adapters=178
 compilation: enabled

Compilation events (10 events):
Event: 9.313 Thread 0x00007f0f3c0bd000 1747       2       com.android.dx.rop.code.RegisterSpecList::withoutLast (60 bytes)
Event: 9.314 Thread 0x00007f0f3c0bd000 nmethod 1747 0x00007f0f2d6e61d0 code [0x00007f0f2d6e63a0, 0x00007f0f2d6e6988]
Event: 9.342 Thread 0x00007f0f3c0bd000 1750       2       com.android.dx.cf.code.LocalVariableList::<init> (6 bytes)
Event: 9.342 Thread 0x00007f0f3c0bd000 nmethod 1750 0x00007f0f2d6fa650 code [0x00007f0f2d6fa7c0, 0x00007f0f2d6fa928]
Event: 9.344 Thread 0x00007f0f3c0bd000 1753       1       com.android.dx.ssa.PhiInsn::isPhiOrMove (2 bytes)
Event: 9.344 Thread 0x00007f0f3c0bd000 nmethod 1753 0x00007f0f2d6fa390 code [0x00007f0f2d6fa4e0, 0x00007f0f2d6fa5f0]
Event: 9.345 Thread 0x00007f0f3c0bd000 1754       2       com.android.dx.util.IntList::binarysearch (124 bytes)
Event: 9.346 Thread 0x00007f0f3c0bd000 nmethod 1754 0x00007f0f2d6e5a90 code [0x00007f0f2d6e5c20, 0x00007f0f2d6e5f30]
Event: 9.357 Thread 0x00007f0f3c0bb800 nmethod 1733 0x00007f0f2d6e7f10 code [0x00007f0f2d6e8060, 0x00007f0f2d6e81b8]
Event: 9.357 Thread 0x00007f0f3c0bb800 1748       4       com.android.dx.ssa.SCCP::simulatePhi (169 bytes)

GC Heap History (10 events):
Event: 2.736 GC heap after
Heap after GC invocations=2 (full 0):
 PSYoungGen      total 18432K, used 2551K [0x00000000eab00000, 0x00000000ecf00000, 0x0000000100000000)
  eden space 15872K, 0% used [0x00000000eab00000,0x00000000eab00000,0x00000000eba80000)
  from space 2560K, 99% used [0x00000000ebd00000,0x00000000ebf7dc88,0x00000000ebf80000)
  to   space 2560K, 0% used [0x00000000eba80000,0x00000000eba80000,0x00000000ebd00000)
 ParOldGen       total 42496K, used 4090K [0x00000000c0000000, 0x00000000c2980000, 0x00000000eab00000)
  object space 42496K, 9% used [0x00000000c0000000,0x00000000c03fea20,0x00000000c2980000)
 Metaspace       used 5684K, capacity 6960K, committed 7040K, reserved 1056768K
  class space    used 553K, capacity 616K, committed 640K, reserved 1048576K
}
Event: 3.693 GC heap before
{Heap before GC invocations=3 (full 0):
 PSYoungGen      total 18432K, used 18423K [0x00000000eab00000, 0x00000000ecf00000, 0x0000000100000000)
  eden space 15872K, 100% used [0x00000000eab00000,0x00000000eba80000,0x00000000eba80000)
  from space 2560K, 99% used [0x00000000ebd00000,0x00000000ebf7dc88,0x00000000ebf80000)
  to   space 2560K, 0% used [0x00000000eba80000,0x00000000eba80000,0x00000000ebd00000)
 ParOldGen       total 42496K, used 4090K [0x00000000c0000000, 0x00000000c2980000, 0x00000000eab00000)
  object space 42496K, 9% used [0x00000000c0000000,0x00000000c03fea20,0x00000000c2980000)
 Metaspace       used 5767K, capacity 7024K, committed 7296K, reserved 1056768K
  class space    used 553K, capacity 616K, committed 640K, reserved 1048576K
Event: 3.733 GC heap after
Heap after GC invocations=3 (full 0):
 PSYoungGen      total 18432K, used 2545K [0x00000000eab00000, 0x00000000ecf00000, 0x0000000100000000)
  eden space 15872K, 0% used [0x00000000eab00000,0x00000000eab00000,0x00000000eba80000)
  from space 2560K, 99% used [0x00000000eba80000,0x00000000ebcfc400,0x00000000ebd00000)
  to   space 2560K, 0% used [0x00000000ecc80000,0x00000000ecc80000,0x00000000ecf00000)
 ParOldGen       total 42496K, used 6468K [0x00000000c0000000, 0x00000000c2980000, 0x00000000eab00000)
  object space 42496K, 15% used [0x00000000c0000000,0x00000000c0651118,0x00000000c2980000)
 Metaspace       used 5767K, capacity 7024K, committed 7296K, reserved 1056768K
  class space    used 553K, capacity 616K, committed 640K, reserved 1048576K
}
Event: 4.524 GC heap before
{Heap before GC invocations=4 (full 0):
 PSYoungGen      total 18432K, used 18417K [0x00000000eab00000, 0x00000000ecf00000, 0x0000000100000000)
  eden space 15872K, 100% used [0x00000000eab00000,0x00000000eba80000,0x00000000eba80000)
  from space 2560K, 99% used [0x00000000eba80000,0x00000000ebcfc400,0x00000000ebd00000)
  to   space 2560K, 0% used [0x00000000ecc80000,0x00000000ecc80000,0x00000000ecf00000)
 ParOldGen       total 42496K, used 6468K [0x00000000c0000000, 0x00000000c2980000, 0x00000000eab00000)
  object space 42496K, 15% used [0x00000000c0000000,0x00000000c0651118,0x00000000c2980000)
 Metaspace       used 5825K, capacity 7088K, committed 7296K, reserved 1056768K
  class space    used 555K, capacity 616K, committed 640K, reserved 1048576K
Event: 4.619 GC heap after
Heap after GC invocations=4 (full 0):
 PSYoungGen      total 34304K, used 2531K [0x00000000eab00000, 0x00000000ecf00000, 0x0000000100000000)
  eden space 31744K, 0% used [0x00000000eab00000,0x00000000eab00000,0x00000000eca00000)
  from space 2560K, 98% used [0x00000000ecc80000,0x00000000ecef8c50,0x00000000ecf00000)
  to   space 2560K, 0% used [0x00000000eca00000,0x00000000eca00000,0x00000000ecc80000)
 ParOldGen       total 42496K, used 9137K [0x00000000c0000000, 0x00000000c2980000, 0x00000000eab00000)
  object space 42496K, 21% used [0x00000000c0000000,0x00000000c08ec5b8,0x00000000c2980000)
 Metaspace       used 5825K, capacity 7088K, committed 7296K, reserved 1056768K
  class space    used 555K, capacity 616K, committed 640K, reserved 1048576K
}
Event: 5.777 GC heap before
{Heap before GC invocations=5 (full 0):
 PSYoungGen      total 34304K, used 34275K [0x00000000eab00000, 0x00000000ecf00000, 0x0000000100000000)
  eden space 31744K, 100% used [0x00000000eab00000,0x00000000eca00000,0x00000000eca00000)
  from space 2560K, 98% used [0x00000000ecc80000,0x00000000ecef8c50,0x00000000ecf00000)
  to   space 2560K, 0% used [0x00000000eca00000,0x00000000eca00000,0x00000000ecc80000)
 ParOldGen       total 42496K, used 9137K [0x00000000c0000000, 0x00000000c2980000, 0x00000000eab00000)
  object space 42496K, 21% used [0x00000000c0000000,0x00000000c08ec5b8,0x00000000c2980000)
 Metaspace       used 5844K, capacity 7088K, committed 7296K, reserved 1056768K
  class space    used 555K, capacity 616K, committed 640K, reserved 1048576K
Event: 5.856 GC heap after
Heap after GC invocations=5 (full 0):
 PSYoungGen      total 34304K, used 2546K [0x00000000eab00000, 0x00000000ef600000, 0x0000000100000000)
  eden space 31744K, 0% used [0x00000000eab00000,0x00000000eab00000,0x00000000eca00000)
  from space 2560K, 99% used [0x00000000eca00000,0x00000000ecc7c878,0x00000000ecc80000)
  to   space 6656K, 0% used [0x00000000eef80000,0x00000000eef80000,0x00000000ef600000)
 ParOldGen       total 42496K, used 12851K [0x00000000c0000000, 0x00000000c2980000, 0x00000000eab00000)
  object space 42496K, 30% used [0x00000000c0000000,0x00000000c0c8cda0,0x00000000c2980000)
 Metaspace       used 5844K, capacity 7088K, committed 7296K, reserved 1056768K
  class space    used 555K, capacity 616K, committed 640K, reserved 1048576K
}
Event: 7.083 GC heap before
{Heap before GC invocations=6 (full 0):
 PSYoungGen      total 34304K, used 34290K [0x00000000eab00000, 0x00000000ef600000, 0x0000000100000000)
  eden space 31744K, 100% used [0x00000000eab00000,0x00000000eca00000,0x00000000eca00000)
  from space 2560K, 99% used [0x00000000eca00000,0x00000000ecc7c878,0x00000000ecc80000)
  to   space 6656K, 0% used [0x00000000eef80000,0x00000000eef80000,0x00000000ef600000)
 ParOldGen       total 42496K, used 12851K [0x00000000c0000000, 0x00000000c2980000, 0x00000000eab00000)
  object space 42496K, 30% used [0x00000000c0000000,0x00000000c0c8cda0,0x00000000c2980000)
 Metaspace       used 5875K, capacity 7088K, committed 7296K, reserved 1056768K
  class space    used 556K, capacity 616K, committed 640K, reserved 1048576K
Event: 7.570 GC heap after
Heap after GC invocations=6 (full 0):
 PSYoungGen      total 68608K, used 6629K [0x00000000eab00000, 0x00000000ef900000, 0x0000000100000000)
  eden space 61952K, 0% used [0x00000000eab00000,0x00000000eab00000,0x00000000ee780000)
  from space 6656K, 99% used [0x00000000eef80000,0x00000000ef5f9498,0x00000000ef600000)
  to   space 8192K, 0% used [0x00000000ee780000,0x00000000ee780000,0x00000000eef80000)
 ParOldGen       total 42496K, used 13979K [0x00000000c0000000, 0x00000000c2980000, 0x00000000eab00000)
  object space 42496K, 32% used [0x00000000c0000000,0x00000000c0da6f00,0x00000000c2980000)
 Metaspace       used 5875K, capacity 7088K, committed 7296K, reserved 1056768K
  class space    used 556K, capacity 616K, committed 640K, reserved 1048576K
}
Event: 9.509 GC heap before
{Heap before GC invocations=7 (full 0):
 PSYoungGen      total 68608K, used 68581K [0x00000000eab00000, 0x00000000ef900000, 0x0000000100000000)
  eden space 61952K, 100% used [0x00000000eab00000,0x00000000ee780000,0x00000000ee780000)
  from space 6656K, 99% used [0x00000000eef80000,0x00000000ef5f9498,0x00000000ef600000)
  to   space 8192K, 0% used [0x00000000ee780000,0x00000000ee780000,0x00000000eef80000)
 ParOldGen       total 42496K, used 13979K [0x00000000c0000000, 0x00000000c2980000, 0x00000000eab00000)
  object space 42496K, 32% used [0x00000000c0000000,0x00000000c0da6f00,0x00000000c2980000)
 Metaspace       used 5926K, capacity 7152K, committed 7296K, reserved 1056768K
  class space    used 557K, capacity 616K, committed 640K, reserved 1048576K

Deoptimization events (10 events):
Event: 7.024 Thread 0x00007f0f3c00a000 Uncommon trap: reason=unstable_if action=reinterpret pc=0x00007f0f2d41c4bc method=com.android.dx.ssa.SsaMethod.updateOneDefinition(Lcom/android/dx/ssa/SsaInsn;Lcom/android/dx/rop/code/RegisterSpec;)V @ 4
Event: 7.802 Thread 0x00007f0f3c00a000 Uncommon trap: reason=bimorphic action=maybe_recompile pc=0x00007f0f2d67b110 method=com.android.dx.rop.code.RegisterSpec.withSimpleType()Lcom/android/dx/rop/code/RegisterSpec; @ 21
Event: 7.802 Thread 0x00007f0f3c00a000 Uncommon trap: reason=bimorphic action=maybe_recompile pc=0x00007f0f2d67b110 method=com.android.dx.rop.code.RegisterSpec.withSimpleType()Lcom/android/dx/rop/code/RegisterSpec; @ 21
Event: 7.806 Thread 0x00007f0f3c00a000 Uncommon trap: reason=bimorphic action=maybe_recompile pc=0x00007f0f2d67b110 method=com.android.dx.rop.code.RegisterSpec.withSimpleType()Lcom/android/dx/rop/code/RegisterSpec; @ 21
Event: 7.807 Thread 0x00007f0f3c00a000 Uncommon trap: reason=bimorphic action=maybe_recompile pc=0x00007f0f2d67b110 method=com.android.dx.rop.code.RegisterSpec.withSimpleType()Lcom/android/dx/rop/code/RegisterSpec; @ 21
Event: 8.338 Thread 0x00007f0f3c00a000 Uncommon trap: reason=unstable_if action=reinterpret pc=0x00007f0f2d36c6e8 method=com.android.dx.rop.code.RegisterSpec.equals(ILcom/android/dx/rop/type/TypeBearer;Lcom/android/dx/rop/code/LocalItem;)Z @ 16
Event: 8.610 Thread 0x00007f0f3c00a000 Uncommon trap: reason=bimorphic action=maybe_recompile pc=0x00007f0f2d6b5888 method=com.android.dx.cf.code.BytecodeArray.parseInstruction(ILcom/android/dx/cf/code/BytecodeArray$Visitor;)I @ 1501
Event: 8.611 Thread 0x00007f0f3c00a000 Uncommon trap: reason=bimorphic action=maybe_recompile pc=0x00007f0f2d6b5888 method=com.android.dx.cf.code.BytecodeArray.parseInstruction(ILcom/android/dx/cf/code/BytecodeArray$Visitor;)I @ 1501
Event: 8.625 Thread 0x00007f0f3c00a000 Uncommon trap: reason=unstable_if action=reinterpret pc=0x00007f0f2d65bb00 method=com.android.dx.ssa.SCCP.simulateStmt(Lcom/android/dx/ssa/SsaInsn;)V @ 59
Event: 9.342 Thread 0x00007f0f3c00a000 Uncommon trap: reason=unstable_if action=reinterpret pc=0x00007f0f2d4e9e04 method=com.android.dx.util.IntList.binarysearch(I)I @ 105

Internal exceptions (4 events):
Event: 0.030 Thread 0x00007f0f3c00a000 Exception <a 'java/lang/NoSuchMethodError': Method sun.misc.Unsafe.defineClass(Ljava/lang/String;[BII)Ljava/lang/Class; name or signature does not match> (0x00000000eab07cc0) thrown at [/HUDSON/workspace/8-2-build-linux-amd64/jdk8u91/6644/hotspot/src/shar
Event: 0.030 Thread 0x00007f0f3c00a000 Exception <a 'java/lang/NoSuchMethodError': Method sun.misc.Unsafe.prefetchRead(Ljava/lang/Object;J)V name or signature does not match> (0x00000000eab07fa8) thrown at [/HUDSON/workspace/8-2-build-linux-amd64/jdk8u91/6644/hotspot/src/share/vm/prims/jni.cpp
Event: 1.148 Thread 0x00007f0f3c00a000 Implicit null exception at 0x00007f0f2d2f33cc to 0x00007f0f2d2f5861
Event: 4.910 Thread 0x00007f0f3c00a000 Implicit null exception at 0x00007f0f2d4251a2 to 0x00007f0f2d42529b

Events (10 events):
Event: 8.611 Thread 0x00007f0f3c00a000 Uncommon trap: trap_request=0xffffffc6 fr.pc=0x00007f0f2d6b5888
Event: 8.611 Thread 0x00007f0f3c00a000 DEOPT PACKING pc=0x00007f0f2d6b5888 sp=0x00007f0f43f03840
Event: 8.611 Thread 0x00007f0f3c00a000 DEOPT UNPACKING pc=0x00007f0f2d005229 sp=0x00007f0f43f03800 mode 2
Event: 8.625 Thread 0x00007f0f3c00a000 Uncommon trap: trap_request=0xffffff65 fr.pc=0x00007f0f2d65bb00
Event: 8.625 Thread 0x00007f0f3c00a000 DEOPT PACKING pc=0x00007f0f2d65bb00 sp=0x00007f0f43f03b70
Event: 8.625 Thread 0x00007f0f3c00a000 DEOPT UNPACKING pc=0x00007f0f2d005229 sp=0x00007f0f43f03b58 mode 2
Event: 9.342 Thread 0x00007f0f3c00a000 Uncommon trap: trap_request=0xffffff65 fr.pc=0x00007f0f2d4e9e04
Event: 9.342 Thread 0x00007f0f3c00a000 DEOPT PACKING pc=0x00007f0f2d4e9e04 sp=0x00007f0f43f03a90
Event: 9.342 Thread 0x00007f0f3c00a000 DEOPT UNPACKING pc=0x00007f0f2d005229 sp=0x00007f0f43f03a28 mode 2
Event: 9.479 Executing VM operation: ParallelGCFailedAllocation


Dynamic libraries:
00400000-00401000 r-xp 00000000 08:04 924979                             /usr/lib/jvm/java-8-oracle/bin/java
00600000-00601000 rw-p 00000000 08:04 924979                             /usr/lib/jvm/java-8-oracle/bin/java
01917000-01938000 rw-p 00000000 00:00 0                                  [heap]
c0000000-c2980000 rw-p 00000000 00:00 0 
c2980000-eab00000 ---p 00000000 00:00 0 
eab00000-ef900000 rw-p 00000000 00:00 0 
f3d00000-100000000 ---p 00000000 00:00 0 
100000000-1000a0000 rw-p 00000000 00:00 0 
1000a0000-140000000 ---p 00000000 00:00 0 
7f0eec000000-7f0eec021000 rw-p 00000000 00:00 0 
7f0eec021000-7f0ef0000000 ---p 00000000 00:00 0 
7f0ef0000000-7f0ef0021000 rw-p 00000000 00:00 0 
7f0ef0021000-7f0ef4000000 ---p 00000000 00:00 0 
7f0ef4000000-7f0ef4b20000 rw-p 00000000 00:00 0 
7f0ef4b20000-7f0ef8000000 ---p 00000000 00:00 0 
7f0ef8000000-7f0ef8933000 rw-p 00000000 00:00 0 
7f0ef8933000-7f0efc000000 ---p 00000000 00:00 0 
7f0efc000000-7f0efc021000 rw-p 00000000 00:00 0 
7f0efc021000-7f0f00000000 ---p 00000000 00:00 0 
7f0f00000000-7f0f00b82000 rw-p 00000000 00:00 0 
7f0f00b82000-7f0f04000000 ---p 00000000 00:00 0 
7f0f04000000-7f0f04021000 rw-p 00000000 00:00 0 
7f0f04021000-7f0f08000000 ---p 00000000 00:00 0 
7f0f08000000-7f0f08021000 rw-p 00000000 00:00 0 
7f0f08021000-7f0f0c000000 ---p 00000000 00:00 0 
7f0f0c000000-7f0f0c021000 rw-p 00000000 00:00 0 
7f0f0c021000-7f0f10000000 ---p 00000000 00:00 0 
7f0f10000000-7f0f1028d000 rw-p 00000000 00:00 0 
7f0f1028d000-7f0f14000000 ---p 00000000 00:00 0 
7f0f14000000-7f0f14021000 rw-p 00000000 00:00 0 
7f0f14021000-7f0f18000000 ---p 00000000 00:00 0 
7f0f1c000000-7f0f1c021000 rw-p 00000000 00:00 0 
7f0f1c021000-7f0f20000000 ---p 00000000 00:00 0 
7f0f24000000-7f0f24021000 rw-p 00000000 00:00 0 
7f0f24021000-7f0f28000000 ---p 00000000 00:00 0 
7f0f28c4c000-7f0f28c5e000 r--s 000c6000 08:04 2247890                    /home/akanksha/Documents/AndroidStudioProjects/Sunshine-Version-2-1.01_hello_world/app/build/intermediates/exploded-aar/com.android.support/support-v4/22.2.0/jars/classes.jar
7f0f28c5e000-7f0f28c5f000 ---p 00000000 00:00 0 
7f0f28c5f000-7f0f28d5f000 rw-p 00000000 00:00 0 
7f0f28d5f000-7f0f28d62000 ---p 00000000 00:00 0 
7f0f28d62000-7f0f28e60000 rw-p 00000000 00:00 0 
7f0f28e60000-7f0f28e63000 ---p 00000000 00:00 0 
7f0f28e63000-7f0f28f61000 rw-p 00000000 00:00 0 
7f0f28f61000-7f0f28f64000 ---p 00000000 00:00 0 
7f0f28f64000-7f0f29062000 rw-p 00000000 00:00 0 
7f0f29062000-7f0f29065000 ---p 00000000 00:00 0 
7f0f29065000-7f0f29163000 rw-p 00000000 00:00 0 
7f0f29163000-7f0f29166000 ---p 00000000 00:00 0 
7f0f29166000-7f0f29264000 rw-p 00000000 00:00 0 
7f0f29264000-7f0f2953c000 r--p 00000000 08:04 655380                     /usr/lib/locale/locale-archive
7f0f2953c000-7f0f2953f000 ---p 00000000 00:00 0 
7f0f2953f000-7f0f2963d000 rw-p 00000000 00:00 0 
7f0f2963d000-7f0f29640000 ---p 00000000 00:00 0 
7f0f29640000-7f0f2973e000 rw-p 00000000 00:00 0 
7f0f2973e000-7f0f2973f000 ---p 00000000 00:00 0 
7f0f2973f000-7f0f2ae80000 rw-p 00000000 00:00 0 
7f0f2ae80000-7f0f2b000000 ---p 00000000 00:00 0 
7f0f2b000000-7f0f2d000000 rw-p 00000000 00:00 0 
7f0f2d000000-7f0f2d710000 rwxp 00000000 00:00 0 
7f0f2d710000-7f0f3c000000 ---p 00000000 00:00 0 
7f0f3c000000-7f0f3c3c1000 rw-p 00000000 00:00 0 
7f0f3c3c1000-7f0f40000000 ---p 00000000 00:00 0 
7f0f40010000-7f0f401e9000 r--s 03d1f000 08:04 1711330                    /usr/lib/jvm/java-8-oracle/jre/lib/rt.jar
7f0f401e9000-7f0f4045f000 rw-p 00000000 00:00 0 
7f0f4045f000-7f0f40460000 ---p 00000000 00:00 0 
7f0f40460000-7f0f40560000 rw-p 00000000 00:00 0 
7f0f40560000-7f0f40561000 ---p 00000000 00:00 0 
7f0f40561000-7f0f40661000 rw-p 00000000 00:00 0 
7f0f40661000-7f0f40662000 ---p 00000000 00:00 0 
7f0f40662000-7f0f40762000 rw-p 00000000 00:00 0 
7f0f40762000-7f0f40763000 ---p 00000000 00:00 0 
7f0f40763000-7f0f40878000 rw-p 00000000 00:00 0 
7f0f40878000-7f0f409b9000 ---p 00000000 00:00 0 
7f0f409b9000-7f0f409ce000 rw-p 00000000 00:00 0 
7f0f409ce000-7f0f40b0e000 ---p 00000000 00:00 0 
7f0f40b0e000-7f0f40b36000 rw-p 00000000 00:00 0 
7f0f40b36000-7f0f40bb9000 ---p 00000000 00:00 0 
7f0f40bb9000-7f0f40bd7000 rw-p 00000000 00:00 0 
7f0f40bd7000-7f0f40f7a000 ---p 00000000 00:00 0 
7f0f40f7a000-7f0f40f94000 r-xp 00000000 08:04 3017933                    /usr/lib/jvm/java-8-oracle/jre/lib/amd64/libzip.so
7f0f40f94000-7f0f41194000 ---p 0001a000 08:04 3017933                    /usr/lib/jvm/java-8-oracle/jre/lib/amd64/libzip.so
7f0f41194000-7f0f41195000 rw-p 0001a000 08:04 3017933                    /usr/lib/jvm/java-8-oracle/jre/lib/amd64/libzip.so
7f0f41195000-7f0f411a0000 r-xp 00000000 08:04 5898423                    /lib/x86_64-linux-gnu/libnss_files-2.23.so
7f0f411a0000-7f0f4139f000 ---p 0000b000 08:04 5898423                    /lib/x86_64-linux-gnu/libnss_files-2.23.so
7f0f4139f000-7f0f413a0000 r--p 0000a000 08:04 5898423                    /lib/x86_64-linux-gnu/libnss_files-2.23.so
7f0f413a0000-7f0f413a1000 rw-p 0000b000 08:04 5898423                    /lib/x86_64-linux-gnu/libnss_files-2.23.so
7f0f413a1000-7f0f413a7000 rw-p 00000000 00:00 0 
7f0f413a7000-7f0f413b2000 r-xp 00000000 08:04 5898420                    /lib/x86_64-linux-gnu/libnss_nis-2.23.so
7f0f413b2000-7f0f415b1000 ---p 0000b000 08:04 5898420                    /lib/x86_64-linux-gnu/libnss_nis-2.23.so
7f0f415b1000-7f0f415b2000 r--p 0000a000 08:04 5898420                    /lib/x86_64-linux-gnu/libnss_nis-2.23.so
7f0f415b2000-7f0f415b3000 rw-p 0000b000 08:04 5898420                    /lib/x86_64-linux-gnu/libnss_nis-2.23.so
7f0f415b3000-7f0f415c9000 r-xp 00000000 08:04 5898418                    /lib/x86_64-linux-gnu/libnsl-2.23.so
7f0f415c9000-7f0f417c8000 ---p 00016000 08:04 5898418                    /lib/x86_64-linux-gnu/libnsl-2.23.so
7f0f417c8000-7f0f417c9000 r--p 00015000 08:04 5898418                    /lib/x86_64-linux-gnu/libnsl-2.23.so
7f0f417c9000-7f0f417ca000 rw-p 00016000 08:04 5898418                    /lib/x86_64-linux-gnu/libnsl-2.23.so
7f0f417ca000-7f0f417cc000 rw-p 00000000 00:00 0 
7f0f417cc000-7f0f417d4000 r-xp 00000000 08:04 5898416                    /lib/x86_64-linux-gnu/libnss_compat-2.23.so
7f0f417d4000-7f0f419d3000 ---p 00008000 08:04 5898416                    /lib/x86_64-linux-gnu/libnss_compat-2.23.so
7f0f419d3000-7f0f419d4000 r--p 00007000 08:04 5898416                    /lib/x86_64-linux-gnu/libnss_compat-2.23.so
7f0f419d4000-7f0f419d5000 rw-p 00008000 08:04 5898416                    /lib/x86_64-linux-gnu/libnss_compat-2.23.so
7f0f419d5000-7f0f419ff000 r-xp 00000000 08:04 3017928                    /usr/lib/jvm/java-8-oracle/jre/lib/amd64/libjava.so
7f0f419ff000-7f0f41bff000 ---p 0002a000 08:04 3017928                    /usr/lib/jvm/java-8-oracle/jre/lib/amd64/libjava.so
7f0f41bff000-7f0f41c01000 rw-p 0002a000 08:04 3017928                    /usr/lib/jvm/java-8-oracle/jre/lib/amd64/libjava.so
7f0f41c01000-7f0f41c0e000 r-xp 00000000 08:04 3017932                    /usr/lib/jvm/java-8-oracle/jre/lib/amd64/libverify.so
7f0f41c0e000-7f0f41e0e000 ---p 0000d000 08:04 3017932                    /usr/lib/jvm/java-8-oracle/jre/lib/amd64/libverify.so
7f0f41e0e000-7f0f41e10000 rw-p 0000d000 08:04 3017932                    /usr/lib/jvm/java-8-oracle/jre/lib/amd64/libverify.so
7f0f41e10000-7f0f41e17000 r-xp 00000000 08:04 5898432                    /lib/x86_64-linux-gnu/librt-2.23.so
7f0f41e17000-7f0f42016000 ---p 00007000 08:04 5898432                    /lib/x86_64-linux-gnu/librt-2.23.so
7f0f42016000-7f0f42017000 r--p 00006000 08:04 5898432                    /lib/x86_64-linux-gnu/librt-2.23.so
7f0f42017000-7f0f42018000 rw-p 00007000 08:04 5898432                    /lib/x86_64-linux-gnu/librt-2.23.so
7f0f42018000-7f0f42120000 r-xp 00000000 08:04 5898429                    /lib/x86_64-linux-gnu/libm-2.23.so
7f0f42120000-7f0f4231f000 ---p 00108000 08:04 5898429                    /lib/x86_64-linux-gnu/libm-2.23.so
7f0f4231f000-7f0f42320000 r--p 00107000 08:04 5898429                    /lib/x86_64-linux-gnu/libm-2.23.so
7f0f42320000-7f0f42321000 rw-p 00108000 08:04 5898429                    /lib/x86_64-linux-gnu/libm-2.23.so
7f0f42321000-7f0f42fe1000 r-xp 00000000 08:04 3017911                    /usr/lib/jvm/java-8-oracle/jre/lib/amd64/server/libjvm.so
7f0f42fe1000-7f0f431e1000 ---p 00cc0000 08:04 3017911                    /usr/lib/jvm/java-8-oracle/jre/lib/amd64/server/libjvm.so
7f0f431e1000-7f0f432b9000 rw-p 00cc0000 08:04 3017911                    /usr/lib/jvm/java-8-oracle/jre/lib/amd64/server/libjvm.so
7f0f432b9000-7f0f43304000 rw-p 00000000 00:00 0 
7f0f43304000-7f0f434c4000 r-xp 00000000 08:04 5898437                    /lib/x86_64-linux-gnu/libc-2.23.so
7f0f434c4000-7f0f436c3000 ---p 001c0000 08:04 5898437                    /lib/x86_64-linux-gnu/libc-2.23.so
7f0f436c3000-7f0f436c7000 r--p 001bf000 08:04 5898437                    /lib/x86_64-linux-gnu/libc-2.23.so
7f0f436c7000-7f0f436c9000 rw-p 001c3000 08:04 5898437                    /lib/x86_64-linux-gnu/libc-2.23.so
7f0f436c9000-7f0f436cd000 rw-p 00000000 00:00 0 
7f0f436cd000-7f0f436d0000 r-xp 00000000 08:04 5898438                    /lib/x86_64-linux-gnu/libdl-2.23.so
7f0f436d0000-7f0f438cf000 ---p 00003000 08:04 5898438                    /lib/x86_64-linux-gnu/libdl-2.23.so
7f0f438cf000-7f0f438d0000 r--p 00002000 08:04 5898438                    /lib/x86_64-linux-gnu/libdl-2.23.so
7f0f438d0000-7f0f438d1000 rw-p 00003000 08:04 5898438                    /lib/x86_64-linux-gnu/libdl-2.23.so
7f0f438d1000-7f0f438e6000 r-xp 00000000 08:04 1711347                    /usr/lib/jvm/java-8-oracle/lib/amd64/jli/libjli.so
7f0f438e6000-7f0f43ae6000 ---p 00015000 08:04 1711347                    /usr/lib/jvm/java-8-oracle/lib/amd64/jli/libjli.so
7f0f43ae6000-7f0f43ae7000 rw-p 00015000 08:04 1711347                    /usr/lib/jvm/java-8-oracle/lib/amd64/jli/libjli.so
7f0f43ae7000-7f0f43aff000 r-xp 00000000 08:04 5898436                    /lib/x86_64-linux-gnu/libpthread-2.23.so
7f0f43aff000-7f0f43cfe000 ---p 00018000 08:04 5898436                    /lib/x86_64-linux-gnu/libpthread-2.23.so
7f0f43cfe000-7f0f43cff000 r--p 00017000 08:04 5898436                    /lib/x86_64-linux-gnu/libpthread-2.23.so
7f0f43cff000-7f0f43d00000 rw-p 00018000 08:04 5898436                    /lib/x86_64-linux-gnu/libpthread-2.23.so
7f0f43d00000-7f0f43d04000 rw-p 00000000 00:00 0 
7f0f43d04000-7f0f43d2a000 r-xp 00000000 08:04 5898433                    /lib/x86_64-linux-gnu/ld-2.23.so
7f0f43d2c000-7f0f43e05000 rw-p 00000000 00:00 0 
7f0f43e05000-7f0f43e08000 ---p 00000000 00:00 0 
7f0f43e08000-7f0f43f0a000 rw-p 00000000 00:00 0 
7f0f43f0e000-7f0f43f1d000 r--s 000dd000 08:04 3021928                    /home/akanksha/Android/Sdk/build-tools/21.1.2/lib/dx.jar
7f0f43f1d000-7f0f43f25000 rw-s 00000000 08:04 3679120                    /tmp/hsperfdata_akanksha/14686
7f0f43f25000-7f0f43f26000 rw-p 00000000 00:00 0 
7f0f43f26000-7f0f43f27000 ---p 00000000 00:00 0 
7f0f43f27000-7f0f43f29000 rw-p 00000000 00:00 0 
7f0f43f29000-7f0f43f2a000 r--p 00025000 08:04 5898433                    /lib/x86_64-linux-gnu/ld-2.23.so
7f0f43f2a000-7f0f43f2b000 rw-p 00026000 08:04 5898433                    /lib/x86_64-linux-gnu/ld-2.23.so
7f0f43f2b000-7f0f43f2c000 rw-p 00000000 00:00 0 
7ffc04c42000-7ffc04c63000 rw-p 00000000 00:00 0                          [stack]
7ffc04cad000-7ffc04caf000 r--p 00000000 00:00 0                          [vvar]
7ffc04caf000-7ffc04cb1000 r-xp 00000000 00:00 0                          [vdso]
ffffffffff600000-ffffffffff601000 r-xp 00000000 00:00 0                  [vsyscall]

VM Arguments:
jvm_args: -Djava.awt.headless=true -Xmx1024M -Dfile.encoding=UTF-8 -Duser.country=IN -Duser.language=en -Duser.variant 
java_command: com.android.dx.command.Main --dex --force-jumbo --output /home/akanksha/Documents/AndroidStudioProjects/Sunshine-Version-2-1.01_hello_world/app/build/intermediates/pre-dexed/debug/com.android.support-support-v4-22.2.0_eb300aaa666c9f08ee55b5849ac961446f771346.jar /home/akanksha/Documents/AndroidStudioProjects/Sunshine-Version-2-1.01_hello_world/app/build/intermediates/exploded-aar/com.android.support/support-v4/22.2.0/jars/classes.jar
java_class_path (initial): /home/akanksha/Android/Sdk/build-tools/21.1.2/lib/dx.jar
Launcher Type: SUN_STANDARD

Environment Variables:
JAVA_HOME=/usr/lib/jvm/java-8-oracle/jre/bin/java
PATH=/usr/local/sbin:/usr/local/bin:/usr/sbin:/usr/bin:/sbin:/bin:/usr/games:/usr/local/games:/snap/bin
LD_LIBRARY_PATH=/usr/local/android-studio/bin:
SHELL=/bin/bash
DISPLAY=:0

Signal Handlers:
SIGSEGV: [libjvm.so+0xabca10], sa_mask[0]=11111111011111111101111111111110, sa_flags=SA_RESTART|SA_SIGINFO
SIGBUS: [libjvm.so+0xabca10], sa_mask[0]=11111111011111111101111111111110, sa_flags=SA_RESTART|SA_SIGINFO
SIGFPE: [libjvm.so+0x919a20], sa_mask[0]=11111111011111111101111111111110, sa_flags=SA_RESTART|SA_SIGINFO
SIGPIPE: [libjvm.so+0x919a20], sa_mask[0]=11111111011111111101111111111110, sa_flags=SA_RESTART|SA_SIGINFO
SIGXFSZ: [libjvm.so+0x919a20], sa_mask[0]=11111111011111111101111111111110, sa_flags=SA_RESTART|SA_SIGINFO
SIGILL: [libjvm.so+0x919a20], sa_mask[0]=11111111011111111101111111111110, sa_flags=SA_RESTART|SA_SIGINFO
SIGUSR1: SIG_DFL, sa_mask[0]=00000000000000000000000000000000, sa_flags=none
SIGUSR2: [libjvm.so+0x91b050], sa_mask[0]=00100000000000000000000000000000, sa_flags=SA_RESTART|SA_SIGINFO
SIGHUP: [libjvm.so+0x91c450], sa_mask[0]=11111111011111111101111111111110, sa_flags=SA_RESTART|SA_SIGINFO
SIGINT: [libjvm.so+0x91c450], sa_mask[0]=11111111011111111101111111111110, sa_flags=SA_RESTART|SA_SIGINFO
SIGTERM: [libjvm.so+0x91c450], sa_mask[0]=11111111011111111101111111111110, sa_flags=SA_RESTART|SA_SIGINFO
SIGQUIT: [libjvm.so+0x91c450], sa_mask[0]=11111111011111111101111111111110, sa_flags=SA_RESTART|SA_SIGINFO


---------------  S Y S T E M  ---------------

OS:DISTRIB_ID=Ubuntu
DISTRIB_RELEASE=16.04
DISTRIB_CODENAME=xenial
DISTRIB_DESCRIPTION="Ubuntu 16.04.1 LTS"

uname:Linux 4.4.0-31-generic #50-Ubuntu SMP Wed Jul 13 00:07:12 UTC 2016 x86_64
libc:glibc 2.23 NPTL 2.23 
rlimit: STACK 8192k, CORE 0k, NPROC 15337, NOFILE 65536, AS infinity
load average:5.19 2.31 1.43

/proc/meminfo:
MemTotal:        3965112 kB
MemFree:          160864 kB
MemAvailable:      86788 kB
Buffers:            4388 kB
Cached:           242332 kB
SwapCached:            0 kB
Active:          3410136 kB
Inactive:         208532 kB
Active(anon):    3388844 kB
Inactive(anon):   168236 kB
Active(file):      21292 kB
Inactive(file):    40296 kB
Unevictable:          32 kB
Mlocked:              32 kB
SwapTotal:             0 kB
SwapFree:              0 kB
Dirty:             10232 kB
Writeback:             0 kB
AnonPages:       3372480 kB
Mapped:            80152 kB
Shmem:            184656 kB
Slab:              72232 kB
SReclaimable:      35168 kB
SUnreclaim:        37064 kB
KernelStack:       10752 kB
PageTables:        37868 kB
NFS_Unstable:          0 kB
Bounce:                0 kB
WritebackTmp:          0 kB
CommitLimit:     1982556 kB
Committed_AS:    7158948 kB
VmallocTotal:   34359738367 kB
VmallocUsed:           0 kB
VmallocChunk:          0 kB
HardwareCorrupted:     0 kB
AnonHugePages:   1710080 kB
CmaTotal:              0 kB
CmaFree:               0 kB
HugePages_Total:       0
HugePages_Free:        0
HugePages_Rsvd:        0
HugePages_Surp:        0
Hugepagesize:       2048 kB
DirectMap4k:      164924 kB
DirectMap2M:     3948544 kB
DirectMap1G:     1048576 kB


CPU:total 4 (2 cores per cpu, 2 threads per core) family 6 model 61 stepping 4, cmov, cx8, fxsr, mmx, sse, sse2, sse3, ssse3, sse4.1, sse4.2, popcnt, avx, avx2, aes, clmul, erms, 3dnowpref, lzcnt, ht, tsc, tscinvbit, bmi1, bmi2, adx

/proc/cpuinfo:
processor	: 0
vendor_id	: GenuineIntel
cpu family	: 6
model		: 61
model name	: Intel(R) Core(TM) i5-5200U CPU @ 2.20GHz
stepping	: 4
microcode	: 0x22
cpu MHz		: 2499.921
cache size	: 3072 KB
physical id	: 0
siblings	: 4
core id		: 0
cpu cores	: 2
apicid		: 0
initial apicid	: 0
fpu		: yes
fpu_exception	: yes
cpuid level	: 20
wp		: yes
flags		: fpu vme de pse tsc msr pae mce cx8 apic sep mtrr pge mca cmov pat pse36 clflush dts acpi mmx fxsr sse sse2 ss ht tm pbe syscall nx pdpe1gb rdtscp lm constant_tsc arch_perfmon pebs bts rep_good nopl xtopology nonstop_tsc aperfmperf eagerfpu pni pclmulqdq dtes64 monitor ds_cpl vmx est tm2 ssse3 sdbg fma cx16 xtpr pdcm pcid sse4_1 sse4_2 x2apic movbe popcnt tsc_deadline_timer aes xsave avx f16c rdrand lahf_lm abm 3dnowprefetch epb intel_pt tpr_shadow vnmi flexpriority ept vpid fsgsbase tsc_adjust bmi1 avx2 smep bmi2 erms invpcid rdseed adx smap xsaveopt dtherm ida arat pln pts
bugs		:
bogomips	: 4389.59
clflush size	: 64
cache_alignment	: 64
address sizes	: 39 bits physical, 48 bits virtual
power management:

processor	: 1
vendor_id	: GenuineIntel
cpu family	: 6
model		: 61
model name	: Intel(R) Core(TM) i5-5200U CPU @ 2.20GHz
stepping	: 4
microcode	: 0x22
cpu MHz		: 2499.921
cache size	: 3072 KB
physical id	: 0
siblings	: 4
core id		: 1
cpu cores	: 2
apicid		: 2
initial apicid	: 2
fpu		: yes
fpu_exception	: yes
cpuid level	: 20
wp		: yes
flags		: fpu vme de pse tsc msr pae mce cx8 apic sep mtrr pge mca cmov pat pse36 clflush dts acpi mmx fxsr sse sse2 ss ht tm pbe syscall nx pdpe1gb rdtscp lm constant_tsc arch_perfmon pebs bts rep_good nopl xtopology nonstop_tsc aperfmperf eagerfpu pni pclmulqdq dtes64 monitor ds_cpl vmx est tm2 ssse3 sdbg fma cx16 xtpr pdcm pcid sse4_1 sse4_2 x2apic movbe popcnt tsc_deadline_timer aes xsave avx f16c rdrand lahf_lm abm 3dnowprefetch epb intel_pt tpr_shadow vnmi flexpriority ept vpid fsgsbase tsc_adjust bmi1 avx2 smep bmi2 erms invpcid rdseed adx smap xsaveopt dtherm ida arat pln pts
bugs		:
bogomips	: 4389.59
clflush size	: 64
cache_alignment	: 64
address sizes	: 39 bits physical, 48 bits virtual
power management:

processor	: 2
vendor_id	: GenuineIntel
cpu family	: 6
model		: 61
model name	: Intel(R) Core(TM) i5-5200U CPU @ 2.20GHz
stepping	: 4
microcode	: 0x22
cpu MHz		: 2499.921
cache size	: 3072 KB
physical id	: 0
siblings	: 4
core id		: 0
cpu cores	: 2
apicid		: 1
initial apicid	: 1
fpu		: yes
fpu_exception	: yes
cpuid level	: 20
wp		: yes
flags		: fpu vme de pse tsc msr pae mce cx8 apic sep mtrr pge mca cmov pat pse36 clflush dts acpi mmx fxsr sse sse2 ss ht tm pbe syscall nx pdpe1gb rdtscp lm constant_tsc arch_perfmon pebs bts rep_good nopl xtopology nonstop_tsc aperfmperf eagerfpu pni pclmulqdq dtes64 monitor ds_cpl vmx est tm2 ssse3 sdbg fma cx16 xtpr pdcm pcid sse4_1 sse4_2 x2apic movbe popcnt tsc_deadline_timer aes xsave avx f16c rdrand lahf_lm abm 3dnowprefetch epb intel_pt tpr_shadow vnmi flexpriority ept vpid fsgsbase tsc_adjust bmi1 avx2 smep bmi2 erms invpcid rdseed adx smap xsaveopt dtherm ida arat pln pts
bugs		:
bogomips	: 4389.59
clflush size	: 64
cache_alignment	: 64
address sizes	: 39 bits physical, 48 bits virtual
power management:

processor	: 3
vendor_id	: GenuineIntel
cpu family	: 6
model		: 61
model name	: Intel(R) Core(TM) i5-5200U CPU @ 2.20GHz
stepping	: 4
microcode	: 0x22
cpu MHz		: 2499.921
cache size	: 3072 KB
physical id	: 0
siblings	: 4
core id		: 1
cpu cores	: 2
apicid		: 3
initial apicid	: 3
fpu		: yes
fpu_exception	: yes
cpuid level	: 20
wp		: yes
flags		: fpu vme de pse tsc msr pae mce cx8 apic sep mtrr pge mca cmov pat pse36 clflush dts acpi mmx fxsr sse sse2 ss ht tm pbe syscall nx pdpe1gb rdtscp lm constant_tsc arch_perfmon pebs bts rep_good nopl xtopology nonstop_tsc aperfmperf eagerfpu pni pclmulqdq dtes64 monitor ds_cpl vmx est tm2 ssse3 sdbg fma cx16 xtpr pdcm pcid sse4_1 sse4_2 x2apic movbe popcnt tsc_deadline_timer aes xsave avx f16c rdrand lahf_lm abm 3dnowprefetch epb intel_pt tpr_shadow vnmi flexpriority ept vpid fsgsbase tsc_adjust bmi1 avx2 smep bmi2 erms invpcid rdseed adx smap xsaveopt dtherm ida arat pln pts
bugs		:
bogomips	: 4389.59
clflush size	: 64
cache_alignment	: 64
address sizes	: 39 bits physical, 48 bits virtual
power management:



Memory: 4k page, physical 3965112k(160864k free), swap 0k(0k free)

vm_info: Java HotSpot(TM) 64-Bit Server VM (25.91-b14) for linux-amd64 JRE (1.8.0_91-b14), built on Apr  1 2016 00:57:21 by "java_re" with gcc 4.3.0 20080428 (Red Hat 4.3.0-8)

time: Tue Jul 26 14:54:26 2016
elapsed time: 18 seconds (0d 0h 0m 18s)

